[0.063s] Invoking command in '/home/laptop3/UoM/SoftwareForRobotics/coursework/coursework2/build/sfr_coursework2_interface_package': CMAKE_PREFIX_PATH=${CMAKE_PREFIX_PATH}:/home/laptop3/UoM/SoftwareForRobotics/coursework/coursework2/install/chrono_guardian_controller_pkg:/home/laptop3/UoM/SoftwareForRobotics/coursework/coursework2/install/chrono_guardian_bridge_pkg:/opt/ros/jazzy DEBUGINFOD_URLS=https://debuginfod.ubuntu.com /usr/bin/cmake --build /home/laptop3/UoM/SoftwareForRobotics/coursework/coursework2/build/sfr_coursework2_interface_package -- -j12 -l12
[0.257s] [  2%] Built target sfr_coursework2_interface_package__rosidl_generator_type_description
[0.301s] [  2%] Built target ament_cmake_python_copy_sfr_coursework2_interface_package
[0.337s] [ 17%] Built target sfr_coursework2_interface_package__rosidl_generator_c
[0.347s] [ 20%] Built target sfr_coursework2_interface_package__cpp
[0.424s] [ 47%] Built target sfr_coursework2_interface_package__rosidl_typesupport_introspection_c
[0.425s] [ 47%] Built target sfr_coursework2_interface_package__rosidl_typesupport_c
[0.425s] [ 47%] Built target sfr_coursework2_interface_package__rosidl_typesupport_fastrtps_c
[0.432s] [ 55%] Built target sfr_coursework2_interface_package__rosidl_typesupport_fastrtps_cpp
[0.435s] [ 64%] Built target sfr_coursework2_interface_package__rosidl_typesupport_cpp
[0.445s] [ 73%] Built target sfr_coursework2_interface_package__rosidl_typesupport_introspection_cpp
[0.520s] [ 73%] Built target sfr_coursework2_interface_package
[0.605s] [ 76%] Built target sfr_coursework2_interface_package__py
[0.687s] [ 82%] Built target sfr_coursework2_interface_package__rosidl_generator_py
[0.767s] [ 88%] Built target sfr_coursework2_interface_package_s__rosidl_typesupport_introspection_c
[0.770s] [ 94%] Built target sfr_coursework2_interface_package_s__rosidl_typesupport_c
[0.772s] [100%] Built target sfr_coursework2_interface_package_s__rosidl_typesupport_fastrtps_c
[1.311s] running egg_info
[1.408s] writing sfr_coursework2_interface_package.egg-info/PKG-INFO
[1.409s] writing dependency_links to sfr_coursework2_interface_package.egg-info/dependency_links.txt
[1.409s] writing top-level names to sfr_coursework2_interface_package.egg-info/top_level.txt
[1.723s] reading manifest file 'sfr_coursework2_interface_package.egg-info/SOURCES.txt'
[1.725s] writing manifest file 'sfr_coursework2_interface_package.egg-info/SOURCES.txt'
[1.837s] [100%] Built target ament_cmake_python_build_sfr_coursework2_interface_package_egg
[1.882s] Invoked command in '/home/laptop3/UoM/SoftwareForRobotics/coursework/coursework2/build/sfr_coursework2_interface_package' returned '0': CMAKE_PREFIX_PATH=${CMAKE_PREFIX_PATH}:/home/laptop3/UoM/SoftwareForRobotics/coursework/coursework2/install/chrono_guardian_controller_pkg:/home/laptop3/UoM/SoftwareForRobotics/coursework/coursework2/install/chrono_guardian_bridge_pkg:/opt/ros/jazzy DEBUGINFOD_URLS=https://debuginfod.ubuntu.com /usr/bin/cmake --build /home/laptop3/UoM/SoftwareForRobotics/coursework/coursework2/build/sfr_coursework2_interface_package -- -j12 -l12
[1.917s] Invoking command in '/home/laptop3/UoM/SoftwareForRobotics/coursework/coursework2/build/sfr_coursework2_interface_package': CMAKE_PREFIX_PATH=${CMAKE_PREFIX_PATH}:/home/laptop3/UoM/SoftwareForRobotics/coursework/coursework2/install/chrono_guardian_controller_pkg:/home/laptop3/UoM/SoftwareForRobotics/coursework/coursework2/install/chrono_guardian_bridge_pkg:/opt/ros/jazzy DEBUGINFOD_URLS=https://debuginfod.ubuntu.com /usr/bin/cmake --install /home/laptop3/UoM/SoftwareForRobotics/coursework/coursework2/build/sfr_coursework2_interface_package
[1.952s] -- Install configuration: ""
[1.952s] -- Up-to-date: /home/laptop3/UoM/SoftwareForRobotics/coursework/coursework2/install/sfr_coursework2_interface_package/share/ament_index/resource_index/rosidl_interfaces/sfr_coursework2_interface_package
[1.952s] -- Up-to-date: /home/laptop3/UoM/SoftwareForRobotics/coursework/coursework2/install/sfr_coursework2_interface_package/share/sfr_coursework2_interface_package/action/DroneControl.json
[1.952s] -- Up-to-date: /home/laptop3/UoM/SoftwareForRobotics/coursework/coursework2/install/sfr_coursework2_interface_package/include/sfr_coursework2_interface_package/sfr_coursework2_interface_package
[1.953s] -- Up-to-date: /home/laptop3/UoM/SoftwareForRobotics/coursework/coursework2/install/sfr_coursework2_interface_package/include/sfr_coursework2_interface_package/sfr_coursework2_interface_package/action
[1.953s] -- Up-to-date: /home/laptop3/UoM/SoftwareForRobotics/coursework/coursework2/install/sfr_coursework2_interface_package/include/sfr_coursework2_interface_package/sfr_coursework2_interface_package/action/detail
[1.953s] -- Up-to-date: /home/laptop3/UoM/SoftwareForRobotics/coursework/coursework2/install/sfr_coursework2_interface_package/include/sfr_coursework2_interface_package/sfr_coursework2_interface_package/action/detail/drone_control__type_support.h
[1.953s] -- Up-to-date: /home/laptop3/UoM/SoftwareForRobotics/coursework/coursework2/install/sfr_coursework2_interface_package/include/sfr_coursework2_interface_package/sfr_coursework2_interface_package/action/detail/drone_control__struct.h
[1.953s] -- Up-to-date: /home/laptop3/UoM/SoftwareForRobotics/coursework/coursework2/install/sfr_coursework2_interface_package/include/sfr_coursework2_interface_package/sfr_coursework2_interface_package/action/detail/drone_control__functions.h
[1.953s] -- Up-to-date: /home/laptop3/UoM/SoftwareForRobotics/coursework/coursework2/install/sfr_coursework2_interface_package/include/sfr_coursework2_interface_package/sfr_coursework2_interface_package/action/detail/drone_control__functions.c
[1.953s] -- Up-to-date: /home/laptop3/UoM/SoftwareForRobotics/coursework/coursework2/install/sfr_coursework2_interface_package/include/sfr_coursework2_interface_package/sfr_coursework2_interface_package/action/detail/drone_control__type_support.c
[1.953s] -- Up-to-date: /home/laptop3/UoM/SoftwareForRobotics/coursework/coursework2/install/sfr_coursework2_interface_package/include/sfr_coursework2_interface_package/sfr_coursework2_interface_package/action/detail/drone_control__description.c
[1.953s] -- Up-to-date: /home/laptop3/UoM/SoftwareForRobotics/coursework/coursework2/install/sfr_coursework2_interface_package/include/sfr_coursework2_interface_package/sfr_coursework2_interface_package/action/drone_control.h
[1.953s] -- Up-to-date: /home/laptop3/UoM/SoftwareForRobotics/coursework/coursework2/install/sfr_coursework2_interface_package/include/sfr_coursework2_interface_package/sfr_coursework2_interface_package/msg
[1.954s] -- Up-to-date: /home/laptop3/UoM/SoftwareForRobotics/coursework/coursework2/install/sfr_coursework2_interface_package/include/sfr_coursework2_interface_package/sfr_coursework2_interface_package/msg/rosidl_generator_c__visibility_control.h
[1.954s] -- Up-to-date: /home/laptop3/UoM/SoftwareForRobotics/coursework/coursework2/install/sfr_coursework2_interface_package/share/sfr_coursework2_interface_package/environment/library_path.sh
[1.954s] -- Up-to-date: /home/laptop3/UoM/SoftwareForRobotics/coursework/coursework2/install/sfr_coursework2_interface_package/share/sfr_coursework2_interface_package/environment/library_path.dsv
[1.954s] -- Up-to-date: /home/laptop3/UoM/SoftwareForRobotics/coursework/coursework2/install/sfr_coursework2_interface_package/lib/libsfr_coursework2_interface_package__rosidl_generator_c.so
[1.954s] -- Up-to-date: /home/laptop3/UoM/SoftwareForRobotics/coursework/coursework2/install/sfr_coursework2_interface_package/include/sfr_coursework2_interface_package/sfr_coursework2_interface_package
[1.954s] -- Up-to-date: /home/laptop3/UoM/SoftwareForRobotics/coursework/coursework2/install/sfr_coursework2_interface_package/include/sfr_coursework2_interface_package/sfr_coursework2_interface_package/action
[1.955s] -- Up-to-date: /home/laptop3/UoM/SoftwareForRobotics/coursework/coursework2/install/sfr_coursework2_interface_package/include/sfr_coursework2_interface_package/sfr_coursework2_interface_package/action/detail
[1.955s] -- Up-to-date: /home/laptop3/UoM/SoftwareForRobotics/coursework/coursework2/install/sfr_coursework2_interface_package/include/sfr_coursework2_interface_package/sfr_coursework2_interface_package/action/detail/drone_control__rosidl_typesupport_fastrtps_c.h
[1.955s] -- Up-to-date: /home/laptop3/UoM/SoftwareForRobotics/coursework/coursework2/install/sfr_coursework2_interface_package/include/sfr_coursework2_interface_package/sfr_coursework2_interface_package/msg
[1.955s] -- Up-to-date: /home/laptop3/UoM/SoftwareForRobotics/coursework/coursework2/install/sfr_coursework2_interface_package/include/sfr_coursework2_interface_package/sfr_coursework2_interface_package/msg/rosidl_typesupport_fastrtps_c__visibility_control.h
[1.955s] -- Up-to-date: /home/laptop3/UoM/SoftwareForRobotics/coursework/coursework2/install/sfr_coursework2_interface_package/lib/libsfr_coursework2_interface_package__rosidl_typesupport_fastrtps_c.so
[1.955s] -- Up-to-date: /home/laptop3/UoM/SoftwareForRobotics/coursework/coursework2/install/sfr_coursework2_interface_package/include/sfr_coursework2_interface_package/sfr_coursework2_interface_package
[1.955s] -- Up-to-date: /home/laptop3/UoM/SoftwareForRobotics/coursework/coursework2/install/sfr_coursework2_interface_package/include/sfr_coursework2_interface_package/sfr_coursework2_interface_package/action
[1.956s] -- Up-to-date: /home/laptop3/UoM/SoftwareForRobotics/coursework/coursework2/install/sfr_coursework2_interface_package/include/sfr_coursework2_interface_package/sfr_coursework2_interface_package/action/detail
[1.956s] -- Up-to-date: /home/laptop3/UoM/SoftwareForRobotics/coursework/coursework2/install/sfr_coursework2_interface_package/include/sfr_coursework2_interface_package/sfr_coursework2_interface_package/action/detail/drone_control__struct.hpp
[1.956s] -- Up-to-date: /home/laptop3/UoM/SoftwareForRobotics/coursework/coursework2/install/sfr_coursework2_interface_package/include/sfr_coursework2_interface_package/sfr_coursework2_interface_package/action/detail/drone_control__traits.hpp
[1.957s] -- Up-to-date: /home/laptop3/UoM/SoftwareForRobotics/coursework/coursework2/install/sfr_coursework2_interface_package/include/sfr_coursework2_interface_package/sfr_coursework2_interface_package/action/detail/drone_control__builder.hpp
[1.958s] -- Up-to-date: /home/laptop3/UoM/SoftwareForRobotics/coursework/coursework2/install/sfr_coursework2_interface_package/include/sfr_coursework2_interface_package/sfr_coursework2_interface_package/action/detail/drone_control__type_support.hpp
[1.959s] -- Up-to-date: /home/laptop3/UoM/SoftwareForRobotics/coursework/coursework2/install/sfr_coursework2_interface_package/include/sfr_coursework2_interface_package/sfr_coursework2_interface_package/action/drone_control.hpp
[1.960s] -- Up-to-date: /home/laptop3/UoM/SoftwareForRobotics/coursework/coursework2/install/sfr_coursework2_interface_package/include/sfr_coursework2_interface_package/sfr_coursework2_interface_package/msg
[1.960s] -- Up-to-date: /home/laptop3/UoM/SoftwareForRobotics/coursework/coursework2/install/sfr_coursework2_interface_package/include/sfr_coursework2_interface_package/sfr_coursework2_interface_package/msg/rosidl_generator_cpp__visibility_control.hpp
[1.961s] -- Up-to-date: /home/laptop3/UoM/SoftwareForRobotics/coursework/coursework2/install/sfr_coursework2_interface_package/include/sfr_coursework2_interface_package/sfr_coursework2_interface_package
[1.961s] -- Up-to-date: /home/laptop3/UoM/SoftwareForRobotics/coursework/coursework2/install/sfr_coursework2_interface_package/include/sfr_coursework2_interface_package/sfr_coursework2_interface_package/action
[1.961s] -- Up-to-date: /home/laptop3/UoM/SoftwareForRobotics/coursework/coursework2/install/sfr_coursework2_interface_package/include/sfr_coursework2_interface_package/sfr_coursework2_interface_package/action/detail
[1.962s] -- Up-to-date: /home/laptop3/UoM/SoftwareForRobotics/coursework/coursework2/install/sfr_coursework2_interface_package/include/sfr_coursework2_interface_package/sfr_coursework2_interface_package/action/detail/drone_control__rosidl_typesupport_fastrtps_cpp.hpp
[1.962s] -- Up-to-date: /home/laptop3/UoM/SoftwareForRobotics/coursework/coursework2/install/sfr_coursework2_interface_package/include/sfr_coursework2_interface_package/sfr_coursework2_interface_package/action/detail/dds_fastrtps
[1.963s] -- Up-to-date: /home/laptop3/UoM/SoftwareForRobotics/coursework/coursework2/install/sfr_coursework2_interface_package/include/sfr_coursework2_interface_package/sfr_coursework2_interface_package/msg
[1.963s] -- Up-to-date: /home/laptop3/UoM/SoftwareForRobotics/coursework/coursework2/install/sfr_coursework2_interface_package/include/sfr_coursework2_interface_package/sfr_coursework2_interface_package/msg/rosidl_typesupport_fastrtps_cpp__visibility_control.h
[1.964s] -- Up-to-date: /home/laptop3/UoM/SoftwareForRobotics/coursework/coursework2/install/sfr_coursework2_interface_package/lib/libsfr_coursework2_interface_package__rosidl_typesupport_fastrtps_cpp.so
[1.965s] -- Up-to-date: /home/laptop3/UoM/SoftwareForRobotics/coursework/coursework2/install/sfr_coursework2_interface_package/include/sfr_coursework2_interface_package/sfr_coursework2_interface_package
[1.965s] -- Up-to-date: /home/laptop3/UoM/SoftwareForRobotics/coursework/coursework2/install/sfr_coursework2_interface_package/include/sfr_coursework2_interface_package/sfr_coursework2_interface_package/action
[1.965s] -- Up-to-date: /home/laptop3/UoM/SoftwareForRobotics/coursework/coursework2/install/sfr_coursework2_interface_package/include/sfr_coursework2_interface_package/sfr_coursework2_interface_package/action/detail
[1.966s] -- Up-to-date: /home/laptop3/UoM/SoftwareForRobotics/coursework/coursework2/install/sfr_coursework2_interface_package/include/sfr_coursework2_interface_package/sfr_coursework2_interface_package/action/detail/drone_control__rosidl_typesupport_introspection_c.h
[1.966s] -- Up-to-date: /home/laptop3/UoM/SoftwareForRobotics/coursework/coursework2/install/sfr_coursework2_interface_package/include/sfr_coursework2_interface_package/sfr_coursework2_interface_package/action/detail/drone_control__type_support.c
[1.966s] -- Up-to-date: /home/laptop3/UoM/SoftwareForRobotics/coursework/coursework2/install/sfr_coursework2_interface_package/include/sfr_coursework2_interface_package/sfr_coursework2_interface_package/msg
[1.966s] -- Up-to-date: /home/laptop3/UoM/SoftwareForRobotics/coursework/coursework2/install/sfr_coursework2_interface_package/include/sfr_coursework2_interface_package/sfr_coursework2_interface_package/msg/rosidl_typesupport_introspection_c__visibility_control.h
[1.967s] -- Up-to-date: /home/laptop3/UoM/SoftwareForRobotics/coursework/coursework2/install/sfr_coursework2_interface_package/lib/libsfr_coursework2_interface_package__rosidl_typesupport_introspection_c.so
[1.967s] -- Up-to-date: /home/laptop3/UoM/SoftwareForRobotics/coursework/coursework2/install/sfr_coursework2_interface_package/lib/libsfr_coursework2_interface_package__rosidl_typesupport_c.so
[1.967s] -- Up-to-date: /home/laptop3/UoM/SoftwareForRobotics/coursework/coursework2/install/sfr_coursework2_interface_package/include/sfr_coursework2_interface_package/sfr_coursework2_interface_package
[1.967s] -- Up-to-date: /home/laptop3/UoM/SoftwareForRobotics/coursework/coursework2/install/sfr_coursework2_interface_package/include/sfr_coursework2_interface_package/sfr_coursework2_interface_package/action
[1.967s] -- Up-to-date: /home/laptop3/UoM/SoftwareForRobotics/coursework/coursework2/install/sfr_coursework2_interface_package/include/sfr_coursework2_interface_package/sfr_coursework2_interface_package/action/detail
[1.968s] -- Up-to-date: /home/laptop3/UoM/SoftwareForRobotics/coursework/coursework2/install/sfr_coursework2_interface_package/include/sfr_coursework2_interface_package/sfr_coursework2_interface_package/action/detail/drone_control__type_support.cpp
[1.968s] -- Up-to-date: /home/laptop3/UoM/SoftwareForRobotics/coursework/coursework2/install/sfr_coursework2_interface_package/include/sfr_coursework2_interface_package/sfr_coursework2_interface_package/action/detail/drone_control__rosidl_typesupport_introspection_cpp.hpp
[1.968s] -- Up-to-date: /home/laptop3/UoM/SoftwareForRobotics/coursework/coursework2/install/sfr_coursework2_interface_package/lib/libsfr_coursework2_interface_package__rosidl_typesupport_introspection_cpp.so
[1.969s] -- Up-to-date: /home/laptop3/UoM/SoftwareForRobotics/coursework/coursework2/install/sfr_coursework2_interface_package/lib/libsfr_coursework2_interface_package__rosidl_typesupport_cpp.so
[1.969s] -- Up-to-date: /home/laptop3/UoM/SoftwareForRobotics/coursework/coursework2/install/sfr_coursework2_interface_package/share/sfr_coursework2_interface_package/environment/pythonpath.sh
[1.969s] -- Up-to-date: /home/laptop3/UoM/SoftwareForRobotics/coursework/coursework2/install/sfr_coursework2_interface_package/share/sfr_coursework2_interface_package/environment/pythonpath.dsv
[1.969s] -- Up-to-date: /home/laptop3/UoM/SoftwareForRobotics/coursework/coursework2/install/sfr_coursework2_interface_package/lib/python3.12/site-packages/sfr_coursework2_interface_package-0.0.0-py3.12.egg-info
[1.969s] -- Installing: /home/laptop3/UoM/SoftwareForRobotics/coursework/coursework2/install/sfr_coursework2_interface_package/lib/python3.12/site-packages/sfr_coursework2_interface_package-0.0.0-py3.12.egg-info/SOURCES.txt
[1.970s] -- Installing: /home/laptop3/UoM/SoftwareForRobotics/coursework/coursework2/install/sfr_coursework2_interface_package/lib/python3.12/site-packages/sfr_coursework2_interface_package-0.0.0-py3.12.egg-info/PKG-INFO
[1.970s] -- Installing: /home/laptop3/UoM/SoftwareForRobotics/coursework/coursework2/install/sfr_coursework2_interface_package/lib/python3.12/site-packages/sfr_coursework2_interface_package-0.0.0-py3.12.egg-info/dependency_links.txt
[1.970s] -- Installing: /home/laptop3/UoM/SoftwareForRobotics/coursework/coursework2/install/sfr_coursework2_interface_package/lib/python3.12/site-packages/sfr_coursework2_interface_package-0.0.0-py3.12.egg-info/top_level.txt
[1.970s] -- Up-to-date: /home/laptop3/UoM/SoftwareForRobotics/coursework/coursework2/install/sfr_coursework2_interface_package/lib/python3.12/site-packages/sfr_coursework2_interface_package
[1.970s] -- Up-to-date: /home/laptop3/UoM/SoftwareForRobotics/coursework/coursework2/install/sfr_coursework2_interface_package/lib/python3.12/site-packages/sfr_coursework2_interface_package/_sfr_coursework2_interface_package_s.ep.rosidl_typesupport_introspection_c.c
[1.970s] -- Up-to-date: /home/laptop3/UoM/SoftwareForRobotics/coursework/coursework2/install/sfr_coursework2_interface_package/lib/python3.12/site-packages/sfr_coursework2_interface_package/action
[1.971s] -- Up-to-date: /home/laptop3/UoM/SoftwareForRobotics/coursework/coursework2/install/sfr_coursework2_interface_package/lib/python3.12/site-packages/sfr_coursework2_interface_package/action/_drone_control.py
[1.971s] -- Up-to-date: /home/laptop3/UoM/SoftwareForRobotics/coursework/coursework2/install/sfr_coursework2_interface_package/lib/python3.12/site-packages/sfr_coursework2_interface_package/action/__init__.py
[1.971s] -- Up-to-date: /home/laptop3/UoM/SoftwareForRobotics/coursework/coursework2/install/sfr_coursework2_interface_package/lib/python3.12/site-packages/sfr_coursework2_interface_package/action/_drone_control_s.c
[1.971s] -- Up-to-date: /home/laptop3/UoM/SoftwareForRobotics/coursework/coursework2/install/sfr_coursework2_interface_package/lib/python3.12/site-packages/sfr_coursework2_interface_package/sfr_coursework2_interface_package_s__rosidl_typesupport_c.so
[1.971s] -- Up-to-date: /home/laptop3/UoM/SoftwareForRobotics/coursework/coursework2/install/sfr_coursework2_interface_package/lib/python3.12/site-packages/sfr_coursework2_interface_package/sfr_coursework2_interface_package_s__rosidl_typesupport_fastrtps_c.so
[1.972s] -- Up-to-date: /home/laptop3/UoM/SoftwareForRobotics/coursework/coursework2/install/sfr_coursework2_interface_package/lib/python3.12/site-packages/sfr_coursework2_interface_package/__init__.py
[1.972s] -- Up-to-date: /home/laptop3/UoM/SoftwareForRobotics/coursework/coursework2/install/sfr_coursework2_interface_package/lib/python3.12/site-packages/sfr_coursework2_interface_package/_sfr_coursework2_interface_package_s.ep.rosidl_typesupport_c.c
[1.972s] -- Up-to-date: /home/laptop3/UoM/SoftwareForRobotics/coursework/coursework2/install/sfr_coursework2_interface_package/lib/python3.12/site-packages/sfr_coursework2_interface_package/sfr_coursework2_interface_package_s__rosidl_typesupport_introspection_c.so
[1.972s] -- Up-to-date: /home/laptop3/UoM/SoftwareForRobotics/coursework/coursework2/install/sfr_coursework2_interface_package/lib/python3.12/site-packages/sfr_coursework2_interface_package/_sfr_coursework2_interface_package_s.ep.rosidl_typesupport_fastrtps_c.c
[2.098s] Listing '/home/laptop3/UoM/SoftwareForRobotics/coursework/coursework2/install/sfr_coursework2_interface_package/lib/python3.12/site-packages/sfr_coursework2_interface_package'...
[2.098s] Listing '/home/laptop3/UoM/SoftwareForRobotics/coursework/coursework2/install/sfr_coursework2_interface_package/lib/python3.12/site-packages/sfr_coursework2_interface_package/action'...
[2.121s] -- Up-to-date: /home/laptop3/UoM/SoftwareForRobotics/coursework/coursework2/install/sfr_coursework2_interface_package/lib/python3.12/site-packages/sfr_coursework2_interface_package/sfr_coursework2_interface_package_s__rosidl_typesupport_fastrtps_c.so
[2.121s] -- Up-to-date: /home/laptop3/UoM/SoftwareForRobotics/coursework/coursework2/install/sfr_coursework2_interface_package/lib/python3.12/site-packages/sfr_coursework2_interface_package/sfr_coursework2_interface_package_s__rosidl_typesupport_introspection_c.so
[2.121s] -- Up-to-date: /home/laptop3/UoM/SoftwareForRobotics/coursework/coursework2/install/sfr_coursework2_interface_package/lib/python3.12/site-packages/sfr_coursework2_interface_package/sfr_coursework2_interface_package_s__rosidl_typesupport_c.so
[2.122s] -- Up-to-date: /home/laptop3/UoM/SoftwareForRobotics/coursework/coursework2/install/sfr_coursework2_interface_package/lib/libsfr_coursework2_interface_package__rosidl_generator_py.so
[2.124s] -- Up-to-date: /home/laptop3/UoM/SoftwareForRobotics/coursework/coursework2/install/sfr_coursework2_interface_package/share/sfr_coursework2_interface_package/action/DroneControl.idl
[2.124s] -- Up-to-date: /home/laptop3/UoM/SoftwareForRobotics/coursework/coursework2/install/sfr_coursework2_interface_package/share/sfr_coursework2_interface_package/action/DroneControl.action
[2.125s] -- Up-to-date: /home/laptop3/UoM/SoftwareForRobotics/coursework/coursework2/install/sfr_coursework2_interface_package/share/ament_index/resource_index/package_run_dependencies/sfr_coursework2_interface_package
[2.126s] -- Up-to-date: /home/laptop3/UoM/SoftwareForRobotics/coursework/coursework2/install/sfr_coursework2_interface_package/share/ament_index/resource_index/parent_prefix_path/sfr_coursework2_interface_package
[2.126s] -- Up-to-date: /home/laptop3/UoM/SoftwareForRobotics/coursework/coursework2/install/sfr_coursework2_interface_package/share/sfr_coursework2_interface_package/environment/ament_prefix_path.sh
[2.127s] -- Up-to-date: /home/laptop3/UoM/SoftwareForRobotics/coursework/coursework2/install/sfr_coursework2_interface_package/share/sfr_coursework2_interface_package/environment/ament_prefix_path.dsv
[2.127s] -- Up-to-date: /home/laptop3/UoM/SoftwareForRobotics/coursework/coursework2/install/sfr_coursework2_interface_package/share/sfr_coursework2_interface_package/environment/path.sh
[2.127s] -- Up-to-date: /home/laptop3/UoM/SoftwareForRobotics/coursework/coursework2/install/sfr_coursework2_interface_package/share/sfr_coursework2_interface_package/environment/path.dsv
[2.128s] -- Up-to-date: /home/laptop3/UoM/SoftwareForRobotics/coursework/coursework2/install/sfr_coursework2_interface_package/share/sfr_coursework2_interface_package/local_setup.bash
[2.128s] -- Up-to-date: /home/laptop3/UoM/SoftwareForRobotics/coursework/coursework2/install/sfr_coursework2_interface_package/share/sfr_coursework2_interface_package/local_setup.sh
[2.129s] -- Up-to-date: /home/laptop3/UoM/SoftwareForRobotics/coursework/coursework2/install/sfr_coursework2_interface_package/share/sfr_coursework2_interface_package/local_setup.zsh
[2.129s] -- Up-to-date: /home/laptop3/UoM/SoftwareForRobotics/coursework/coursework2/install/sfr_coursework2_interface_package/share/sfr_coursework2_interface_package/local_setup.dsv
[2.130s] -- Installing: /home/laptop3/UoM/SoftwareForRobotics/coursework/coursework2/install/sfr_coursework2_interface_package/share/sfr_coursework2_interface_package/package.dsv
[2.130s] -- Up-to-date: /home/laptop3/UoM/SoftwareForRobotics/coursework/coursework2/install/sfr_coursework2_interface_package/share/ament_index/resource_index/packages/sfr_coursework2_interface_package
[2.130s] -- Up-to-date: /home/laptop3/UoM/SoftwareForRobotics/coursework/coursework2/install/sfr_coursework2_interface_package/share/sfr_coursework2_interface_package/cmake/export_sfr_coursework2_interface_package__rosidl_generator_cExport.cmake
[2.131s] -- Up-to-date: /home/laptop3/UoM/SoftwareForRobotics/coursework/coursework2/install/sfr_coursework2_interface_package/share/sfr_coursework2_interface_package/cmake/export_sfr_coursework2_interface_package__rosidl_generator_cExport-noconfig.cmake
[2.131s] -- Up-to-date: /home/laptop3/UoM/SoftwareForRobotics/coursework/coursework2/install/sfr_coursework2_interface_package/share/sfr_coursework2_interface_package/cmake/export_sfr_coursework2_interface_package__rosidl_typesupport_fastrtps_cExport.cmake
[2.131s] -- Up-to-date: /home/laptop3/UoM/SoftwareForRobotics/coursework/coursework2/install/sfr_coursework2_interface_package/share/sfr_coursework2_interface_package/cmake/export_sfr_coursework2_interface_package__rosidl_typesupport_fastrtps_cExport-noconfig.cmake
[2.131s] -- Up-to-date: /home/laptop3/UoM/SoftwareForRobotics/coursework/coursework2/install/sfr_coursework2_interface_package/share/sfr_coursework2_interface_package/cmake/export_sfr_coursework2_interface_package__rosidl_generator_cppExport.cmake
[2.132s] -- Up-to-date: /home/laptop3/UoM/SoftwareForRobotics/coursework/coursework2/install/sfr_coursework2_interface_package/share/sfr_coursework2_interface_package/cmake/export_sfr_coursework2_interface_package__rosidl_typesupport_fastrtps_cppExport.cmake
[2.132s] -- Up-to-date: /home/laptop3/UoM/SoftwareForRobotics/coursework/coursework2/install/sfr_coursework2_interface_package/share/sfr_coursework2_interface_package/cmake/export_sfr_coursework2_interface_package__rosidl_typesupport_fastrtps_cppExport-noconfig.cmake
[2.132s] -- Up-to-date: /home/laptop3/UoM/SoftwareForRobotics/coursework/coursework2/install/sfr_coursework2_interface_package/share/sfr_coursework2_interface_package/cmake/sfr_coursework2_interface_package__rosidl_typesupport_introspection_cExport.cmake
[2.132s] -- Up-to-date: /home/laptop3/UoM/SoftwareForRobotics/coursework/coursework2/install/sfr_coursework2_interface_package/share/sfr_coursework2_interface_package/cmake/sfr_coursework2_interface_package__rosidl_typesupport_introspection_cExport-noconfig.cmake
[2.133s] -- Up-to-date: /home/laptop3/UoM/SoftwareForRobotics/coursework/coursework2/install/sfr_coursework2_interface_package/share/sfr_coursework2_interface_package/cmake/sfr_coursework2_interface_package__rosidl_typesupport_cExport.cmake
[2.133s] -- Up-to-date: /home/laptop3/UoM/SoftwareForRobotics/coursework/coursework2/install/sfr_coursework2_interface_package/share/sfr_coursework2_interface_package/cmake/sfr_coursework2_interface_package__rosidl_typesupport_cExport-noconfig.cmake
[2.134s] -- Up-to-date: /home/laptop3/UoM/SoftwareForRobotics/coursework/coursework2/install/sfr_coursework2_interface_package/share/sfr_coursework2_interface_package/cmake/sfr_coursework2_interface_package__rosidl_typesupport_introspection_cppExport.cmake
[2.134s] -- Up-to-date: /home/laptop3/UoM/SoftwareForRobotics/coursework/coursework2/install/sfr_coursework2_interface_package/share/sfr_coursework2_interface_package/cmake/sfr_coursework2_interface_package__rosidl_typesupport_introspection_cppExport-noconfig.cmake
[2.134s] -- Up-to-date: /home/laptop3/UoM/SoftwareForRobotics/coursework/coursework2/install/sfr_coursework2_interface_package/share/sfr_coursework2_interface_package/cmake/sfr_coursework2_interface_package__rosidl_typesupport_cppExport.cmake
[2.134s] -- Up-to-date: /home/laptop3/UoM/SoftwareForRobotics/coursework/coursework2/install/sfr_coursework2_interface_package/share/sfr_coursework2_interface_package/cmake/sfr_coursework2_interface_package__rosidl_typesupport_cppExport-noconfig.cmake
[2.135s] -- Up-to-date: /home/laptop3/UoM/SoftwareForRobotics/coursework/coursework2/install/sfr_coursework2_interface_package/share/sfr_coursework2_interface_package/cmake/export_sfr_coursework2_interface_package__rosidl_generator_pyExport.cmake
[2.135s] -- Up-to-date: /home/laptop3/UoM/SoftwareForRobotics/coursework/coursework2/install/sfr_coursework2_interface_package/share/sfr_coursework2_interface_package/cmake/export_sfr_coursework2_interface_package__rosidl_generator_pyExport-noconfig.cmake
[2.135s] -- Up-to-date: /home/laptop3/UoM/SoftwareForRobotics/coursework/coursework2/install/sfr_coursework2_interface_package/share/sfr_coursework2_interface_package/cmake/rosidl_cmake-extras.cmake
[2.135s] -- Up-to-date: /home/laptop3/UoM/SoftwareForRobotics/coursework/coursework2/install/sfr_coursework2_interface_package/share/sfr_coursework2_interface_package/cmake/ament_cmake_export_dependencies-extras.cmake
[2.135s] -- Up-to-date: /home/laptop3/UoM/SoftwareForRobotics/coursework/coursework2/install/sfr_coursework2_interface_package/share/sfr_coursework2_interface_package/cmake/ament_cmake_export_include_directories-extras.cmake
[2.135s] -- Up-to-date: /home/laptop3/UoM/SoftwareForRobotics/coursework/coursework2/install/sfr_coursework2_interface_package/share/sfr_coursework2_interface_package/cmake/ament_cmake_export_libraries-extras.cmake
[2.135s] -- Up-to-date: /home/laptop3/UoM/SoftwareForRobotics/coursework/coursework2/install/sfr_coursework2_interface_package/share/sfr_coursework2_interface_package/cmake/ament_cmake_export_targets-extras.cmake
[2.135s] -- Up-to-date: /home/laptop3/UoM/SoftwareForRobotics/coursework/coursework2/install/sfr_coursework2_interface_package/share/sfr_coursework2_interface_package/cmake/rosidl_cmake_export_typesupport_targets-extras.cmake
[2.135s] -- Up-to-date: /home/laptop3/UoM/SoftwareForRobotics/coursework/coursework2/install/sfr_coursework2_interface_package/share/sfr_coursework2_interface_package/cmake/rosidl_cmake_export_typesupport_libraries-extras.cmake
[2.135s] -- Up-to-date: /home/laptop3/UoM/SoftwareForRobotics/coursework/coursework2/install/sfr_coursework2_interface_package/share/sfr_coursework2_interface_package/cmake/sfr_coursework2_interface_packageConfig.cmake
[2.136s] -- Up-to-date: /home/laptop3/UoM/SoftwareForRobotics/coursework/coursework2/install/sfr_coursework2_interface_package/share/sfr_coursework2_interface_package/cmake/sfr_coursework2_interface_packageConfig-version.cmake
[2.136s] -- Up-to-date: /home/laptop3/UoM/SoftwareForRobotics/coursework/coursework2/install/sfr_coursework2_interface_package/share/sfr_coursework2_interface_package/package.xml
[2.138s] Invoked command in '/home/laptop3/UoM/SoftwareForRobotics/coursework/coursework2/build/sfr_coursework2_interface_package' returned '0': CMAKE_PREFIX_PATH=${CMAKE_PREFIX_PATH}:/home/laptop3/UoM/SoftwareForRobotics/coursework/coursework2/install/chrono_guardian_controller_pkg:/home/laptop3/UoM/SoftwareForRobotics/coursework/coursework2/install/chrono_guardian_bridge_pkg:/opt/ros/jazzy DEBUGINFOD_URLS=https://debuginfod.ubuntu.com /usr/bin/cmake --install /home/laptop3/UoM/SoftwareForRobotics/coursework/coursework2/build/sfr_coursework2_interface_package
