[1.173s] Invoking command in '/home/laptop3/UoM/SoftwareForRobotics/coursework/coursework2/src/chrono_guardian_bridge_pkg': DEBUGINFOD_URLS=https://debuginfod.ubuntu.com PYTHONPATH=/home/laptop3/UoM/SoftwareForRobotics/coursework/coursework2/build/chrono_guardian_bridge_pkg/prefix_override:/usr/lib/python3/dist-packages/colcon_core/task/python/colcon_distutils_commands:/home/laptop3/UoM/SoftwareForRobotics/coursework/coursework2/install/chrono_guardian_bridge_pkg/lib/python3.12/site-packages:${PYTHONPATH} /usr/bin/python3 -W ignore:setup.py install is deprecated -W ignore:easy_install command is deprecated setup.py egg_info --egg-base ../../build/chrono_guardian_bridge_pkg build --build-base /home/laptop3/UoM/SoftwareForRobotics/coursework/coursework2/build/chrono_guardian_bridge_pkg/build install --record /home/laptop3/UoM/SoftwareForRobotics/coursework/coursework2/build/chrono_guardian_bridge_pkg/install.log --single-version-externally-managed install_data
[1.496s] running egg_info
[1.497s] creating ../../build/chrono_guardian_bridge_pkg/chrono_guardian_bridge_pkg.egg-info
[1.518s] writing ../../build/chrono_guardian_bridge_pkg/chrono_guardian_bridge_pkg.egg-info/PKG-INFO
[1.519s] writing dependency_links to ../../build/chrono_guardian_bridge_pkg/chrono_guardian_bridge_pkg.egg-info/dependency_links.txt
[1.519s] writing requirements to ../../build/chrono_guardian_bridge_pkg/chrono_guardian_bridge_pkg.egg-info/requires.txt
[1.519s] writing top-level names to ../../build/chrono_guardian_bridge_pkg/chrono_guardian_bridge_pkg.egg-info/top_level.txt
[1.519s] writing manifest file '../../build/chrono_guardian_bridge_pkg/chrono_guardian_bridge_pkg.egg-info/SOURCES.txt'
[1.563s] reading manifest file '../../build/chrono_guardian_bridge_pkg/chrono_guardian_bridge_pkg.egg-info/SOURCES.txt'
[1.564s] writing manifest file '../../build/chrono_guardian_bridge_pkg/chrono_guardian_bridge_pkg.egg-info/SOURCES.txt'
[1.564s] running build
[1.564s] running build_py
[1.564s] creating /home/laptop3/UoM/SoftwareForRobotics/coursework/coursework2/build/chrono_guardian_bridge_pkg/build
[1.564s] creating /home/laptop3/UoM/SoftwareForRobotics/coursework/coursework2/build/chrono_guardian_bridge_pkg/build/lib
[1.564s] creating /home/laptop3/UoM/SoftwareForRobotics/coursework/coursework2/build/chrono_guardian_bridge_pkg/build/lib/chrono_guardian_bridge_pkg
[1.564s] copying chrono_guardian_bridge_pkg/__init__.py -> /home/laptop3/UoM/SoftwareForRobotics/coursework/coursework2/build/chrono_guardian_bridge_pkg/build/lib/chrono_guardian_bridge_pkg
[1.565s] running install
[1.572s] running install_lib
[1.592s] creating /home/laptop3/UoM/SoftwareForRobotics/coursework/coursework2/install/chrono_guardian_bridge_pkg/lib/python3.12/site-packages/chrono_guardian_bridge_pkg
[1.593s] copying /home/laptop3/UoM/SoftwareForRobotics/coursework/coursework2/build/chrono_guardian_bridge_pkg/build/lib/chrono_guardian_bridge_pkg/__init__.py -> /home/laptop3/UoM/SoftwareForRobotics/coursework/coursework2/install/chrono_guardian_bridge_pkg/lib/python3.12/site-packages/chrono_guardian_bridge_pkg
[1.593s] byte-compiling /home/laptop3/UoM/SoftwareForRobotics/coursework/coursework2/install/chrono_guardian_bridge_pkg/lib/python3.12/site-packages/chrono_guardian_bridge_pkg/__init__.py to __init__.cpython-312.pyc
[1.593s] running install_data
[1.593s] creating /home/laptop3/UoM/SoftwareForRobotics/coursework/coursework2/install/chrono_guardian_bridge_pkg/share/ament_index
[1.593s] creating /home/laptop3/UoM/SoftwareForRobotics/coursework/coursework2/install/chrono_guardian_bridge_pkg/share/ament_index/resource_index
[1.593s] creating /home/laptop3/UoM/SoftwareForRobotics/coursework/coursework2/install/chrono_guardian_bridge_pkg/share/ament_index/resource_index/packages
[1.594s] copying resource/chrono_guardian_bridge_pkg -> /home/laptop3/UoM/SoftwareForRobotics/coursework/coursework2/install/chrono_guardian_bridge_pkg/share/ament_index/resource_index/packages
[1.594s] copying package.xml -> /home/laptop3/UoM/SoftwareForRobotics/coursework/coursework2/install/chrono_guardian_bridge_pkg/share/chrono_guardian_bridge_pkg
[1.594s] running install_egg_info
[1.617s] Copying ../../build/chrono_guardian_bridge_pkg/chrono_guardian_bridge_pkg.egg-info to /home/laptop3/UoM/SoftwareForRobotics/coursework/coursework2/install/chrono_guardian_bridge_pkg/lib/python3.12/site-packages/chrono_guardian_bridge_pkg-0.0.0-py3.12.egg-info
[1.618s] running install_scripts
[1.767s] writing list of installed files to '/home/laptop3/UoM/SoftwareForRobotics/coursework/coursework2/build/chrono_guardian_bridge_pkg/install.log'
[1.801s] Invoked command in '/home/laptop3/UoM/SoftwareForRobotics/coursework/coursework2/src/chrono_guardian_bridge_pkg' returned '0': DEBUGINFOD_URLS=https://debuginfod.ubuntu.com PYTHONPATH=/home/laptop3/UoM/SoftwareForRobotics/coursework/coursework2/build/chrono_guardian_bridge_pkg/prefix_override:/usr/lib/python3/dist-packages/colcon_core/task/python/colcon_distutils_commands:/home/laptop3/UoM/SoftwareForRobotics/coursework/coursework2/install/chrono_guardian_bridge_pkg/lib/python3.12/site-packages:${PYTHONPATH} /usr/bin/python3 -W ignore:setup.py install is deprecated -W ignore:easy_install command is deprecated setup.py egg_info --egg-base ../../build/chrono_guardian_bridge_pkg build --build-base /home/laptop3/UoM/SoftwareForRobotics/coursework/coursework2/build/chrono_guardian_bridge_pkg/build install --record /home/laptop3/UoM/SoftwareForRobotics/coursework/coursework2/build/chrono_guardian_bridge_pkg/install.log --single-version-externally-managed install_data
