[1.016s] Invoking command in '/home/laptop3/UoM/SoftwareForRobotics/coursework/coursework2/src/chrono_guardian_bridge_pkg': DEBUGINFOD_URLS=https://debuginfod.ubuntu.com PYTHONPATH=/home/laptop3/UoM/SoftwareForRobotics/coursework/coursework2/build/chrono_guardian_bridge_pkg/prefix_override:/usr/lib/python3/dist-packages/colcon_core/task/python/colcon_distutils_commands:/home/laptop3/UoM/SoftwareForRobotics/coursework/coursework2/install/chrono_guardian_bridge_pkg/lib/python3.12/site-packages:${PYTHONPATH} /usr/bin/python3 -W ignore:setup.py install is deprecated -W ignore:easy_install command is deprecated setup.py egg_info --egg-base ../../build/chrono_guardian_bridge_pkg build --build-base /home/laptop3/UoM/SoftwareForRobotics/coursework/coursework2/build/chrono_guardian_bridge_pkg/build install --record /home/laptop3/UoM/SoftwareForRobotics/coursework/coursework2/build/chrono_guardian_bridge_pkg/install.log --single-version-externally-managed install_data
[1.522s] running egg_info
[1.570s] writing ../../build/chrono_guardian_bridge_pkg/chrono_guardian_bridge_pkg.egg-info/PKG-INFO
[1.570s] writing dependency_links to ../../build/chrono_guardian_bridge_pkg/chrono_guardian_bridge_pkg.egg-info/dependency_links.txt
[1.570s] writing requirements to ../../build/chrono_guardian_bridge_pkg/chrono_guardian_bridge_pkg.egg-info/requires.txt
[1.571s] writing top-level names to ../../build/chrono_guardian_bridge_pkg/chrono_guardian_bridge_pkg.egg-info/top_level.txt
[1.665s] reading manifest file '../../build/chrono_guardian_bridge_pkg/chrono_guardian_bridge_pkg.egg-info/SOURCES.txt'
[1.666s] writing manifest file '../../build/chrono_guardian_bridge_pkg/chrono_guardian_bridge_pkg.egg-info/SOURCES.txt'
[1.667s] running build
[1.667s] running build_py
[1.667s] running install
[1.675s] running install_lib
[1.722s] copying /home/laptop3/UoM/SoftwareForRobotics/coursework/coursework2/build/chrono_guardian_bridge_pkg/build/lib/chrono_guardian_bridge_pkg/__pycache__/__init__.cpython-312.pyc -> /home/laptop3/UoM/SoftwareForRobotics/coursework/coursework2/install/chrono_guardian_bridge_pkg/lib/python3.12/site-packages/chrono_guardian_bridge_pkg/__pycache__
[1.723s] running install_data
[1.724s] running install_egg_info
[1.774s] removing '/home/laptop3/UoM/SoftwareForRobotics/coursework/coursework2/install/chrono_guardian_bridge_pkg/lib/python3.12/site-packages/chrono_guardian_bridge_pkg-0.0.0-py3.12.egg-info' (and everything under it)
[1.774s] Copying ../../build/chrono_guardian_bridge_pkg/chrono_guardian_bridge_pkg.egg-info to /home/laptop3/UoM/SoftwareForRobotics/coursework/coursework2/install/chrono_guardian_bridge_pkg/lib/python3.12/site-packages/chrono_guardian_bridge_pkg-0.0.0-py3.12.egg-info
[1.776s] running install_scripts
[2.057s] writing list of installed files to '/home/laptop3/UoM/SoftwareForRobotics/coursework/coursework2/build/chrono_guardian_bridge_pkg/install.log'
[2.100s] Invoked command in '/home/laptop3/UoM/SoftwareForRobotics/coursework/coursework2/src/chrono_guardian_bridge_pkg' returned '0': DEBUGINFOD_URLS=https://debuginfod.ubuntu.com PYTHONPATH=/home/laptop3/UoM/SoftwareForRobotics/coursework/coursework2/build/chrono_guardian_bridge_pkg/prefix_override:/usr/lib/python3/dist-packages/colcon_core/task/python/colcon_distutils_commands:/home/laptop3/UoM/SoftwareForRobotics/coursework/coursework2/install/chrono_guardian_bridge_pkg/lib/python3.12/site-packages:${PYTHONPATH} /usr/bin/python3 -W ignore:setup.py install is deprecated -W ignore:easy_install command is deprecated setup.py egg_info --egg-base ../../build/chrono_guardian_bridge_pkg build --build-base /home/laptop3/UoM/SoftwareForRobotics/coursework/coursework2/build/chrono_guardian_bridge_pkg/build install --record /home/laptop3/UoM/SoftwareForRobotics/coursework/coursework2/build/chrono_guardian_bridge_pkg/install.log --single-version-externally-managed install_data
