[6.152s] Invoking command in '/home/laptop3/UoM/SoftwareForRobotics/coursework/coursework2/src/chrono_guardian_navigation_pkg': DEBUGINFOD_URLS=https://debuginfod.ubuntu.com PYTHONPATH=/home/laptop3/UoM/SoftwareForRobotics/coursework/coursework2/build/chrono_guardian_navigation_pkg/prefix_override:/usr/lib/python3/dist-packages/colcon_core/task/python/colcon_distutils_commands:/home/laptop3/UoM/SoftwareForRobotics/coursework/coursework2/install/chrono_guardian_navigation_pkg/lib/python3.12/site-packages:${PYTHONPATH} /usr/bin/python3 -W ignore:setup.py install is deprecated -W ignore:easy_install command is deprecated setup.py egg_info --egg-base ../../build/chrono_guardian_navigation_pkg build --build-base /home/laptop3/UoM/SoftwareForRobotics/coursework/coursework2/build/chrono_guardian_navigation_pkg/build install --record /home/laptop3/UoM/SoftwareForRobotics/coursework/coursework2/build/chrono_guardian_navigation_pkg/install.log --single-version-externally-managed install_data
[7.771s] running egg_info
[7.891s] writing ../../build/chrono_guardian_navigation_pkg/chrono_guardian_navigation_pkg.egg-info/PKG-INFO
[7.892s] writing dependency_links to ../../build/chrono_guardian_navigation_pkg/chrono_guardian_navigation_pkg.egg-info/dependency_links.txt
[7.892s] writing entry points to ../../build/chrono_guardian_navigation_pkg/chrono_guardian_navigation_pkg.egg-info/entry_points.txt
[7.893s] writing requirements to ../../build/chrono_guardian_navigation_pkg/chrono_guardian_navigation_pkg.egg-info/requires.txt
[7.894s] writing top-level names to ../../build/chrono_guardian_navigation_pkg/chrono_guardian_navigation_pkg.egg-info/top_level.txt
[8.139s] reading manifest file '../../build/chrono_guardian_navigation_pkg/chrono_guardian_navigation_pkg.egg-info/SOURCES.txt'
[8.141s] writing manifest file '../../build/chrono_guardian_navigation_pkg/chrono_guardian_navigation_pkg.egg-info/SOURCES.txt'
[8.142s] running build
[8.143s] running build_py
[8.144s] copying chrono_guardian_navigation_pkg/chrono_guardian_navigation_node.py -> /home/laptop3/UoM/SoftwareForRobotics/coursework/coursework2/build/chrono_guardian_navigation_pkg/build/lib/chrono_guardian_navigation_pkg
[8.145s] running install
[8.166s] running install_lib
[8.288s] copying /home/laptop3/UoM/SoftwareForRobotics/coursework/coursework2/build/chrono_guardian_navigation_pkg/build/lib/chrono_guardian_navigation_pkg/chrono_guardian_navigation_node.py -> /home/laptop3/UoM/SoftwareForRobotics/coursework/coursework2/install/chrono_guardian_navigation_pkg/lib/python3.12/site-packages/chrono_guardian_navigation_pkg
[8.290s] byte-compiling /home/laptop3/UoM/SoftwareForRobotics/coursework/coursework2/install/chrono_guardian_navigation_pkg/lib/python3.12/site-packages/chrono_guardian_navigation_pkg/chrono_guardian_navigation_node.py to chrono_guardian_navigation_node.cpython-312.pyc
[8.295s] running install_data
[8.295s] running install_egg_info
[8.442s] removing '/home/laptop3/UoM/SoftwareForRobotics/coursework/coursework2/install/chrono_guardian_navigation_pkg/lib/python3.12/site-packages/chrono_guardian_navigation_pkg-0.0.0-py3.12.egg-info' (and everything under it)
[8.443s] Copying ../../build/chrono_guardian_navigation_pkg/chrono_guardian_navigation_pkg.egg-info to /home/laptop3/UoM/SoftwareForRobotics/coursework/coursework2/install/chrono_guardian_navigation_pkg/lib/python3.12/site-packages/chrono_guardian_navigation_pkg-0.0.0-py3.12.egg-info
[8.446s] running install_scripts
[9.293s] Installing chrono_guardian_navigation_node script to /home/laptop3/UoM/SoftwareForRobotics/coursework/coursework2/install/chrono_guardian_navigation_pkg/lib/chrono_guardian_navigation_pkg
[9.296s] writing list of installed files to '/home/laptop3/UoM/SoftwareForRobotics/coursework/coursework2/build/chrono_guardian_navigation_pkg/install.log'
[9.496s] Invoked command in '/home/laptop3/UoM/SoftwareForRobotics/coursework/coursework2/src/chrono_guardian_navigation_pkg' returned '0': DEBUGINFOD_URLS=https://debuginfod.ubuntu.com PYTHONPATH=/home/laptop3/UoM/SoftwareForRobotics/coursework/coursework2/build/chrono_guardian_navigation_pkg/prefix_override:/usr/lib/python3/dist-packages/colcon_core/task/python/colcon_distutils_commands:/home/laptop3/UoM/SoftwareForRobotics/coursework/coursework2/install/chrono_guardian_navigation_pkg/lib/python3.12/site-packages:${PYTHONPATH} /usr/bin/python3 -W ignore:setup.py install is deprecated -W ignore:easy_install command is deprecated setup.py egg_info --egg-base ../../build/chrono_guardian_navigation_pkg build --build-base /home/laptop3/UoM/SoftwareForRobotics/coursework/coursework2/build/chrono_guardian_navigation_pkg/build install --record /home/laptop3/UoM/SoftwareForRobotics/coursework/coursework2/build/chrono_guardian_navigation_pkg/install.log --single-version-externally-managed install_data
