[2.473s] Invoking command in '/home/laptop3/UoM/SoftwareForRobotics/coursework/coursework2/src/chrono_guardian_navigation_pkg': DEBUGINFOD_URLS=https://debuginfod.ubuntu.com PYTHONPATH=/home/laptop3/UoM/SoftwareForRobotics/coursework/coursework2/build/chrono_guardian_navigation_pkg/prefix_override:/usr/lib/python3/dist-packages/colcon_core/task/python/colcon_distutils_commands:/home/laptop3/UoM/SoftwareForRobotics/coursework/coursework2/install/chrono_guardian_navigation_pkg/lib/python3.12/site-packages:${PYTHONPATH} /usr/bin/python3 -W ignore:setup.py install is deprecated -W ignore:easy_install command is deprecated setup.py egg_info --egg-base ../../build/chrono_guardian_navigation_pkg build --build-base /home/laptop3/UoM/SoftwareForRobotics/coursework/coursework2/build/chrono_guardian_navigation_pkg/build install --record /home/laptop3/UoM/SoftwareForRobotics/coursework/coursework2/build/chrono_guardian_navigation_pkg/install.log --single-version-externally-managed install_data
[3.126s] running egg_info
[3.168s] writing ../../build/chrono_guardian_navigation_pkg/chrono_guardian_navigation_pkg.egg-info/PKG-INFO
[3.168s] writing dependency_links to ../../build/chrono_guardian_navigation_pkg/chrono_guardian_navigation_pkg.egg-info/dependency_links.txt
[3.168s] writing entry points to ../../build/chrono_guardian_navigation_pkg/chrono_guardian_navigation_pkg.egg-info/entry_points.txt
[3.169s] writing requirements to ../../build/chrono_guardian_navigation_pkg/chrono_guardian_navigation_pkg.egg-info/requires.txt
[3.169s] writing top-level names to ../../build/chrono_guardian_navigation_pkg/chrono_guardian_navigation_pkg.egg-info/top_level.txt
[3.262s] reading manifest file '../../build/chrono_guardian_navigation_pkg/chrono_guardian_navigation_pkg.egg-info/SOURCES.txt'
[3.264s] writing manifest file '../../build/chrono_guardian_navigation_pkg/chrono_guardian_navigation_pkg.egg-info/SOURCES.txt'
[3.264s] running build
[3.264s] running build_py
[3.264s] copying chrono_guardian_navigation_pkg/chrono_guardian_navigation_node.py -> /home/laptop3/UoM/SoftwareForRobotics/coursework/coursework2/build/chrono_guardian_navigation_pkg/build/lib/chrono_guardian_navigation_pkg
[3.265s] running install
[3.276s] running install_lib
[3.323s] copying /home/laptop3/UoM/SoftwareForRobotics/coursework/coursework2/build/chrono_guardian_navigation_pkg/build/lib/chrono_guardian_navigation_pkg/chrono_guardian_navigation_node.py -> /home/laptop3/UoM/SoftwareForRobotics/coursework/coursework2/install/chrono_guardian_navigation_pkg/lib/python3.12/site-packages/chrono_guardian_navigation_pkg
[3.324s] byte-compiling /home/laptop3/UoM/SoftwareForRobotics/coursework/coursework2/install/chrono_guardian_navigation_pkg/lib/python3.12/site-packages/chrono_guardian_navigation_pkg/chrono_guardian_navigation_node.py to chrono_guardian_navigation_node.cpython-312.pyc
[3.327s] running install_data
[3.327s] running install_egg_info
[3.373s] removing '/home/laptop3/UoM/SoftwareForRobotics/coursework/coursework2/install/chrono_guardian_navigation_pkg/lib/python3.12/site-packages/chrono_guardian_navigation_pkg-0.0.0-py3.12.egg-info' (and everything under it)
[3.373s] Copying ../../build/chrono_guardian_navigation_pkg/chrono_guardian_navigation_pkg.egg-info to /home/laptop3/UoM/SoftwareForRobotics/coursework/coursework2/install/chrono_guardian_navigation_pkg/lib/python3.12/site-packages/chrono_guardian_navigation_pkg-0.0.0-py3.12.egg-info
[3.375s] running install_scripts
[3.704s] Installing chrono_guardian_navigation_node script to /home/laptop3/UoM/SoftwareForRobotics/coursework/coursework2/install/chrono_guardian_navigation_pkg/lib/chrono_guardian_navigation_pkg
[3.704s] writing list of installed files to '/home/laptop3/UoM/SoftwareForRobotics/coursework/coursework2/build/chrono_guardian_navigation_pkg/install.log'
[3.765s] Invoked command in '/home/laptop3/UoM/SoftwareForRobotics/coursework/coursework2/src/chrono_guardian_navigation_pkg' returned '0': DEBUGINFOD_URLS=https://debuginfod.ubuntu.com PYTHONPATH=/home/laptop3/UoM/SoftwareForRobotics/coursework/coursework2/build/chrono_guardian_navigation_pkg/prefix_override:/usr/lib/python3/dist-packages/colcon_core/task/python/colcon_distutils_commands:/home/laptop3/UoM/SoftwareForRobotics/coursework/coursework2/install/chrono_guardian_navigation_pkg/lib/python3.12/site-packages:${PYTHONPATH} /usr/bin/python3 -W ignore:setup.py install is deprecated -W ignore:easy_install command is deprecated setup.py egg_info --egg-base ../../build/chrono_guardian_navigation_pkg build --build-base /home/laptop3/UoM/SoftwareForRobotics/coursework/coursework2/build/chrono_guardian_navigation_pkg/build install --record /home/laptop3/UoM/SoftwareForRobotics/coursework/coursework2/build/chrono_guardian_navigation_pkg/install.log --single-version-externally-managed install_data
