[0.251s] Invoking command in '/home/laptop3/UoM/SoftwareForRobotics/coursework/coursework2/build/sfr_coursework2_interface_package': CMAKE_PREFIX_PATH=${CMAKE_PREFIX_PATH}:/home/laptop3/UoM/SoftwareForRobotics/coursework/coursework2/install/chrono_guardian_bridge_pkg:/opt/ros/jazzy DEBUGINFOD_URLS=https://debuginfod.ubuntu.com /usr/bin/cmake --build /home/laptop3/UoM/SoftwareForRobotics/coursework/coursework2/build/sfr_coursework2_interface_package -- -j12 -l12
[0.346s] [  2%] Built target sfr_coursework2_interface_package__rosidl_generator_type_description
[0.362s] [  2%] Built target ament_cmake_python_copy_sfr_coursework2_interface_package
[0.385s] [  5%] Built target sfr_coursework2_interface_package__cpp
[0.394s] [ 20%] Built target sfr_coursework2_interface_package__rosidl_generator_c
[0.439s] [ 35%] Built target sfr_coursework2_interface_package__rosidl_typesupport_introspection_c
[0.439s] [ 38%] Built target sfr_coursework2_interface_package__rosidl_typesupport_fastrtps_cpp
[0.440s] [ 47%] Built target sfr_coursework2_interface_package__rosidl_typesupport_c
[0.447s] [ 55%] Built target sfr_coursework2_interface_package__rosidl_typesupport_introspection_cpp
[0.450s] [ 73%] Built target sfr_coursework2_interface_package__rosidl_typesupport_cpp
[0.450s] [ 73%] Built target sfr_coursework2_interface_package__rosidl_typesupport_fastrtps_c
[0.501s] [ 73%] Built target sfr_coursework2_interface_package
[0.541s] [ 76%] Built target sfr_coursework2_interface_package__py
[0.588s] [ 82%] Built target sfr_coursework2_interface_package__rosidl_generator_py
[0.633s] [ 88%] Built target sfr_coursework2_interface_package_s__rosidl_typesupport_introspection_c
[0.638s] [ 94%] Built target sfr_coursework2_interface_package_s__rosidl_typesupport_c
[0.638s] [100%] Built target sfr_coursework2_interface_package_s__rosidl_typesupport_fastrtps_c
[0.768s] running egg_info
[0.797s] writing sfr_coursework2_interface_package.egg-info/PKG-INFO
[0.797s] writing dependency_links to sfr_coursework2_interface_package.egg-info/dependency_links.txt
[0.798s] writing top-level names to sfr_coursework2_interface_package.egg-info/top_level.txt
[0.894s] reading manifest file 'sfr_coursework2_interface_package.egg-info/SOURCES.txt'
[0.894s] writing manifest file 'sfr_coursework2_interface_package.egg-info/SOURCES.txt'
[0.936s] [100%] Built target ament_cmake_python_build_sfr_coursework2_interface_package_egg
[0.952s] Invoked command in '/home/laptop3/UoM/SoftwareForRobotics/coursework/coursework2/build/sfr_coursework2_interface_package' returned '0': CMAKE_PREFIX_PATH=${CMAKE_PREFIX_PATH}:/home/laptop3/UoM/SoftwareForRobotics/coursework/coursework2/install/chrono_guardian_bridge_pkg:/opt/ros/jazzy DEBUGINFOD_URLS=https://debuginfod.ubuntu.com /usr/bin/cmake --build /home/laptop3/UoM/SoftwareForRobotics/coursework/coursework2/build/sfr_coursework2_interface_package -- -j12 -l12
[0.967s] Invoking command in '/home/laptop3/UoM/SoftwareForRobotics/coursework/coursework2/build/sfr_coursework2_interface_package': CMAKE_PREFIX_PATH=${CMAKE_PREFIX_PATH}:/home/laptop3/UoM/SoftwareForRobotics/coursework/coursework2/install/chrono_guardian_bridge_pkg:/opt/ros/jazzy DEBUGINFOD_URLS=https://debuginfod.ubuntu.com /usr/bin/cmake --install /home/laptop3/UoM/SoftwareForRobotics/coursework/coursework2/build/sfr_coursework2_interface_package
[0.987s] -- Install configuration: ""
[0.987s] -- Up-to-date: /home/laptop3/UoM/SoftwareForRobotics/coursework/coursework2/install/sfr_coursework2_interface_package/share/ament_index/resource_index/rosidl_interfaces/sfr_coursework2_interface_package
[0.987s] -- Up-to-date: /home/laptop3/UoM/SoftwareForRobotics/coursework/coursework2/install/sfr_coursework2_interface_package/share/sfr_coursework2_interface_package/action/DroneControl.json
[0.987s] -- Up-to-date: /home/laptop3/UoM/SoftwareForRobotics/coursework/coursework2/install/sfr_coursework2_interface_package/include/sfr_coursework2_interface_package/sfr_coursework2_interface_package
[0.988s] -- Up-to-date: /home/laptop3/UoM/SoftwareForRobotics/coursework/coursework2/install/sfr_coursework2_interface_package/include/sfr_coursework2_interface_package/sfr_coursework2_interface_package/action
[0.988s] -- Up-to-date: /home/laptop3/UoM/SoftwareForRobotics/coursework/coursework2/install/sfr_coursework2_interface_package/include/sfr_coursework2_interface_package/sfr_coursework2_interface_package/action/detail
[0.988s] -- Up-to-date: /home/laptop3/UoM/SoftwareForRobotics/coursework/coursework2/install/sfr_coursework2_interface_package/include/sfr_coursework2_interface_package/sfr_coursework2_interface_package/action/detail/drone_control__type_support.h
[0.988s] -- Up-to-date: /home/laptop3/UoM/SoftwareForRobotics/coursework/coursework2/install/sfr_coursework2_interface_package/include/sfr_coursework2_interface_package/sfr_coursework2_interface_package/action/detail/drone_control__struct.h
[0.988s] -- Up-to-date: /home/laptop3/UoM/SoftwareForRobotics/coursework/coursework2/install/sfr_coursework2_interface_package/include/sfr_coursework2_interface_package/sfr_coursework2_interface_package/action/detail/drone_control__functions.h
[0.989s] -- Up-to-date: /home/laptop3/UoM/SoftwareForRobotics/coursework/coursework2/install/sfr_coursework2_interface_package/include/sfr_coursework2_interface_package/sfr_coursework2_interface_package/action/detail/drone_control__functions.c
[0.989s] -- Up-to-date: /home/laptop3/UoM/SoftwareForRobotics/coursework/coursework2/install/sfr_coursework2_interface_package/include/sfr_coursework2_interface_package/sfr_coursework2_interface_package/action/detail/drone_control__type_support.c
[0.989s] -- Up-to-date: /home/laptop3/UoM/SoftwareForRobotics/coursework/coursework2/install/sfr_coursework2_interface_package/include/sfr_coursework2_interface_package/sfr_coursework2_interface_package/action/detail/drone_control__description.c
[0.989s] -- Up-to-date: /home/laptop3/UoM/SoftwareForRobotics/coursework/coursework2/install/sfr_coursework2_interface_package/include/sfr_coursework2_interface_package/sfr_coursework2_interface_package/action/drone_control.h
[0.990s] -- Up-to-date: /home/laptop3/UoM/SoftwareForRobotics/coursework/coursework2/install/sfr_coursework2_interface_package/include/sfr_coursework2_interface_package/sfr_coursework2_interface_package/msg
[0.990s] -- Up-to-date: /home/laptop3/UoM/SoftwareForRobotics/coursework/coursework2/install/sfr_coursework2_interface_package/include/sfr_coursework2_interface_package/sfr_coursework2_interface_package/msg/rosidl_generator_c__visibility_control.h
[0.990s] -- Up-to-date: /home/laptop3/UoM/SoftwareForRobotics/coursework/coursework2/install/sfr_coursework2_interface_package/share/sfr_coursework2_interface_package/environment/library_path.sh
[0.990s] -- Up-to-date: /home/laptop3/UoM/SoftwareForRobotics/coursework/coursework2/install/sfr_coursework2_interface_package/share/sfr_coursework2_interface_package/environment/library_path.dsv
[0.990s] -- Up-to-date: /home/laptop3/UoM/SoftwareForRobotics/coursework/coursework2/install/sfr_coursework2_interface_package/lib/libsfr_coursework2_interface_package__rosidl_generator_c.so
[0.991s] -- Up-to-date: /home/laptop3/UoM/SoftwareForRobotics/coursework/coursework2/install/sfr_coursework2_interface_package/include/sfr_coursework2_interface_package/sfr_coursework2_interface_package
[0.991s] -- Up-to-date: /home/laptop3/UoM/SoftwareForRobotics/coursework/coursework2/install/sfr_coursework2_interface_package/include/sfr_coursework2_interface_package/sfr_coursework2_interface_package/action
[0.991s] -- Up-to-date: /home/laptop3/UoM/SoftwareForRobotics/coursework/coursework2/install/sfr_coursework2_interface_package/include/sfr_coursework2_interface_package/sfr_coursework2_interface_package/action/detail
[0.991s] -- Up-to-date: /home/laptop3/UoM/SoftwareForRobotics/coursework/coursework2/install/sfr_coursework2_interface_package/include/sfr_coursework2_interface_package/sfr_coursework2_interface_package/action/detail/drone_control__rosidl_typesupport_fastrtps_c.h
[0.991s] -- Up-to-date: /home/laptop3/UoM/SoftwareForRobotics/coursework/coursework2/install/sfr_coursework2_interface_package/include/sfr_coursework2_interface_package/sfr_coursework2_interface_package/msg
[0.992s] -- Up-to-date: /home/laptop3/UoM/SoftwareForRobotics/coursework/coursework2/install/sfr_coursework2_interface_package/include/sfr_coursework2_interface_package/sfr_coursework2_interface_package/msg/rosidl_typesupport_fastrtps_c__visibility_control.h
[0.992s] -- Up-to-date: /home/laptop3/UoM/SoftwareForRobotics/coursework/coursework2/install/sfr_coursework2_interface_package/lib/libsfr_coursework2_interface_package__rosidl_typesupport_fastrtps_c.so
[0.993s] -- Up-to-date: /home/laptop3/UoM/SoftwareForRobotics/coursework/coursework2/install/sfr_coursework2_interface_package/include/sfr_coursework2_interface_package/sfr_coursework2_interface_package
[0.993s] -- Up-to-date: /home/laptop3/UoM/SoftwareForRobotics/coursework/coursework2/install/sfr_coursework2_interface_package/include/sfr_coursework2_interface_package/sfr_coursework2_interface_package/action
[0.993s] -- Up-to-date: /home/laptop3/UoM/SoftwareForRobotics/coursework/coursework2/install/sfr_coursework2_interface_package/include/sfr_coursework2_interface_package/sfr_coursework2_interface_package/action/detail
[0.993s] -- Up-to-date: /home/laptop3/UoM/SoftwareForRobotics/coursework/coursework2/install/sfr_coursework2_interface_package/include/sfr_coursework2_interface_package/sfr_coursework2_interface_package/action/detail/drone_control__struct.hpp
[0.993s] -- Up-to-date: /home/laptop3/UoM/SoftwareForRobotics/coursework/coursework2/install/sfr_coursework2_interface_package/include/sfr_coursework2_interface_package/sfr_coursework2_interface_package/action/detail/drone_control__traits.hpp
[0.994s] -- Up-to-date: /home/laptop3/UoM/SoftwareForRobotics/coursework/coursework2/install/sfr_coursework2_interface_package/include/sfr_coursework2_interface_package/sfr_coursework2_interface_package/action/detail/drone_control__builder.hpp
[0.994s] -- Up-to-date: /home/laptop3/UoM/SoftwareForRobotics/coursework/coursework2/install/sfr_coursework2_interface_package/include/sfr_coursework2_interface_package/sfr_coursework2_interface_package/action/detail/drone_control__type_support.hpp
[0.994s] -- Up-to-date: /home/laptop3/UoM/SoftwareForRobotics/coursework/coursework2/install/sfr_coursework2_interface_package/include/sfr_coursework2_interface_package/sfr_coursework2_interface_package/action/drone_control.hpp
[0.994s] -- Up-to-date: /home/laptop3/UoM/SoftwareForRobotics/coursework/coursework2/install/sfr_coursework2_interface_package/include/sfr_coursework2_interface_package/sfr_coursework2_interface_package/msg
[0.994s] -- Up-to-date: /home/laptop3/UoM/SoftwareForRobotics/coursework/coursework2/install/sfr_coursework2_interface_package/include/sfr_coursework2_interface_package/sfr_coursework2_interface_package/msg/rosidl_generator_cpp__visibility_control.hpp
[0.994s] -- Up-to-date: /home/laptop3/UoM/SoftwareForRobotics/coursework/coursework2/install/sfr_coursework2_interface_package/include/sfr_coursework2_interface_package/sfr_coursework2_interface_package
[0.995s] -- Up-to-date: /home/laptop3/UoM/SoftwareForRobotics/coursework/coursework2/install/sfr_coursework2_interface_package/include/sfr_coursework2_interface_package/sfr_coursework2_interface_package/action
[0.995s] -- Up-to-date: /home/laptop3/UoM/SoftwareForRobotics/coursework/coursework2/install/sfr_coursework2_interface_package/include/sfr_coursework2_interface_package/sfr_coursework2_interface_package/action/detail
[0.995s] -- Up-to-date: /home/laptop3/UoM/SoftwareForRobotics/coursework/coursework2/install/sfr_coursework2_interface_package/include/sfr_coursework2_interface_package/sfr_coursework2_interface_package/action/detail/drone_control__rosidl_typesupport_fastrtps_cpp.hpp
[0.995s] -- Up-to-date: /home/laptop3/UoM/SoftwareForRobotics/coursework/coursework2/install/sfr_coursework2_interface_package/include/sfr_coursework2_interface_package/sfr_coursework2_interface_package/action/detail/dds_fastrtps
[0.995s] -- Up-to-date: /home/laptop3/UoM/SoftwareForRobotics/coursework/coursework2/install/sfr_coursework2_interface_package/include/sfr_coursework2_interface_package/sfr_coursework2_interface_package/msg
[0.996s] -- Up-to-date: /home/laptop3/UoM/SoftwareForRobotics/coursework/coursework2/install/sfr_coursework2_interface_package/include/sfr_coursework2_interface_package/sfr_coursework2_interface_package/msg/rosidl_typesupport_fastrtps_cpp__visibility_control.h
[0.996s] -- Up-to-date: /home/laptop3/UoM/SoftwareForRobotics/coursework/coursework2/install/sfr_coursework2_interface_package/lib/libsfr_coursework2_interface_package__rosidl_typesupport_fastrtps_cpp.so
[0.996s] -- Up-to-date: /home/laptop3/UoM/SoftwareForRobotics/coursework/coursework2/install/sfr_coursework2_interface_package/include/sfr_coursework2_interface_package/sfr_coursework2_interface_package
[0.996s] -- Up-to-date: /home/laptop3/UoM/SoftwareForRobotics/coursework/coursework2/install/sfr_coursework2_interface_package/include/sfr_coursework2_interface_package/sfr_coursework2_interface_package/action
[0.996s] -- Up-to-date: /home/laptop3/UoM/SoftwareForRobotics/coursework/coursework2/install/sfr_coursework2_interface_package/include/sfr_coursework2_interface_package/sfr_coursework2_interface_package/action/detail
[0.997s] -- Up-to-date: /home/laptop3/UoM/SoftwareForRobotics/coursework/coursework2/install/sfr_coursework2_interface_package/include/sfr_coursework2_interface_package/sfr_coursework2_interface_package/action/detail/drone_control__rosidl_typesupport_introspection_c.h
[0.997s] -- Up-to-date: /home/laptop3/UoM/SoftwareForRobotics/coursework/coursework2/install/sfr_coursework2_interface_package/include/sfr_coursework2_interface_package/sfr_coursework2_interface_package/action/detail/drone_control__type_support.c
[0.997s] -- Up-to-date: /home/laptop3/UoM/SoftwareForRobotics/coursework/coursework2/install/sfr_coursework2_interface_package/include/sfr_coursework2_interface_package/sfr_coursework2_interface_package/msg
[0.997s] -- Up-to-date: /home/laptop3/UoM/SoftwareForRobotics/coursework/coursework2/install/sfr_coursework2_interface_package/include/sfr_coursework2_interface_package/sfr_coursework2_interface_package/msg/rosidl_typesupport_introspection_c__visibility_control.h
[0.997s] -- Up-to-date: /home/laptop3/UoM/SoftwareForRobotics/coursework/coursework2/install/sfr_coursework2_interface_package/lib/libsfr_coursework2_interface_package__rosidl_typesupport_introspection_c.so
[0.998s] -- Up-to-date: /home/laptop3/UoM/SoftwareForRobotics/coursework/coursework2/install/sfr_coursework2_interface_package/lib/libsfr_coursework2_interface_package__rosidl_typesupport_c.so
[0.998s] -- Up-to-date: /home/laptop3/UoM/SoftwareForRobotics/coursework/coursework2/install/sfr_coursework2_interface_package/include/sfr_coursework2_interface_package/sfr_coursework2_interface_package
[0.998s] -- Up-to-date: /home/laptop3/UoM/SoftwareForRobotics/coursework/coursework2/install/sfr_coursework2_interface_package/include/sfr_coursework2_interface_package/sfr_coursework2_interface_package/action
[0.998s] -- Up-to-date: /home/laptop3/UoM/SoftwareForRobotics/coursework/coursework2/install/sfr_coursework2_interface_package/include/sfr_coursework2_interface_package/sfr_coursework2_interface_package/action/detail
[0.998s] -- Up-to-date: /home/laptop3/UoM/SoftwareForRobotics/coursework/coursework2/install/sfr_coursework2_interface_package/include/sfr_coursework2_interface_package/sfr_coursework2_interface_package/action/detail/drone_control__type_support.cpp
[0.999s] -- Up-to-date: /home/laptop3/UoM/SoftwareForRobotics/coursework/coursework2/install/sfr_coursework2_interface_package/include/sfr_coursework2_interface_package/sfr_coursework2_interface_package/action/detail/drone_control__rosidl_typesupport_introspection_cpp.hpp
[0.999s] -- Up-to-date: /home/laptop3/UoM/SoftwareForRobotics/coursework/coursework2/install/sfr_coursework2_interface_package/lib/libsfr_coursework2_interface_package__rosidl_typesupport_introspection_cpp.so
[0.999s] -- Up-to-date: /home/laptop3/UoM/SoftwareForRobotics/coursework/coursework2/install/sfr_coursework2_interface_package/lib/libsfr_coursework2_interface_package__rosidl_typesupport_cpp.so
[0.999s] -- Up-to-date: /home/laptop3/UoM/SoftwareForRobotics/coursework/coursework2/install/sfr_coursework2_interface_package/share/sfr_coursework2_interface_package/environment/pythonpath.sh
[0.999s] -- Up-to-date: /home/laptop3/UoM/SoftwareForRobotics/coursework/coursework2/install/sfr_coursework2_interface_package/share/sfr_coursework2_interface_package/environment/pythonpath.dsv
[1.000s] -- Up-to-date: /home/laptop3/UoM/SoftwareForRobotics/coursework/coursework2/install/sfr_coursework2_interface_package/lib/python3.12/site-packages/sfr_coursework2_interface_package-0.0.0-py3.12.egg-info
[1.000s] -- Installing: /home/laptop3/UoM/SoftwareForRobotics/coursework/coursework2/install/sfr_coursework2_interface_package/lib/python3.12/site-packages/sfr_coursework2_interface_package-0.0.0-py3.12.egg-info/SOURCES.txt
[1.000s] -- Installing: /home/laptop3/UoM/SoftwareForRobotics/coursework/coursework2/install/sfr_coursework2_interface_package/lib/python3.12/site-packages/sfr_coursework2_interface_package-0.0.0-py3.12.egg-info/PKG-INFO
[1.000s] -- Installing: /home/laptop3/UoM/SoftwareForRobotics/coursework/coursework2/install/sfr_coursework2_interface_package/lib/python3.12/site-packages/sfr_coursework2_interface_package-0.0.0-py3.12.egg-info/dependency_links.txt
[1.000s] -- Installing: /home/laptop3/UoM/SoftwareForRobotics/coursework/coursework2/install/sfr_coursework2_interface_package/lib/python3.12/site-packages/sfr_coursework2_interface_package-0.0.0-py3.12.egg-info/top_level.txt
[1.001s] -- Up-to-date: /home/laptop3/UoM/SoftwareForRobotics/coursework/coursework2/install/sfr_coursework2_interface_package/lib/python3.12/site-packages/sfr_coursework2_interface_package
[1.001s] -- Up-to-date: /home/laptop3/UoM/SoftwareForRobotics/coursework/coursework2/install/sfr_coursework2_interface_package/lib/python3.12/site-packages/sfr_coursework2_interface_package/_sfr_coursework2_interface_package_s.ep.rosidl_typesupport_introspection_c.c
[1.001s] -- Up-to-date: /home/laptop3/UoM/SoftwareForRobotics/coursework/coursework2/install/sfr_coursework2_interface_package/lib/python3.12/site-packages/sfr_coursework2_interface_package/action
[1.001s] -- Up-to-date: /home/laptop3/UoM/SoftwareForRobotics/coursework/coursework2/install/sfr_coursework2_interface_package/lib/python3.12/site-packages/sfr_coursework2_interface_package/action/_drone_control.py
[1.001s] -- Up-to-date: /home/laptop3/UoM/SoftwareForRobotics/coursework/coursework2/install/sfr_coursework2_interface_package/lib/python3.12/site-packages/sfr_coursework2_interface_package/action/__init__.py
[1.001s] -- Up-to-date: /home/laptop3/UoM/SoftwareForRobotics/coursework/coursework2/install/sfr_coursework2_interface_package/lib/python3.12/site-packages/sfr_coursework2_interface_package/action/_drone_control_s.c
[1.002s] -- Up-to-date: /home/laptop3/UoM/SoftwareForRobotics/coursework/coursework2/install/sfr_coursework2_interface_package/lib/python3.12/site-packages/sfr_coursework2_interface_package/sfr_coursework2_interface_package_s__rosidl_typesupport_c.so
[1.002s] -- Up-to-date: /home/laptop3/UoM/SoftwareForRobotics/coursework/coursework2/install/sfr_coursework2_interface_package/lib/python3.12/site-packages/sfr_coursework2_interface_package/sfr_coursework2_interface_package_s__rosidl_typesupport_fastrtps_c.so
[1.002s] -- Up-to-date: /home/laptop3/UoM/SoftwareForRobotics/coursework/coursework2/install/sfr_coursework2_interface_package/lib/python3.12/site-packages/sfr_coursework2_interface_package/__init__.py
[1.002s] -- Up-to-date: /home/laptop3/UoM/SoftwareForRobotics/coursework/coursework2/install/sfr_coursework2_interface_package/lib/python3.12/site-packages/sfr_coursework2_interface_package/_sfr_coursework2_interface_package_s.ep.rosidl_typesupport_c.c
[1.002s] -- Up-to-date: /home/laptop3/UoM/SoftwareForRobotics/coursework/coursework2/install/sfr_coursework2_interface_package/lib/python3.12/site-packages/sfr_coursework2_interface_package/sfr_coursework2_interface_package_s__rosidl_typesupport_introspection_c.so
[1.003s] -- Up-to-date: /home/laptop3/UoM/SoftwareForRobotics/coursework/coursework2/install/sfr_coursework2_interface_package/lib/python3.12/site-packages/sfr_coursework2_interface_package/_sfr_coursework2_interface_package_s.ep.rosidl_typesupport_fastrtps_c.c
[1.065s] Listing '/home/laptop3/UoM/SoftwareForRobotics/coursework/coursework2/install/sfr_coursework2_interface_package/lib/python3.12/site-packages/sfr_coursework2_interface_package'...
[1.065s] Listing '/home/laptop3/UoM/SoftwareForRobotics/coursework/coursework2/install/sfr_coursework2_interface_package/lib/python3.12/site-packages/sfr_coursework2_interface_package/action'...
[1.071s] -- Up-to-date: /home/laptop3/UoM/SoftwareForRobotics/coursework/coursework2/install/sfr_coursework2_interface_package/lib/python3.12/site-packages/sfr_coursework2_interface_package/sfr_coursework2_interface_package_s__rosidl_typesupport_fastrtps_c.so
[1.072s] -- Up-to-date: /home/laptop3/UoM/SoftwareForRobotics/coursework/coursework2/install/sfr_coursework2_interface_package/lib/python3.12/site-packages/sfr_coursework2_interface_package/sfr_coursework2_interface_package_s__rosidl_typesupport_introspection_c.so
[1.072s] -- Up-to-date: /home/laptop3/UoM/SoftwareForRobotics/coursework/coursework2/install/sfr_coursework2_interface_package/lib/python3.12/site-packages/sfr_coursework2_interface_package/sfr_coursework2_interface_package_s__rosidl_typesupport_c.so
[1.072s] -- Up-to-date: /home/laptop3/UoM/SoftwareForRobotics/coursework/coursework2/install/sfr_coursework2_interface_package/lib/libsfr_coursework2_interface_package__rosidl_generator_py.so
[1.073s] -- Up-to-date: /home/laptop3/UoM/SoftwareForRobotics/coursework/coursework2/install/sfr_coursework2_interface_package/share/sfr_coursework2_interface_package/action/DroneControl.idl
[1.073s] -- Up-to-date: /home/laptop3/UoM/SoftwareForRobotics/coursework/coursework2/install/sfr_coursework2_interface_package/share/sfr_coursework2_interface_package/action/DroneControl.action
[1.073s] -- Up-to-date: /home/laptop3/UoM/SoftwareForRobotics/coursework/coursework2/install/sfr_coursework2_interface_package/share/ament_index/resource_index/package_run_dependencies/sfr_coursework2_interface_package
[1.073s] -- Up-to-date: /home/laptop3/UoM/SoftwareForRobotics/coursework/coursework2/install/sfr_coursework2_interface_package/share/ament_index/resource_index/parent_prefix_path/sfr_coursework2_interface_package
[1.074s] -- Up-to-date: /home/laptop3/UoM/SoftwareForRobotics/coursework/coursework2/install/sfr_coursework2_interface_package/share/sfr_coursework2_interface_package/environment/ament_prefix_path.sh
[1.074s] -- Up-to-date: /home/laptop3/UoM/SoftwareForRobotics/coursework/coursework2/install/sfr_coursework2_interface_package/share/sfr_coursework2_interface_package/environment/ament_prefix_path.dsv
[1.074s] -- Up-to-date: /home/laptop3/UoM/SoftwareForRobotics/coursework/coursework2/install/sfr_coursework2_interface_package/share/sfr_coursework2_interface_package/environment/path.sh
[1.074s] -- Up-to-date: /home/laptop3/UoM/SoftwareForRobotics/coursework/coursework2/install/sfr_coursework2_interface_package/share/sfr_coursework2_interface_package/environment/path.dsv
[1.074s] -- Up-to-date: /home/laptop3/UoM/SoftwareForRobotics/coursework/coursework2/install/sfr_coursework2_interface_package/share/sfr_coursework2_interface_package/local_setup.bash
[1.075s] -- Up-to-date: /home/laptop3/UoM/SoftwareForRobotics/coursework/coursework2/install/sfr_coursework2_interface_package/share/sfr_coursework2_interface_package/local_setup.sh
[1.075s] -- Up-to-date: /home/laptop3/UoM/SoftwareForRobotics/coursework/coursework2/install/sfr_coursework2_interface_package/share/sfr_coursework2_interface_package/local_setup.zsh
[1.075s] -- Up-to-date: /home/laptop3/UoM/SoftwareForRobotics/coursework/coursework2/install/sfr_coursework2_interface_package/share/sfr_coursework2_interface_package/local_setup.dsv
[1.075s] -- Installing: /home/laptop3/UoM/SoftwareForRobotics/coursework/coursework2/install/sfr_coursework2_interface_package/share/sfr_coursework2_interface_package/package.dsv
[1.075s] -- Up-to-date: /home/laptop3/UoM/SoftwareForRobotics/coursework/coursework2/install/sfr_coursework2_interface_package/share/ament_index/resource_index/packages/sfr_coursework2_interface_package
[1.075s] -- Up-to-date: /home/laptop3/UoM/SoftwareForRobotics/coursework/coursework2/install/sfr_coursework2_interface_package/share/sfr_coursework2_interface_package/cmake/export_sfr_coursework2_interface_package__rosidl_generator_cExport.cmake
[1.076s] -- Up-to-date: /home/laptop3/UoM/SoftwareForRobotics/coursework/coursework2/install/sfr_coursework2_interface_package/share/sfr_coursework2_interface_package/cmake/export_sfr_coursework2_interface_package__rosidl_generator_cExport-noconfig.cmake
[1.076s] -- Up-to-date: /home/laptop3/UoM/SoftwareForRobotics/coursework/coursework2/install/sfr_coursework2_interface_package/share/sfr_coursework2_interface_package/cmake/export_sfr_coursework2_interface_package__rosidl_typesupport_fastrtps_cExport.cmake
[1.076s] -- Up-to-date: /home/laptop3/UoM/SoftwareForRobotics/coursework/coursework2/install/sfr_coursework2_interface_package/share/sfr_coursework2_interface_package/cmake/export_sfr_coursework2_interface_package__rosidl_typesupport_fastrtps_cExport-noconfig.cmake
[1.076s] -- Up-to-date: /home/laptop3/UoM/SoftwareForRobotics/coursework/coursework2/install/sfr_coursework2_interface_package/share/sfr_coursework2_interface_package/cmake/export_sfr_coursework2_interface_package__rosidl_generator_cppExport.cmake
[1.076s] -- Up-to-date: /home/laptop3/UoM/SoftwareForRobotics/coursework/coursework2/install/sfr_coursework2_interface_package/share/sfr_coursework2_interface_package/cmake/export_sfr_coursework2_interface_package__rosidl_typesupport_fastrtps_cppExport.cmake
[1.077s] -- Up-to-date: /home/laptop3/UoM/SoftwareForRobotics/coursework/coursework2/install/sfr_coursework2_interface_package/share/sfr_coursework2_interface_package/cmake/export_sfr_coursework2_interface_package__rosidl_typesupport_fastrtps_cppExport-noconfig.cmake
[1.078s] -- Up-to-date: /home/laptop3/UoM/SoftwareForRobotics/coursework/coursework2/install/sfr_coursework2_interface_package/share/sfr_coursework2_interface_package/cmake/sfr_coursework2_interface_package__rosidl_typesupport_introspection_cExport.cmake
[1.078s] -- Up-to-date: /home/laptop3/UoM/SoftwareForRobotics/coursework/coursework2/install/sfr_coursework2_interface_package/share/sfr_coursework2_interface_package/cmake/sfr_coursework2_interface_package__rosidl_typesupport_introspection_cExport-noconfig.cmake
[1.078s] -- Up-to-date: /home/laptop3/UoM/SoftwareForRobotics/coursework/coursework2/install/sfr_coursework2_interface_package/share/sfr_coursework2_interface_package/cmake/sfr_coursework2_interface_package__rosidl_typesupport_cExport.cmake
[1.079s] -- Up-to-date: /home/laptop3/UoM/SoftwareForRobotics/coursework/coursework2/install/sfr_coursework2_interface_package/share/sfr_coursework2_interface_package/cmake/sfr_coursework2_interface_package__rosidl_typesupport_cExport-noconfig.cmake
[1.079s] -- Up-to-date: /home/laptop3/UoM/SoftwareForRobotics/coursework/coursework2/install/sfr_coursework2_interface_package/share/sfr_coursework2_interface_package/cmake/sfr_coursework2_interface_package__rosidl_typesupport_introspection_cppExport.cmake
[1.079s] -- Up-to-date: /home/laptop3/UoM/SoftwareForRobotics/coursework/coursework2/install/sfr_coursework2_interface_package/share/sfr_coursework2_interface_package/cmake/sfr_coursework2_interface_package__rosidl_typesupport_introspection_cppExport-noconfig.cmake
[1.080s] -- Up-to-date: /home/laptop3/UoM/SoftwareForRobotics/coursework/coursework2/install/sfr_coursework2_interface_package/share/sfr_coursework2_interface_package/cmake/sfr_coursework2_interface_package__rosidl_typesupport_cppExport.cmake
[1.080s] -- Up-to-date: /home/laptop3/UoM/SoftwareForRobotics/coursework/coursework2/install/sfr_coursework2_interface_package/share/sfr_coursework2_interface_package/cmake/sfr_coursework2_interface_package__rosidl_typesupport_cppExport-noconfig.cmake
[1.080s] -- Up-to-date: /home/laptop3/UoM/SoftwareForRobotics/coursework/coursework2/install/sfr_coursework2_interface_package/share/sfr_coursework2_interface_package/cmake/export_sfr_coursework2_interface_package__rosidl_generator_pyExport.cmake
[1.081s] -- Up-to-date: /home/laptop3/UoM/SoftwareForRobotics/coursework/coursework2/install/sfr_coursework2_interface_package/share/sfr_coursework2_interface_package/cmake/export_sfr_coursework2_interface_package__rosidl_generator_pyExport-noconfig.cmake
[1.081s] -- Up-to-date: /home/laptop3/UoM/SoftwareForRobotics/coursework/coursework2/install/sfr_coursework2_interface_package/share/sfr_coursework2_interface_package/cmake/rosidl_cmake-extras.cmake
[1.081s] -- Up-to-date: /home/laptop3/UoM/SoftwareForRobotics/coursework/coursework2/install/sfr_coursework2_interface_package/share/sfr_coursework2_interface_package/cmake/ament_cmake_export_dependencies-extras.cmake
[1.081s] -- Up-to-date: /home/laptop3/UoM/SoftwareForRobotics/coursework/coursework2/install/sfr_coursework2_interface_package/share/sfr_coursework2_interface_package/cmake/ament_cmake_export_include_directories-extras.cmake
[1.082s] -- Up-to-date: /home/laptop3/UoM/SoftwareForRobotics/coursework/coursework2/install/sfr_coursework2_interface_package/share/sfr_coursework2_interface_package/cmake/ament_cmake_export_libraries-extras.cmake
[1.082s] -- Up-to-date: /home/laptop3/UoM/SoftwareForRobotics/coursework/coursework2/install/sfr_coursework2_interface_package/share/sfr_coursework2_interface_package/cmake/ament_cmake_export_targets-extras.cmake
[1.082s] -- Up-to-date: /home/laptop3/UoM/SoftwareForRobotics/coursework/coursework2/install/sfr_coursework2_interface_package/share/sfr_coursework2_interface_package/cmake/rosidl_cmake_export_typesupport_targets-extras.cmake
[1.083s] -- Up-to-date: /home/laptop3/UoM/SoftwareForRobotics/coursework/coursework2/install/sfr_coursework2_interface_package/share/sfr_coursework2_interface_package/cmake/rosidl_cmake_export_typesupport_libraries-extras.cmake
[1.083s] -- Up-to-date: /home/laptop3/UoM/SoftwareForRobotics/coursework/coursework2/install/sfr_coursework2_interface_package/share/sfr_coursework2_interface_package/cmake/sfr_coursework2_interface_packageConfig.cmake
[1.083s] -- Up-to-date: /home/laptop3/UoM/SoftwareForRobotics/coursework/coursework2/install/sfr_coursework2_interface_package/share/sfr_coursework2_interface_package/cmake/sfr_coursework2_interface_packageConfig-version.cmake
[1.083s] -- Up-to-date: /home/laptop3/UoM/SoftwareForRobotics/coursework/coursework2/install/sfr_coursework2_interface_package/share/sfr_coursework2_interface_package/package.xml
[1.083s] Invoked command in '/home/laptop3/UoM/SoftwareForRobotics/coursework/coursework2/build/sfr_coursework2_interface_package' returned '0': CMAKE_PREFIX_PATH=${CMAKE_PREFIX_PATH}:/home/laptop3/UoM/SoftwareForRobotics/coursework/coursework2/install/chrono_guardian_bridge_pkg:/opt/ros/jazzy DEBUGINFOD_URLS=https://debuginfod.ubuntu.com /usr/bin/cmake --install /home/laptop3/UoM/SoftwareForRobotics/coursework/coursework2/build/sfr_coursework2_interface_package
