[0.175s] DEBUG:colcon:Command line arguments: ['/usr/bin/colcon', 'build']
[0.176s] DEBUG:colcon:Parsed command line arguments: Namespace(log_base=None, log_level=None, verb_name='build', build_base='build', install_base='install', merge_install=False, symlink_install=False, test_result_base=None, continue_on_error=False, executor='parallel', parallel_workers=12, event_handlers=None, ignore_user_meta=False, metas=['./colcon.meta'], base_paths=['.'], packages_ignore=None, packages_ignore_regex=None, paths=None, packages_up_to=None, packages_up_to_regex=None, packages_above=None, packages_above_and_dependencies=None, packages_above_depth=None, packages_select_by_dep=None, packages_skip_by_dep=None, packages_skip_up_to=None, packages_select_build_failed=False, packages_skip_build_finished=False, packages_select_test_failures=False, packages_skip_test_passed=False, packages_select=None, packages_skip=None, packages_select_regex=None, packages_skip_regex=None, packages_start=None, packages_end=None, allow_overriding=[], cmake_args=None, cmake_target=None, cmake_target_skip_unavailable=False, cmake_clean_cache=False, cmake_clean_first=False, cmake_force_configure=False, ament_cmake_args=None, catkin_cmake_args=None, catkin_skip_building_tests=False, mixin_files=None, mixin=None, verb_parser=<colcon_mixin.mixin.mixin_argument.MixinArgumentDecorator object at 0x7aef324b31d0>, verb_extension=<colcon_core.verb.build.BuildVerb object at 0x7aef325df8c0>, main=<bound method BuildVerb.main of <colcon_core.verb.build.BuildVerb object at 0x7aef325df8c0>>, mixin_verb=('build',))
[0.240s] Level 1:colcon.colcon_core.package_discovery:discover_packages(colcon_meta) check parameters
[0.241s] Level 1:colcon.colcon_core.package_discovery:discover_packages(recursive) check parameters
[0.241s] Level 1:colcon.colcon_core.package_discovery:discover_packages(ignore) check parameters
[0.241s] Level 1:colcon.colcon_core.package_discovery:discover_packages(path) check parameters
[0.241s] Level 1:colcon.colcon_core.package_discovery:discover_packages(colcon_meta) discover
[0.241s] Level 1:colcon.colcon_core.package_discovery:discover_packages(recursive) discover
[0.241s] INFO:colcon.colcon_core.package_discovery:Crawling recursively for packages in '/home/laptop3/UoM/SoftwareForRobotics/coursework/coursework2'
[0.241s] Level 1:colcon.colcon_core.package_identification:_identify(.) by extensions ['ignore', 'ignore_ament_install']
[0.241s] Level 1:colcon.colcon_core.package_identification:_identify(.) by extension 'ignore'
[0.242s] Level 1:colcon.colcon_core.package_identification:_identify(.) by extension 'ignore_ament_install'
[0.242s] Level 1:colcon.colcon_core.package_identification:_identify(.) by extensions ['colcon_pkg']
[0.242s] Level 1:colcon.colcon_core.package_identification:_identify(.) by extension 'colcon_pkg'
[0.242s] Level 1:colcon.colcon_core.package_identification:_identify(.) by extensions ['colcon_meta']
[0.242s] Level 1:colcon.colcon_core.package_identification:_identify(.) by extension 'colcon_meta'
[0.242s] Level 1:colcon.colcon_core.package_identification:_identify(.) by extensions ['ros']
[0.242s] Level 1:colcon.colcon_core.package_identification:_identify(.) by extension 'ros'
[0.283s] Level 1:colcon.colcon_core.package_identification:_identify(.) by extensions ['cmake', 'python']
[0.283s] Level 1:colcon.colcon_core.package_identification:_identify(.) by extension 'cmake'
[0.283s] Level 1:colcon.colcon_core.package_identification:_identify(.) by extension 'python'
[0.283s] Level 1:colcon.colcon_core.package_identification:_identify(.) by extensions ['python_setup_py']
[0.283s] Level 1:colcon.colcon_core.package_identification:_identify(.) by extension 'python_setup_py'
[0.283s] Level 1:colcon.colcon_core.package_identification:_identify(build) by extensions ['ignore', 'ignore_ament_install']
[0.283s] Level 1:colcon.colcon_core.package_identification:_identify(build) by extension 'ignore'
[0.283s] Level 1:colcon.colcon_core.package_identification:_identify(build) ignored
[0.284s] Level 1:colcon.colcon_core.package_identification:_identify(install) by extensions ['ignore', 'ignore_ament_install']
[0.284s] Level 1:colcon.colcon_core.package_identification:_identify(install) by extension 'ignore'
[0.284s] Level 1:colcon.colcon_core.package_identification:_identify(install) ignored
[0.284s] Level 1:colcon.colcon_core.package_identification:_identify(log) by extensions ['ignore', 'ignore_ament_install']
[0.284s] Level 1:colcon.colcon_core.package_identification:_identify(log) by extension 'ignore'
[0.284s] Level 1:colcon.colcon_core.package_identification:_identify(log) ignored
[0.284s] Level 1:colcon.colcon_core.package_identification:_identify(src) by extensions ['ignore', 'ignore_ament_install']
[0.284s] Level 1:colcon.colcon_core.package_identification:_identify(src) by extension 'ignore'
[0.284s] Level 1:colcon.colcon_core.package_identification:_identify(src) by extension 'ignore_ament_install'
[0.284s] Level 1:colcon.colcon_core.package_identification:_identify(src) by extensions ['colcon_pkg']
[0.284s] Level 1:colcon.colcon_core.package_identification:_identify(src) by extension 'colcon_pkg'
[0.284s] Level 1:colcon.colcon_core.package_identification:_identify(src) by extensions ['colcon_meta']
[0.284s] Level 1:colcon.colcon_core.package_identification:_identify(src) by extension 'colcon_meta'
[0.284s] Level 1:colcon.colcon_core.package_identification:_identify(src) by extensions ['ros']
[0.284s] Level 1:colcon.colcon_core.package_identification:_identify(src) by extension 'ros'
[0.284s] Level 1:colcon.colcon_core.package_identification:_identify(src) by extensions ['cmake', 'python']
[0.285s] Level 1:colcon.colcon_core.package_identification:_identify(src) by extension 'cmake'
[0.285s] Level 1:colcon.colcon_core.package_identification:_identify(src) by extension 'python'
[0.285s] Level 1:colcon.colcon_core.package_identification:_identify(src) by extensions ['python_setup_py']
[0.285s] Level 1:colcon.colcon_core.package_identification:_identify(src) by extension 'python_setup_py'
[0.285s] Level 1:colcon.colcon_core.package_identification:_identify(src/chrono_guardian_bridge_pkg) by extensions ['ignore', 'ignore_ament_install']
[0.285s] Level 1:colcon.colcon_core.package_identification:_identify(src/chrono_guardian_bridge_pkg) by extension 'ignore'
[0.285s] Level 1:colcon.colcon_core.package_identification:_identify(src/chrono_guardian_bridge_pkg) by extension 'ignore_ament_install'
[0.285s] Level 1:colcon.colcon_core.package_identification:_identify(src/chrono_guardian_bridge_pkg) by extensions ['colcon_pkg']
[0.285s] Level 1:colcon.colcon_core.package_identification:_identify(src/chrono_guardian_bridge_pkg) by extension 'colcon_pkg'
[0.285s] Level 1:colcon.colcon_core.package_identification:_identify(src/chrono_guardian_bridge_pkg) by extensions ['colcon_meta']
[0.285s] Level 1:colcon.colcon_core.package_identification:_identify(src/chrono_guardian_bridge_pkg) by extension 'colcon_meta'
[0.285s] Level 1:colcon.colcon_core.package_identification:_identify(src/chrono_guardian_bridge_pkg) by extensions ['ros']
[0.285s] Level 1:colcon.colcon_core.package_identification:_identify(src/chrono_guardian_bridge_pkg) by extension 'ros'
[0.288s] DEBUG:colcon.colcon_core.package_identification:Package 'src/chrono_guardian_bridge_pkg' with type 'ros.ament_python' and name 'chrono_guardian_bridge_pkg'
[0.288s] Level 1:colcon.colcon_core.package_identification:_identify(src/chrono_guardian_controller_pkg) by extensions ['ignore', 'ignore_ament_install']
[0.288s] Level 1:colcon.colcon_core.package_identification:_identify(src/chrono_guardian_controller_pkg) by extension 'ignore'
[0.288s] Level 1:colcon.colcon_core.package_identification:_identify(src/chrono_guardian_controller_pkg) by extension 'ignore_ament_install'
[0.288s] Level 1:colcon.colcon_core.package_identification:_identify(src/chrono_guardian_controller_pkg) by extensions ['colcon_pkg']
[0.288s] Level 1:colcon.colcon_core.package_identification:_identify(src/chrono_guardian_controller_pkg) by extension 'colcon_pkg'
[0.288s] Level 1:colcon.colcon_core.package_identification:_identify(src/chrono_guardian_controller_pkg) by extensions ['colcon_meta']
[0.288s] Level 1:colcon.colcon_core.package_identification:_identify(src/chrono_guardian_controller_pkg) by extension 'colcon_meta'
[0.289s] Level 1:colcon.colcon_core.package_identification:_identify(src/chrono_guardian_controller_pkg) by extensions ['ros']
[0.289s] Level 1:colcon.colcon_core.package_identification:_identify(src/chrono_guardian_controller_pkg) by extension 'ros'
[0.289s] DEBUG:colcon.colcon_core.package_identification:Package 'src/chrono_guardian_controller_pkg' with type 'ros.ament_python' and name 'chrono_guardian_controller_pkg'
[0.289s] Level 1:colcon.colcon_core.package_identification:_identify(src/sfr_coursework2_interface_package) by extensions ['ignore', 'ignore_ament_install']
[0.289s] Level 1:colcon.colcon_core.package_identification:_identify(src/sfr_coursework2_interface_package) by extension 'ignore'
[0.289s] Level 1:colcon.colcon_core.package_identification:_identify(src/sfr_coursework2_interface_package) by extension 'ignore_ament_install'
[0.289s] Level 1:colcon.colcon_core.package_identification:_identify(src/sfr_coursework2_interface_package) by extensions ['colcon_pkg']
[0.290s] Level 1:colcon.colcon_core.package_identification:_identify(src/sfr_coursework2_interface_package) by extension 'colcon_pkg'
[0.290s] Level 1:colcon.colcon_core.package_identification:_identify(src/sfr_coursework2_interface_package) by extensions ['colcon_meta']
[0.290s] Level 1:colcon.colcon_core.package_identification:_identify(src/sfr_coursework2_interface_package) by extension 'colcon_meta'
[0.290s] Level 1:colcon.colcon_core.package_identification:_identify(src/sfr_coursework2_interface_package) by extensions ['ros']
[0.290s] Level 1:colcon.colcon_core.package_identification:_identify(src/sfr_coursework2_interface_package) by extension 'ros'
[0.290s] DEBUG:colcon.colcon_core.package_identification:Package 'src/sfr_coursework2_interface_package' with type 'ros.ament_cmake' and name 'sfr_coursework2_interface_package'
[0.290s] Level 1:colcon.colcon_core.package_discovery:discover_packages(recursive) using defaults
[0.290s] Level 1:colcon.colcon_core.package_discovery:discover_packages(ignore) discover
[0.290s] Level 1:colcon.colcon_core.package_discovery:discover_packages(ignore) using defaults
[0.290s] Level 1:colcon.colcon_core.package_discovery:discover_packages(path) discover
[0.290s] Level 1:colcon.colcon_core.package_discovery:discover_packages(path) using defaults
[0.317s] Level 1:colcon.colcon_core.package_discovery:discover_packages(prefix_path) check parameters
[0.317s] Level 1:colcon.colcon_core.package_discovery:discover_packages(prefix_path) discover
[0.320s] DEBUG:colcon.colcon_installed_package_information.package_discovery:Found 3 installed packages in /home/laptop3/UoM/SoftwareForRobotics/coursework/coursework2/install
[0.324s] DEBUG:colcon.colcon_installed_package_information.package_discovery:Found 447 installed packages in /opt/ros/jazzy
[0.326s] Level 1:colcon.colcon_core.package_discovery:discover_packages(prefix_path) using defaults
[0.387s] Level 5:colcon.colcon_core.verb:set package 'chrono_guardian_bridge_pkg' build argument 'cmake_args' from command line to 'None'
[0.387s] Level 5:colcon.colcon_core.verb:set package 'chrono_guardian_bridge_pkg' build argument 'cmake_target' from command line to 'None'
[0.387s] Level 5:colcon.colcon_core.verb:set package 'chrono_guardian_bridge_pkg' build argument 'cmake_target_skip_unavailable' from command line to 'False'
[0.387s] Level 5:colcon.colcon_core.verb:set package 'chrono_guardian_bridge_pkg' build argument 'cmake_clean_cache' from command line to 'False'
[0.387s] Level 5:colcon.colcon_core.verb:set package 'chrono_guardian_bridge_pkg' build argument 'cmake_clean_first' from command line to 'False'
[0.387s] Level 5:colcon.colcon_core.verb:set package 'chrono_guardian_bridge_pkg' build argument 'cmake_force_configure' from command line to 'False'
[0.387s] Level 5:colcon.colcon_core.verb:set package 'chrono_guardian_bridge_pkg' build argument 'ament_cmake_args' from command line to 'None'
[0.387s] Level 5:colcon.colcon_core.verb:set package 'chrono_guardian_bridge_pkg' build argument 'catkin_cmake_args' from command line to 'None'
[0.387s] Level 5:colcon.colcon_core.verb:set package 'chrono_guardian_bridge_pkg' build argument 'catkin_skip_building_tests' from command line to 'False'
[0.387s] DEBUG:colcon.colcon_core.verb:Building package 'chrono_guardian_bridge_pkg' with the following arguments: {'ament_cmake_args': None, 'build_base': '/home/laptop3/UoM/SoftwareForRobotics/coursework/coursework2/build/chrono_guardian_bridge_pkg', 'catkin_cmake_args': None, 'catkin_skip_building_tests': False, 'cmake_args': None, 'cmake_clean_cache': False, 'cmake_clean_first': False, 'cmake_force_configure': False, 'cmake_target': None, 'cmake_target_skip_unavailable': False, 'install_base': '/home/laptop3/UoM/SoftwareForRobotics/coursework/coursework2/install/chrono_guardian_bridge_pkg', 'merge_install': False, 'path': '/home/laptop3/UoM/SoftwareForRobotics/coursework/coursework2/src/chrono_guardian_bridge_pkg', 'symlink_install': False, 'test_result_base': None}
[0.388s] Level 5:colcon.colcon_core.verb:set package 'sfr_coursework2_interface_package' build argument 'cmake_args' from command line to 'None'
[0.388s] Level 5:colcon.colcon_core.verb:set package 'sfr_coursework2_interface_package' build argument 'cmake_target' from command line to 'None'
[0.388s] Level 5:colcon.colcon_core.verb:set package 'sfr_coursework2_interface_package' build argument 'cmake_target_skip_unavailable' from command line to 'False'
[0.388s] Level 5:colcon.colcon_core.verb:set package 'sfr_coursework2_interface_package' build argument 'cmake_clean_cache' from command line to 'False'
[0.388s] Level 5:colcon.colcon_core.verb:set package 'sfr_coursework2_interface_package' build argument 'cmake_clean_first' from command line to 'False'
[0.388s] Level 5:colcon.colcon_core.verb:set package 'sfr_coursework2_interface_package' build argument 'cmake_force_configure' from command line to 'False'
[0.388s] Level 5:colcon.colcon_core.verb:set package 'sfr_coursework2_interface_package' build argument 'ament_cmake_args' from command line to 'None'
[0.388s] Level 5:colcon.colcon_core.verb:set package 'sfr_coursework2_interface_package' build argument 'catkin_cmake_args' from command line to 'None'
[0.388s] Level 5:colcon.colcon_core.verb:set package 'sfr_coursework2_interface_package' build argument 'catkin_skip_building_tests' from command line to 'False'
[0.388s] DEBUG:colcon.colcon_core.verb:Building package 'sfr_coursework2_interface_package' with the following arguments: {'ament_cmake_args': None, 'build_base': '/home/laptop3/UoM/SoftwareForRobotics/coursework/coursework2/build/sfr_coursework2_interface_package', 'catkin_cmake_args': None, 'catkin_skip_building_tests': False, 'cmake_args': None, 'cmake_clean_cache': False, 'cmake_clean_first': False, 'cmake_force_configure': False, 'cmake_target': None, 'cmake_target_skip_unavailable': False, 'install_base': '/home/laptop3/UoM/SoftwareForRobotics/coursework/coursework2/install/sfr_coursework2_interface_package', 'merge_install': False, 'path': '/home/laptop3/UoM/SoftwareForRobotics/coursework/coursework2/src/sfr_coursework2_interface_package', 'symlink_install': False, 'test_result_base': None}
[0.389s] Level 5:colcon.colcon_core.verb:set package 'chrono_guardian_controller_pkg' build argument 'cmake_args' from command line to 'None'
[0.389s] Level 5:colcon.colcon_core.verb:set package 'chrono_guardian_controller_pkg' build argument 'cmake_target' from command line to 'None'
[0.389s] Level 5:colcon.colcon_core.verb:set package 'chrono_guardian_controller_pkg' build argument 'cmake_target_skip_unavailable' from command line to 'False'
[0.389s] Level 5:colcon.colcon_core.verb:set package 'chrono_guardian_controller_pkg' build argument 'cmake_clean_cache' from command line to 'False'
[0.389s] Level 5:colcon.colcon_core.verb:set package 'chrono_guardian_controller_pkg' build argument 'cmake_clean_first' from command line to 'False'
[0.389s] Level 5:colcon.colcon_core.verb:set package 'chrono_guardian_controller_pkg' build argument 'cmake_force_configure' from command line to 'False'
[0.389s] Level 5:colcon.colcon_core.verb:set package 'chrono_guardian_controller_pkg' build argument 'ament_cmake_args' from command line to 'None'
[0.389s] Level 5:colcon.colcon_core.verb:set package 'chrono_guardian_controller_pkg' build argument 'catkin_cmake_args' from command line to 'None'
[0.389s] Level 5:colcon.colcon_core.verb:set package 'chrono_guardian_controller_pkg' build argument 'catkin_skip_building_tests' from command line to 'False'
[0.389s] DEBUG:colcon.colcon_core.verb:Building package 'chrono_guardian_controller_pkg' with the following arguments: {'ament_cmake_args': None, 'build_base': '/home/laptop3/UoM/SoftwareForRobotics/coursework/coursework2/build/chrono_guardian_controller_pkg', 'catkin_cmake_args': None, 'catkin_skip_building_tests': False, 'cmake_args': None, 'cmake_clean_cache': False, 'cmake_clean_first': False, 'cmake_force_configure': False, 'cmake_target': None, 'cmake_target_skip_unavailable': False, 'install_base': '/home/laptop3/UoM/SoftwareForRobotics/coursework/coursework2/install/chrono_guardian_controller_pkg', 'merge_install': False, 'path': '/home/laptop3/UoM/SoftwareForRobotics/coursework/coursework2/src/chrono_guardian_controller_pkg', 'symlink_install': False, 'test_result_base': None}
[0.389s] INFO:colcon.colcon_core.executor:Executing jobs using 'parallel' executor
[0.391s] DEBUG:colcon.colcon_parallel_executor.executor.parallel:run_until_complete
[0.392s] INFO:colcon.colcon_ros.task.ament_cmake.build:Building ROS package in '/home/laptop3/UoM/SoftwareForRobotics/coursework/coursework2/src/sfr_coursework2_interface_package' with build type 'ament_cmake'
[0.392s] INFO:colcon.colcon_cmake.task.cmake.build:Building CMake package in '/home/laptop3/UoM/SoftwareForRobotics/coursework/coursework2/src/sfr_coursework2_interface_package'
[0.396s] INFO:colcon.colcon_core.plugin_system:Skipping extension 'colcon_core.shell.bat': Not used on non-Windows systems
[0.397s] INFO:colcon.colcon_core.shell:Skip shell extension 'powershell' for command environment: Not usable outside of PowerShell
[0.397s] DEBUG:colcon.colcon_core.shell:Skip shell extension 'dsv' for command environment
[0.404s] INFO:colcon.colcon_ros.task.ament_python.build:Building ROS package in '/home/laptop3/UoM/SoftwareForRobotics/coursework/coursework2/src/chrono_guardian_bridge_pkg' with build type 'ament_python'
[0.405s] Level 1:colcon.colcon_core.shell:create_environment_hook('chrono_guardian_bridge_pkg', 'ament_prefix_path')
[0.405s] INFO:colcon.colcon_core.shell:Creating environment hook '/home/laptop3/UoM/SoftwareForRobotics/coursework/coursework2/install/chrono_guardian_bridge_pkg/share/chrono_guardian_bridge_pkg/hook/ament_prefix_path.ps1'
[0.406s] INFO:colcon.colcon_core.shell:Creating environment descriptor '/home/laptop3/UoM/SoftwareForRobotics/coursework/coursework2/install/chrono_guardian_bridge_pkg/share/chrono_guardian_bridge_pkg/hook/ament_prefix_path.dsv'
[0.407s] INFO:colcon.colcon_core.shell:Creating environment hook '/home/laptop3/UoM/SoftwareForRobotics/coursework/coursework2/install/chrono_guardian_bridge_pkg/share/chrono_guardian_bridge_pkg/hook/ament_prefix_path.sh'
[0.408s] INFO:colcon.colcon_core.shell:Skip shell extension 'powershell' for command environment: Not usable outside of PowerShell
[0.408s] DEBUG:colcon.colcon_core.shell:Skip shell extension 'dsv' for command environment
[0.421s] DEBUG:colcon.colcon_core.event_handler.log_command:Invoking command in '/home/laptop3/UoM/SoftwareForRobotics/coursework/coursework2/build/sfr_coursework2_interface_package': CMAKE_PREFIX_PATH=${CMAKE_PREFIX_PATH}:/home/laptop3/UoM/SoftwareForRobotics/coursework/coursework2/install/chrono_guardian_controller_pkg:/home/laptop3/UoM/SoftwareForRobotics/coursework/coursework2/install/chrono_guardian_bridge_pkg:/opt/ros/jazzy DEBUGINFOD_URLS=https://debuginfod.ubuntu.com /usr/bin/cmake --build /home/laptop3/UoM/SoftwareForRobotics/coursework/coursework2/build/sfr_coursework2_interface_package -- -j12 -l12
[1.015s] INFO:colcon.colcon_core.task.python.build:Building Python package in '/home/laptop3/UoM/SoftwareForRobotics/coursework/coursework2/src/chrono_guardian_bridge_pkg'
[1.016s] INFO:colcon.colcon_core.shell:Skip shell extension 'powershell' for command environment: Not usable outside of PowerShell
[1.016s] DEBUG:colcon.colcon_core.shell:Skip shell extension 'dsv' for command environment
[1.365s] DEBUG:colcon.colcon_core.event_handler.log_command:Invoked command in '/home/laptop3/UoM/SoftwareForRobotics/coursework/coursework2/build/sfr_coursework2_interface_package' returned '0': CMAKE_PREFIX_PATH=${CMAKE_PREFIX_PATH}:/home/laptop3/UoM/SoftwareForRobotics/coursework/coursework2/install/chrono_guardian_controller_pkg:/home/laptop3/UoM/SoftwareForRobotics/coursework/coursework2/install/chrono_guardian_bridge_pkg:/opt/ros/jazzy DEBUGINFOD_URLS=https://debuginfod.ubuntu.com /usr/bin/cmake --build /home/laptop3/UoM/SoftwareForRobotics/coursework/coursework2/build/sfr_coursework2_interface_package -- -j12 -l12
[1.399s] DEBUG:colcon.colcon_core.event_handler.log_command:Invoking command in '/home/laptop3/UoM/SoftwareForRobotics/coursework/coursework2/build/sfr_coursework2_interface_package': CMAKE_PREFIX_PATH=${CMAKE_PREFIX_PATH}:/home/laptop3/UoM/SoftwareForRobotics/coursework/coursework2/install/chrono_guardian_controller_pkg:/home/laptop3/UoM/SoftwareForRobotics/coursework/coursework2/install/chrono_guardian_bridge_pkg:/opt/ros/jazzy DEBUGINFOD_URLS=https://debuginfod.ubuntu.com /usr/bin/cmake --install /home/laptop3/UoM/SoftwareForRobotics/coursework/coursework2/build/sfr_coursework2_interface_package
[1.527s] Level 1:colcon.colcon_core.environment:create_environment_scripts_only(sfr_coursework2_interface_package)
[1.529s] DEBUG:colcon.colcon_core.event_handler.log_command:Invoked command in '/home/laptop3/UoM/SoftwareForRobotics/coursework/coursework2/build/sfr_coursework2_interface_package' returned '0': CMAKE_PREFIX_PATH=${CMAKE_PREFIX_PATH}:/home/laptop3/UoM/SoftwareForRobotics/coursework/coursework2/install/chrono_guardian_controller_pkg:/home/laptop3/UoM/SoftwareForRobotics/coursework/coursework2/install/chrono_guardian_bridge_pkg:/opt/ros/jazzy DEBUGINFOD_URLS=https://debuginfod.ubuntu.com /usr/bin/cmake --install /home/laptop3/UoM/SoftwareForRobotics/coursework/coursework2/build/sfr_coursework2_interface_package
[1.536s] Level 1:colcon.colcon_core.environment:checking '/home/laptop3/UoM/SoftwareForRobotics/coursework/coursework2/install/sfr_coursework2_interface_package' for CMake module files
[1.536s] Level 1:colcon.colcon_core.environment:checking '/home/laptop3/UoM/SoftwareForRobotics/coursework/coursework2/install/sfr_coursework2_interface_package' for CMake config files
[1.537s] Level 1:colcon.colcon_core.shell:create_environment_hook('sfr_coursework2_interface_package', 'cmake_prefix_path')
[1.537s] INFO:colcon.colcon_core.shell:Creating environment hook '/home/laptop3/UoM/SoftwareForRobotics/coursework/coursework2/install/sfr_coursework2_interface_package/share/sfr_coursework2_interface_package/hook/cmake_prefix_path.ps1'
[1.538s] INFO:colcon.colcon_core.shell:Creating environment descriptor '/home/laptop3/UoM/SoftwareForRobotics/coursework/coursework2/install/sfr_coursework2_interface_package/share/sfr_coursework2_interface_package/hook/cmake_prefix_path.dsv'
[1.538s] INFO:colcon.colcon_core.shell:Creating environment hook '/home/laptop3/UoM/SoftwareForRobotics/coursework/coursework2/install/sfr_coursework2_interface_package/share/sfr_coursework2_interface_package/hook/cmake_prefix_path.sh'
[1.539s] Level 1:colcon.colcon_core.environment:checking '/home/laptop3/UoM/SoftwareForRobotics/coursework/coursework2/install/sfr_coursework2_interface_package/lib'
[1.540s] Level 1:colcon.colcon_core.shell:create_environment_hook('sfr_coursework2_interface_package', 'ld_library_path_lib')
[1.540s] INFO:colcon.colcon_core.shell:Creating environment hook '/home/laptop3/UoM/SoftwareForRobotics/coursework/coursework2/install/sfr_coursework2_interface_package/share/sfr_coursework2_interface_package/hook/ld_library_path_lib.ps1'
[1.540s] INFO:colcon.colcon_core.shell:Creating environment descriptor '/home/laptop3/UoM/SoftwareForRobotics/coursework/coursework2/install/sfr_coursework2_interface_package/share/sfr_coursework2_interface_package/hook/ld_library_path_lib.dsv'
[1.541s] INFO:colcon.colcon_core.shell:Creating environment hook '/home/laptop3/UoM/SoftwareForRobotics/coursework/coursework2/install/sfr_coursework2_interface_package/share/sfr_coursework2_interface_package/hook/ld_library_path_lib.sh'
[1.541s] Level 1:colcon.colcon_core.environment:checking '/home/laptop3/UoM/SoftwareForRobotics/coursework/coursework2/install/sfr_coursework2_interface_package/bin'
[1.542s] Level 1:colcon.colcon_core.environment:checking '/home/laptop3/UoM/SoftwareForRobotics/coursework/coursework2/install/sfr_coursework2_interface_package/lib/pkgconfig/sfr_coursework2_interface_package.pc'
[1.542s] Level 1:colcon.colcon_core.environment:checking '/home/laptop3/UoM/SoftwareForRobotics/coursework/coursework2/install/sfr_coursework2_interface_package/lib/python3.12/site-packages'
[1.542s] Level 1:colcon.colcon_core.shell:create_environment_hook('sfr_coursework2_interface_package', 'pythonpath')
[1.542s] INFO:colcon.colcon_core.shell:Creating environment hook '/home/laptop3/UoM/SoftwareForRobotics/coursework/coursework2/install/sfr_coursework2_interface_package/share/sfr_coursework2_interface_package/hook/pythonpath.ps1'
[1.543s] INFO:colcon.colcon_core.shell:Creating environment descriptor '/home/laptop3/UoM/SoftwareForRobotics/coursework/coursework2/install/sfr_coursework2_interface_package/share/sfr_coursework2_interface_package/hook/pythonpath.dsv'
[1.543s] INFO:colcon.colcon_core.shell:Creating environment hook '/home/laptop3/UoM/SoftwareForRobotics/coursework/coursework2/install/sfr_coursework2_interface_package/share/sfr_coursework2_interface_package/hook/pythonpath.sh'
[1.544s] Level 1:colcon.colcon_core.environment:checking '/home/laptop3/UoM/SoftwareForRobotics/coursework/coursework2/install/sfr_coursework2_interface_package/bin'
[1.545s] INFO:colcon.colcon_core.shell:Creating package script '/home/laptop3/UoM/SoftwareForRobotics/coursework/coursework2/install/sfr_coursework2_interface_package/share/sfr_coursework2_interface_package/package.ps1'
[1.547s] INFO:colcon.colcon_core.shell:Creating package descriptor '/home/laptop3/UoM/SoftwareForRobotics/coursework/coursework2/install/sfr_coursework2_interface_package/share/sfr_coursework2_interface_package/package.dsv'
[1.547s] INFO:colcon.colcon_core.shell:Creating package script '/home/laptop3/UoM/SoftwareForRobotics/coursework/coursework2/install/sfr_coursework2_interface_package/share/sfr_coursework2_interface_package/package.sh'
[1.548s] INFO:colcon.colcon_core.shell:Creating package script '/home/laptop3/UoM/SoftwareForRobotics/coursework/coursework2/install/sfr_coursework2_interface_package/share/sfr_coursework2_interface_package/package.bash'
[1.549s] INFO:colcon.colcon_core.shell:Creating package script '/home/laptop3/UoM/SoftwareForRobotics/coursework/coursework2/install/sfr_coursework2_interface_package/share/sfr_coursework2_interface_package/package.zsh'
[1.550s] Level 1:colcon.colcon_core.environment:create_file_with_runtime_dependencies(/home/laptop3/UoM/SoftwareForRobotics/coursework/coursework2/install/sfr_coursework2_interface_package/share/colcon-core/packages/sfr_coursework2_interface_package)
[1.552s] Level 1:colcon.colcon_core.environment:create_environment_scripts_only(sfr_coursework2_interface_package)
[1.552s] Level 1:colcon.colcon_core.environment:checking '/home/laptop3/UoM/SoftwareForRobotics/coursework/coursework2/install/sfr_coursework2_interface_package' for CMake module files
[1.554s] Level 1:colcon.colcon_core.environment:checking '/home/laptop3/UoM/SoftwareForRobotics/coursework/coursework2/install/sfr_coursework2_interface_package' for CMake config files
[1.555s] Level 1:colcon.colcon_core.shell:create_environment_hook('sfr_coursework2_interface_package', 'cmake_prefix_path')
[1.556s] INFO:colcon.colcon_core.shell:Creating environment hook '/home/laptop3/UoM/SoftwareForRobotics/coursework/coursework2/install/sfr_coursework2_interface_package/share/sfr_coursework2_interface_package/hook/cmake_prefix_path.ps1'
[1.557s] INFO:colcon.colcon_core.shell:Creating environment descriptor '/home/laptop3/UoM/SoftwareForRobotics/coursework/coursework2/install/sfr_coursework2_interface_package/share/sfr_coursework2_interface_package/hook/cmake_prefix_path.dsv'
[1.558s] INFO:colcon.colcon_core.shell:Creating environment hook '/home/laptop3/UoM/SoftwareForRobotics/coursework/coursework2/install/sfr_coursework2_interface_package/share/sfr_coursework2_interface_package/hook/cmake_prefix_path.sh'
[1.559s] Level 1:colcon.colcon_core.environment:checking '/home/laptop3/UoM/SoftwareForRobotics/coursework/coursework2/install/sfr_coursework2_interface_package/lib'
[1.559s] Level 1:colcon.colcon_core.shell:create_environment_hook('sfr_coursework2_interface_package', 'ld_library_path_lib')
[1.560s] INFO:colcon.colcon_core.shell:Creating environment hook '/home/laptop3/UoM/SoftwareForRobotics/coursework/coursework2/install/sfr_coursework2_interface_package/share/sfr_coursework2_interface_package/hook/ld_library_path_lib.ps1'
[1.561s] INFO:colcon.colcon_core.shell:Creating environment descriptor '/home/laptop3/UoM/SoftwareForRobotics/coursework/coursework2/install/sfr_coursework2_interface_package/share/sfr_coursework2_interface_package/hook/ld_library_path_lib.dsv'
[1.561s] INFO:colcon.colcon_core.shell:Creating environment hook '/home/laptop3/UoM/SoftwareForRobotics/coursework/coursework2/install/sfr_coursework2_interface_package/share/sfr_coursework2_interface_package/hook/ld_library_path_lib.sh'
[1.562s] Level 1:colcon.colcon_core.environment:checking '/home/laptop3/UoM/SoftwareForRobotics/coursework/coursework2/install/sfr_coursework2_interface_package/bin'
[1.562s] Level 1:colcon.colcon_core.environment:checking '/home/laptop3/UoM/SoftwareForRobotics/coursework/coursework2/install/sfr_coursework2_interface_package/lib/pkgconfig/sfr_coursework2_interface_package.pc'
[1.562s] Level 1:colcon.colcon_core.environment:checking '/home/laptop3/UoM/SoftwareForRobotics/coursework/coursework2/install/sfr_coursework2_interface_package/lib/python3.12/site-packages'
[1.563s] Level 1:colcon.colcon_core.shell:create_environment_hook('sfr_coursework2_interface_package', 'pythonpath')
[1.563s] INFO:colcon.colcon_core.shell:Creating environment hook '/home/laptop3/UoM/SoftwareForRobotics/coursework/coursework2/install/sfr_coursework2_interface_package/share/sfr_coursework2_interface_package/hook/pythonpath.ps1'
[1.563s] INFO:colcon.colcon_core.shell:Creating environment descriptor '/home/laptop3/UoM/SoftwareForRobotics/coursework/coursework2/install/sfr_coursework2_interface_package/share/sfr_coursework2_interface_package/hook/pythonpath.dsv'
[1.564s] INFO:colcon.colcon_core.shell:Creating environment hook '/home/laptop3/UoM/SoftwareForRobotics/coursework/coursework2/install/sfr_coursework2_interface_package/share/sfr_coursework2_interface_package/hook/pythonpath.sh'
[1.565s] Level 1:colcon.colcon_core.environment:checking '/home/laptop3/UoM/SoftwareForRobotics/coursework/coursework2/install/sfr_coursework2_interface_package/bin'
[1.565s] INFO:colcon.colcon_core.shell:Creating package script '/home/laptop3/UoM/SoftwareForRobotics/coursework/coursework2/install/sfr_coursework2_interface_package/share/sfr_coursework2_interface_package/package.ps1'
[1.566s] INFO:colcon.colcon_core.shell:Creating package descriptor '/home/laptop3/UoM/SoftwareForRobotics/coursework/coursework2/install/sfr_coursework2_interface_package/share/sfr_coursework2_interface_package/package.dsv'
[1.567s] INFO:colcon.colcon_core.shell:Creating package script '/home/laptop3/UoM/SoftwareForRobotics/coursework/coursework2/install/sfr_coursework2_interface_package/share/sfr_coursework2_interface_package/package.sh'
[1.567s] INFO:colcon.colcon_core.shell:Creating package script '/home/laptop3/UoM/SoftwareForRobotics/coursework/coursework2/install/sfr_coursework2_interface_package/share/sfr_coursework2_interface_package/package.bash'
[1.568s] INFO:colcon.colcon_core.shell:Creating package script '/home/laptop3/UoM/SoftwareForRobotics/coursework/coursework2/install/sfr_coursework2_interface_package/share/sfr_coursework2_interface_package/package.zsh'
[1.568s] Level 1:colcon.colcon_core.environment:create_file_with_runtime_dependencies(/home/laptop3/UoM/SoftwareForRobotics/coursework/coursework2/install/sfr_coursework2_interface_package/share/colcon-core/packages/sfr_coursework2_interface_package)
[1.569s] INFO:colcon.colcon_ros.task.ament_python.build:Building ROS package in '/home/laptop3/UoM/SoftwareForRobotics/coursework/coursework2/src/chrono_guardian_controller_pkg' with build type 'ament_python'
[1.569s] Level 1:colcon.colcon_core.shell:create_environment_hook('chrono_guardian_controller_pkg', 'ament_prefix_path')
[1.569s] INFO:colcon.colcon_core.shell:Creating environment hook '/home/laptop3/UoM/SoftwareForRobotics/coursework/coursework2/install/chrono_guardian_controller_pkg/share/chrono_guardian_controller_pkg/hook/ament_prefix_path.ps1'
[1.571s] INFO:colcon.colcon_core.shell:Creating environment descriptor '/home/laptop3/UoM/SoftwareForRobotics/coursework/coursework2/install/chrono_guardian_controller_pkg/share/chrono_guardian_controller_pkg/hook/ament_prefix_path.dsv'
[1.572s] INFO:colcon.colcon_core.shell:Creating environment hook '/home/laptop3/UoM/SoftwareForRobotics/coursework/coursework2/install/chrono_guardian_controller_pkg/share/chrono_guardian_controller_pkg/hook/ament_prefix_path.sh'
[1.573s] INFO:colcon.colcon_core.shell:Skip shell extension 'powershell' for command environment: Not usable outside of PowerShell
[1.574s] DEBUG:colcon.colcon_core.shell:Skip shell extension 'dsv' for command environment
[2.280s] INFO:colcon.colcon_core.task.python.build:Building Python package in '/home/laptop3/UoM/SoftwareForRobotics/coursework/coursework2/src/chrono_guardian_controller_pkg'
[2.280s] INFO:colcon.colcon_core.shell:Skip shell extension 'powershell' for command environment: Not usable outside of PowerShell
[2.280s] DEBUG:colcon.colcon_core.shell:Skip shell extension 'dsv' for command environment
[2.344s] DEBUG:colcon.colcon_core.event_handler.log_command:Invoking command in '/home/laptop3/UoM/SoftwareForRobotics/coursework/coursework2/src/chrono_guardian_bridge_pkg': DEBUGINFOD_URLS=https://debuginfod.ubuntu.com PYTHONPATH=/home/laptop3/UoM/SoftwareForRobotics/coursework/coursework2/build/chrono_guardian_bridge_pkg/prefix_override:/usr/lib/python3/dist-packages/colcon_core/task/python/colcon_distutils_commands:/home/laptop3/UoM/SoftwareForRobotics/coursework/coursework2/install/chrono_guardian_bridge_pkg/lib/python3.12/site-packages:${PYTHONPATH} /usr/bin/python3 -W ignore:setup.py install is deprecated -W ignore:easy_install command is deprecated setup.py egg_info --egg-base ../../build/chrono_guardian_bridge_pkg build --build-base /home/laptop3/UoM/SoftwareForRobotics/coursework/coursework2/build/chrono_guardian_bridge_pkg/build install --record /home/laptop3/UoM/SoftwareForRobotics/coursework/coursework2/build/chrono_guardian_bridge_pkg/install.log --single-version-externally-managed install_data
[3.572s] DEBUG:colcon.colcon_core.event_handler.log_command:Invoking command in '/home/laptop3/UoM/SoftwareForRobotics/coursework/coursework2/src/chrono_guardian_controller_pkg': DEBUGINFOD_URLS=https://debuginfod.ubuntu.com PYTHONPATH=/home/laptop3/UoM/SoftwareForRobotics/coursework/coursework2/build/chrono_guardian_controller_pkg/prefix_override:/usr/lib/python3/dist-packages/colcon_core/task/python/colcon_distutils_commands:/home/laptop3/UoM/SoftwareForRobotics/coursework/coursework2/install/chrono_guardian_controller_pkg/lib/python3.12/site-packages:/home/laptop3/UoM/SoftwareForRobotics/coursework/coursework2/install/sfr_coursework2_interface_package/lib/python3.12/site-packages:/home/laptop3/UoM/SoftwareForRobotics/coursework/coursework2/install/chrono_guardian_controller_pkg/lib/python3.12/site-packages:/home/laptop3/UoM/SoftwareForRobotics/coursework/coursework2/install/chrono_guardian_bridge_pkg/lib/python3.12/site-packages:/opt/ros/jazzy/lib/python3.12/site-packages /usr/bin/python3 -W ignore:setup.py install is deprecated -W ignore:easy_install command is deprecated setup.py egg_info --egg-base ../../build/chrono_guardian_controller_pkg build --build-base /home/laptop3/UoM/SoftwareForRobotics/coursework/coursework2/build/chrono_guardian_controller_pkg/build install --record /home/laptop3/UoM/SoftwareForRobotics/coursework/coursework2/build/chrono_guardian_controller_pkg/install.log --single-version-externally-managed install_data
[4.071s] Level 1:colcon.colcon_core.environment:checking '/home/laptop3/UoM/SoftwareForRobotics/coursework/coursework2/install/chrono_guardian_bridge_pkg' for CMake module files
[4.072s] DEBUG:colcon.colcon_core.event_handler.log_command:Invoked command in '/home/laptop3/UoM/SoftwareForRobotics/coursework/coursework2/src/chrono_guardian_bridge_pkg' returned '0': DEBUGINFOD_URLS=https://debuginfod.ubuntu.com PYTHONPATH=/home/laptop3/UoM/SoftwareForRobotics/coursework/coursework2/build/chrono_guardian_bridge_pkg/prefix_override:/usr/lib/python3/dist-packages/colcon_core/task/python/colcon_distutils_commands:/home/laptop3/UoM/SoftwareForRobotics/coursework/coursework2/install/chrono_guardian_bridge_pkg/lib/python3.12/site-packages:${PYTHONPATH} /usr/bin/python3 -W ignore:setup.py install is deprecated -W ignore:easy_install command is deprecated setup.py egg_info --egg-base ../../build/chrono_guardian_bridge_pkg build --build-base /home/laptop3/UoM/SoftwareForRobotics/coursework/coursework2/build/chrono_guardian_bridge_pkg/build install --record /home/laptop3/UoM/SoftwareForRobotics/coursework/coursework2/build/chrono_guardian_bridge_pkg/install.log --single-version-externally-managed install_data
[4.073s] Level 1:colcon.colcon_core.environment:checking '/home/laptop3/UoM/SoftwareForRobotics/coursework/coursework2/install/chrono_guardian_bridge_pkg' for CMake config files
[4.074s] Level 1:colcon.colcon_core.environment:checking '/home/laptop3/UoM/SoftwareForRobotics/coursework/coursework2/install/chrono_guardian_bridge_pkg/lib'
[4.074s] Level 1:colcon.colcon_core.environment:checking '/home/laptop3/UoM/SoftwareForRobotics/coursework/coursework2/install/chrono_guardian_bridge_pkg/bin'
[4.075s] Level 1:colcon.colcon_core.environment:checking '/home/laptop3/UoM/SoftwareForRobotics/coursework/coursework2/install/chrono_guardian_bridge_pkg/lib/pkgconfig/chrono_guardian_bridge_pkg.pc'
[4.075s] Level 1:colcon.colcon_core.environment:checking '/home/laptop3/UoM/SoftwareForRobotics/coursework/coursework2/install/chrono_guardian_bridge_pkg/lib/python3.12/site-packages'
[4.075s] Level 1:colcon.colcon_core.shell:create_environment_hook('chrono_guardian_bridge_pkg', 'pythonpath')
[4.076s] INFO:colcon.colcon_core.shell:Creating environment hook '/home/laptop3/UoM/SoftwareForRobotics/coursework/coursework2/install/chrono_guardian_bridge_pkg/share/chrono_guardian_bridge_pkg/hook/pythonpath.ps1'
[4.077s] INFO:colcon.colcon_core.shell:Creating environment descriptor '/home/laptop3/UoM/SoftwareForRobotics/coursework/coursework2/install/chrono_guardian_bridge_pkg/share/chrono_guardian_bridge_pkg/hook/pythonpath.dsv'
[4.078s] INFO:colcon.colcon_core.shell:Creating environment hook '/home/laptop3/UoM/SoftwareForRobotics/coursework/coursework2/install/chrono_guardian_bridge_pkg/share/chrono_guardian_bridge_pkg/hook/pythonpath.sh'
[4.080s] Level 1:colcon.colcon_core.environment:checking '/home/laptop3/UoM/SoftwareForRobotics/coursework/coursework2/install/chrono_guardian_bridge_pkg/bin'
[4.080s] Level 1:colcon.colcon_core.environment:create_environment_scripts_only(chrono_guardian_bridge_pkg)
[4.080s] INFO:colcon.colcon_core.shell:Creating package script '/home/laptop3/UoM/SoftwareForRobotics/coursework/coursework2/install/chrono_guardian_bridge_pkg/share/chrono_guardian_bridge_pkg/package.ps1'
[4.082s] INFO:colcon.colcon_core.shell:Creating package descriptor '/home/laptop3/UoM/SoftwareForRobotics/coursework/coursework2/install/chrono_guardian_bridge_pkg/share/chrono_guardian_bridge_pkg/package.dsv'
[4.083s] INFO:colcon.colcon_core.shell:Creating package script '/home/laptop3/UoM/SoftwareForRobotics/coursework/coursework2/install/chrono_guardian_bridge_pkg/share/chrono_guardian_bridge_pkg/package.sh'
[4.084s] INFO:colcon.colcon_core.shell:Creating package script '/home/laptop3/UoM/SoftwareForRobotics/coursework/coursework2/install/chrono_guardian_bridge_pkg/share/chrono_guardian_bridge_pkg/package.bash'
[4.084s] INFO:colcon.colcon_core.shell:Creating package script '/home/laptop3/UoM/SoftwareForRobotics/coursework/coursework2/install/chrono_guardian_bridge_pkg/share/chrono_guardian_bridge_pkg/package.zsh'
[4.085s] Level 1:colcon.colcon_core.environment:create_file_with_runtime_dependencies(/home/laptop3/UoM/SoftwareForRobotics/coursework/coursework2/install/chrono_guardian_bridge_pkg/share/colcon-core/packages/chrono_guardian_bridge_pkg)
[4.910s] Level 1:colcon.colcon_core.environment:checking '/home/laptop3/UoM/SoftwareForRobotics/coursework/coursework2/install/chrono_guardian_controller_pkg' for CMake module files
[4.911s] DEBUG:colcon.colcon_core.event_handler.log_command:Invoked command in '/home/laptop3/UoM/SoftwareForRobotics/coursework/coursework2/src/chrono_guardian_controller_pkg' returned '0': DEBUGINFOD_URLS=https://debuginfod.ubuntu.com PYTHONPATH=/home/laptop3/UoM/SoftwareForRobotics/coursework/coursework2/build/chrono_guardian_controller_pkg/prefix_override:/usr/lib/python3/dist-packages/colcon_core/task/python/colcon_distutils_commands:/home/laptop3/UoM/SoftwareForRobotics/coursework/coursework2/install/chrono_guardian_controller_pkg/lib/python3.12/site-packages:/home/laptop3/UoM/SoftwareForRobotics/coursework/coursework2/install/sfr_coursework2_interface_package/lib/python3.12/site-packages:/home/laptop3/UoM/SoftwareForRobotics/coursework/coursework2/install/chrono_guardian_controller_pkg/lib/python3.12/site-packages:/home/laptop3/UoM/SoftwareForRobotics/coursework/coursework2/install/chrono_guardian_bridge_pkg/lib/python3.12/site-packages:/opt/ros/jazzy/lib/python3.12/site-packages /usr/bin/python3 -W ignore:setup.py install is deprecated -W ignore:easy_install command is deprecated setup.py egg_info --egg-base ../../build/chrono_guardian_controller_pkg build --build-base /home/laptop3/UoM/SoftwareForRobotics/coursework/coursework2/build/chrono_guardian_controller_pkg/build install --record /home/laptop3/UoM/SoftwareForRobotics/coursework/coursework2/build/chrono_guardian_controller_pkg/install.log --single-version-externally-managed install_data
[4.912s] Level 1:colcon.colcon_core.environment:checking '/home/laptop3/UoM/SoftwareForRobotics/coursework/coursework2/install/chrono_guardian_controller_pkg' for CMake config files
[4.914s] Level 1:colcon.colcon_core.environment:checking '/home/laptop3/UoM/SoftwareForRobotics/coursework/coursework2/install/chrono_guardian_controller_pkg/lib'
[4.914s] Level 1:colcon.colcon_core.environment:checking '/home/laptop3/UoM/SoftwareForRobotics/coursework/coursework2/install/chrono_guardian_controller_pkg/bin'
[4.914s] Level 1:colcon.colcon_core.environment:checking '/home/laptop3/UoM/SoftwareForRobotics/coursework/coursework2/install/chrono_guardian_controller_pkg/lib/pkgconfig/chrono_guardian_controller_pkg.pc'
[4.915s] Level 1:colcon.colcon_core.environment:checking '/home/laptop3/UoM/SoftwareForRobotics/coursework/coursework2/install/chrono_guardian_controller_pkg/lib/python3.12/site-packages'
[4.915s] Level 1:colcon.colcon_core.shell:create_environment_hook('chrono_guardian_controller_pkg', 'pythonpath')
[4.915s] INFO:colcon.colcon_core.shell:Creating environment hook '/home/laptop3/UoM/SoftwareForRobotics/coursework/coursework2/install/chrono_guardian_controller_pkg/share/chrono_guardian_controller_pkg/hook/pythonpath.ps1'
[4.916s] INFO:colcon.colcon_core.shell:Creating environment descriptor '/home/laptop3/UoM/SoftwareForRobotics/coursework/coursework2/install/chrono_guardian_controller_pkg/share/chrono_guardian_controller_pkg/hook/pythonpath.dsv'
[4.917s] INFO:colcon.colcon_core.shell:Creating environment hook '/home/laptop3/UoM/SoftwareForRobotics/coursework/coursework2/install/chrono_guardian_controller_pkg/share/chrono_guardian_controller_pkg/hook/pythonpath.sh'
[4.919s] Level 1:colcon.colcon_core.environment:checking '/home/laptop3/UoM/SoftwareForRobotics/coursework/coursework2/install/chrono_guardian_controller_pkg/bin'
[4.920s] Level 1:colcon.colcon_core.environment:create_environment_scripts_only(chrono_guardian_controller_pkg)
[4.920s] INFO:colcon.colcon_core.shell:Creating package script '/home/laptop3/UoM/SoftwareForRobotics/coursework/coursework2/install/chrono_guardian_controller_pkg/share/chrono_guardian_controller_pkg/package.ps1'
[4.921s] INFO:colcon.colcon_core.shell:Creating package descriptor '/home/laptop3/UoM/SoftwareForRobotics/coursework/coursework2/install/chrono_guardian_controller_pkg/share/chrono_guardian_controller_pkg/package.dsv'
[4.922s] INFO:colcon.colcon_core.shell:Creating package script '/home/laptop3/UoM/SoftwareForRobotics/coursework/coursework2/install/chrono_guardian_controller_pkg/share/chrono_guardian_controller_pkg/package.sh'
[4.923s] INFO:colcon.colcon_core.shell:Creating package script '/home/laptop3/UoM/SoftwareForRobotics/coursework/coursework2/install/chrono_guardian_controller_pkg/share/chrono_guardian_controller_pkg/package.bash'
[4.924s] INFO:colcon.colcon_core.shell:Creating package script '/home/laptop3/UoM/SoftwareForRobotics/coursework/coursework2/install/chrono_guardian_controller_pkg/share/chrono_guardian_controller_pkg/package.zsh'
[4.924s] Level 1:colcon.colcon_core.environment:create_file_with_runtime_dependencies(/home/laptop3/UoM/SoftwareForRobotics/coursework/coursework2/install/chrono_guardian_controller_pkg/share/colcon-core/packages/chrono_guardian_controller_pkg)
[4.925s] DEBUG:colcon.colcon_parallel_executor.executor.parallel:closing loop
[4.926s] DEBUG:colcon.colcon_parallel_executor.executor.parallel:loop closed
[4.926s] DEBUG:colcon.colcon_parallel_executor.executor.parallel:run_until_complete finished with '0'
[4.926s] DEBUG:colcon.colcon_core.event_reactor:joining thread
[4.943s] INFO:colcon.colcon_core.plugin_system:Skipping extension 'colcon_notification.desktop_notification.terminal_notifier': Not used on non-Darwin systems
[4.943s] INFO:colcon.colcon_core.plugin_system:Skipping extension 'colcon_notification.desktop_notification.win32': Not used on non-Windows systems
[4.944s] INFO:colcon.colcon_notification.desktop_notification:Sending desktop notification using 'notify2'
[4.975s] DEBUG:colcon.colcon_core.event_reactor:joined thread
[4.976s] INFO:colcon.colcon_core.shell:Creating prefix script '/home/laptop3/UoM/SoftwareForRobotics/coursework/coursework2/install/local_setup.ps1'
[4.979s] INFO:colcon.colcon_core.shell:Creating prefix util module '/home/laptop3/UoM/SoftwareForRobotics/coursework/coursework2/install/_local_setup_util_ps1.py'
[4.983s] INFO:colcon.colcon_core.shell:Creating prefix chain script '/home/laptop3/UoM/SoftwareForRobotics/coursework/coursework2/install/setup.ps1'
[4.987s] INFO:colcon.colcon_core.shell:Creating prefix script '/home/laptop3/UoM/SoftwareForRobotics/coursework/coursework2/install/local_setup.sh'
[4.988s] INFO:colcon.colcon_core.shell:Creating prefix util module '/home/laptop3/UoM/SoftwareForRobotics/coursework/coursework2/install/_local_setup_util_sh.py'
[4.990s] INFO:colcon.colcon_core.shell:Creating prefix chain script '/home/laptop3/UoM/SoftwareForRobotics/coursework/coursework2/install/setup.sh'
[4.992s] INFO:colcon.colcon_core.shell:Creating prefix script '/home/laptop3/UoM/SoftwareForRobotics/coursework/coursework2/install/local_setup.bash'
[4.994s] INFO:colcon.colcon_core.shell:Creating prefix chain script '/home/laptop3/UoM/SoftwareForRobotics/coursework/coursework2/install/setup.bash'
[4.997s] INFO:colcon.colcon_core.shell:Creating prefix script '/home/laptop3/UoM/SoftwareForRobotics/coursework/coursework2/install/local_setup.zsh'
[4.998s] INFO:colcon.colcon_core.shell:Creating prefix chain script '/home/laptop3/UoM/SoftwareForRobotics/coursework/coursework2/install/setup.zsh'
