[7.566s] Invoking command in '/home/laptop3/UoM/SoftwareForRobotics/coursework/coursework2/src/chrono_guardian_navigation_pkg': DEBUGINFOD_URLS=https://debuginfod.ubuntu.com PYTHONPATH=/home/laptop3/UoM/SoftwareForRobotics/coursework/coursework2/build/chrono_guardian_navigation_pkg/prefix_override:/usr/lib/python3/dist-packages/colcon_core/task/python/colcon_distutils_commands:/home/laptop3/UoM/SoftwareForRobotics/coursework/coursework2/install/chrono_guardian_navigation_pkg/lib/python3.12/site-packages:${PYTHONPATH} /usr/bin/python3 -W ignore:setup.py install is deprecated -W ignore:easy_install command is deprecated setup.py egg_info --egg-base ../../build/chrono_guardian_navigation_pkg build --build-base /home/laptop3/UoM/SoftwareForRobotics/coursework/coursework2/build/chrono_guardian_navigation_pkg/build install --record /home/laptop3/UoM/SoftwareForRobotics/coursework/coursework2/build/chrono_guardian_navigation_pkg/install.log --single-version-externally-managed install_data
[9.818s] running egg_info
[10.021s] writing ../../build/chrono_guardian_navigation_pkg/chrono_guardian_navigation_pkg.egg-info/PKG-INFO
[10.025s] writing dependency_links to ../../build/chrono_guardian_navigation_pkg/chrono_guardian_navigation_pkg.egg-info/dependency_links.txt
[10.026s] writing entry points to ../../build/chrono_guardian_navigation_pkg/chrono_guardian_navigation_pkg.egg-info/entry_points.txt
[10.026s] writing requirements to ../../build/chrono_guardian_navigation_pkg/chrono_guardian_navigation_pkg.egg-info/requires.txt
[10.026s] writing top-level names to ../../build/chrono_guardian_navigation_pkg/chrono_guardian_navigation_pkg.egg-info/top_level.txt
[10.425s] reading manifest file '../../build/chrono_guardian_navigation_pkg/chrono_guardian_navigation_pkg.egg-info/SOURCES.txt'
[10.431s] writing manifest file '../../build/chrono_guardian_navigation_pkg/chrono_guardian_navigation_pkg.egg-info/SOURCES.txt'
[10.433s] running build
[10.433s] running build_py
[10.434s] copying chrono_guardian_navigation_pkg/chrono_guardian_navigation_node.py -> /home/laptop3/UoM/SoftwareForRobotics/coursework/coursework2/build/chrono_guardian_navigation_pkg/build/lib/chrono_guardian_navigation_pkg
[10.434s] running install
[10.465s] running install_lib
[10.674s] copying /home/laptop3/UoM/SoftwareForRobotics/coursework/coursework2/build/chrono_guardian_navigation_pkg/build/lib/chrono_guardian_navigation_pkg/chrono_guardian_navigation_node.py -> /home/laptop3/UoM/SoftwareForRobotics/coursework/coursework2/install/chrono_guardian_navigation_pkg/lib/python3.12/site-packages/chrono_guardian_navigation_pkg
[10.676s] byte-compiling /home/laptop3/UoM/SoftwareForRobotics/coursework/coursework2/install/chrono_guardian_navigation_pkg/lib/python3.12/site-packages/chrono_guardian_navigation_pkg/chrono_guardian_navigation_node.py to chrono_guardian_navigation_node.cpython-312.pyc
[10.683s] running install_data
[10.684s] running install_egg_info
[10.876s] removing '/home/laptop3/UoM/SoftwareForRobotics/coursework/coursework2/install/chrono_guardian_navigation_pkg/lib/python3.12/site-packages/chrono_guardian_navigation_pkg-0.0.0-py3.12.egg-info' (and everything under it)
[10.878s] Copying ../../build/chrono_guardian_navigation_pkg/chrono_guardian_navigation_pkg.egg-info to /home/laptop3/UoM/SoftwareForRobotics/coursework/coursework2/install/chrono_guardian_navigation_pkg/lib/python3.12/site-packages/chrono_guardian_navigation_pkg-0.0.0-py3.12.egg-info
[10.887s] running install_scripts
[12.050s] Installing chrono_guardian_navigation_node script to /home/laptop3/UoM/SoftwareForRobotics/coursework/coursework2/install/chrono_guardian_navigation_pkg/lib/chrono_guardian_navigation_pkg
[12.051s] writing list of installed files to '/home/laptop3/UoM/SoftwareForRobotics/coursework/coursework2/build/chrono_guardian_navigation_pkg/install.log'
[12.264s] Invoked command in '/home/laptop3/UoM/SoftwareForRobotics/coursework/coursework2/src/chrono_guardian_navigation_pkg' returned '0': DEBUGINFOD_URLS=https://debuginfod.ubuntu.com PYTHONPATH=/home/laptop3/UoM/SoftwareForRobotics/coursework/coursework2/build/chrono_guardian_navigation_pkg/prefix_override:/usr/lib/python3/dist-packages/colcon_core/task/python/colcon_distutils_commands:/home/laptop3/UoM/SoftwareForRobotics/coursework/coursework2/install/chrono_guardian_navigation_pkg/lib/python3.12/site-packages:${PYTHONPATH} /usr/bin/python3 -W ignore:setup.py install is deprecated -W ignore:easy_install command is deprecated setup.py egg_info --egg-base ../../build/chrono_guardian_navigation_pkg build --build-base /home/laptop3/UoM/SoftwareForRobotics/coursework/coursework2/build/chrono_guardian_navigation_pkg/build install --record /home/laptop3/UoM/SoftwareForRobotics/coursework/coursework2/build/chrono_guardian_navigation_pkg/install.log --single-version-externally-managed install_data
