[3.550s] Invoking command in '/home/laptop3/UoM/SoftwareForRobotics/coursework/coursework2/src/chrono_guardian_controller_pkg': DEBUGINFOD_URLS=https://debuginfod.ubuntu.com PYTHONPATH=/home/laptop3/UoM/SoftwareForRobotics/coursework/coursework2/build/chrono_guardian_controller_pkg/prefix_override:/usr/lib/python3/dist-packages/colcon_core/task/python/colcon_distutils_commands:/home/laptop3/UoM/SoftwareForRobotics/coursework/coursework2/install/chrono_guardian_controller_pkg/lib/python3.12/site-packages:/home/laptop3/UoM/SoftwareForRobotics/coursework/coursework2/install/sfr_coursework2_interface_package/lib/python3.12/site-packages:/home/laptop3/UoM/SoftwareForRobotics/coursework/coursework2/install/chrono_guardian_controller_pkg/lib/python3.12/site-packages:/home/laptop3/UoM/SoftwareForRobotics/coursework/coursework2/install/chrono_guardian_bridge_pkg/lib/python3.12/site-packages:/opt/ros/jazzy/lib/python3.12/site-packages /usr/bin/python3 -W ignore:setup.py install is deprecated -W ignore:easy_install command is deprecated setup.py egg_info --egg-base ../../build/chrono_guardian_controller_pkg build --build-base /home/laptop3/UoM/SoftwareForRobotics/coursework/coursework2/build/chrono_guardian_controller_pkg/build install --record /home/laptop3/UoM/SoftwareForRobotics/coursework/coursework2/build/chrono_guardian_controller_pkg/install.log --single-version-externally-managed install_data
[4.715s] running egg_info
[4.812s] writing ../../build/chrono_guardian_controller_pkg/chrono_guardian_controller_pkg.egg-info/PKG-INFO
[4.812s] writing dependency_links to ../../build/chrono_guardian_controller_pkg/chrono_guardian_controller_pkg.egg-info/dependency_links.txt
[4.813s] writing entry points to ../../build/chrono_guardian_controller_pkg/chrono_guardian_controller_pkg.egg-info/entry_points.txt
[4.813s] writing requirements to ../../build/chrono_guardian_controller_pkg/chrono_guardian_controller_pkg.egg-info/requires.txt
[4.813s] writing top-level names to ../../build/chrono_guardian_controller_pkg/chrono_guardian_controller_pkg.egg-info/top_level.txt
[4.995s] reading manifest file '../../build/chrono_guardian_controller_pkg/chrono_guardian_controller_pkg.egg-info/SOURCES.txt'
[4.997s] writing manifest file '../../build/chrono_guardian_controller_pkg/chrono_guardian_controller_pkg.egg-info/SOURCES.txt'
[4.997s] running build
[4.998s] running build_py
[4.998s] copying chrono_guardian_controller_pkg/chrono_guardian_controller_node.py -> /home/laptop3/UoM/SoftwareForRobotics/coursework/coursework2/build/chrono_guardian_controller_pkg/build/lib/chrono_guardian_controller_pkg
[4.999s] running install
[5.020s] running install_lib
[5.108s] copying /home/laptop3/UoM/SoftwareForRobotics/coursework/coursework2/build/chrono_guardian_controller_pkg/build/lib/chrono_guardian_controller_pkg/chrono_guardian_controller_node.py -> /home/laptop3/UoM/SoftwareForRobotics/coursework/coursework2/install/chrono_guardian_controller_pkg/lib/python3.12/site-packages/chrono_guardian_controller_pkg
[5.110s] byte-compiling /home/laptop3/UoM/SoftwareForRobotics/coursework/coursework2/install/chrono_guardian_controller_pkg/lib/python3.12/site-packages/chrono_guardian_controller_pkg/chrono_guardian_controller_node.py to chrono_guardian_controller_node.cpython-312.pyc
[5.115s] running install_data
[5.115s] running install_egg_info
[5.212s] removing '/home/laptop3/UoM/SoftwareForRobotics/coursework/coursework2/install/chrono_guardian_controller_pkg/lib/python3.12/site-packages/chrono_guardian_controller_pkg-0.0.0-py3.12.egg-info' (and everything under it)
[5.212s] Copying ../../build/chrono_guardian_controller_pkg/chrono_guardian_controller_pkg.egg-info to /home/laptop3/UoM/SoftwareForRobotics/coursework/coursework2/install/chrono_guardian_controller_pkg/lib/python3.12/site-packages/chrono_guardian_controller_pkg-0.0.0-py3.12.egg-info
[5.215s] running install_scripts
[5.741s] Installing chrono_guardian_controller_node script to /home/laptop3/UoM/SoftwareForRobotics/coursework/coursework2/install/chrono_guardian_controller_pkg/lib/chrono_guardian_controller_pkg
[5.742s] Installing dummy_action_client script to /home/laptop3/UoM/SoftwareForRobotics/coursework/coursework2/install/chrono_guardian_controller_pkg/lib/chrono_guardian_controller_pkg
[5.743s] writing list of installed files to '/home/laptop3/UoM/SoftwareForRobotics/coursework/coursework2/build/chrono_guardian_controller_pkg/install.log'
[5.861s] Invoked command in '/home/laptop3/UoM/SoftwareForRobotics/coursework/coursework2/src/chrono_guardian_controller_pkg' returned '0': DEBUGINFOD_URLS=https://debuginfod.ubuntu.com PYTHONPATH=/home/laptop3/UoM/SoftwareForRobotics/coursework/coursework2/build/chrono_guardian_controller_pkg/prefix_override:/usr/lib/python3/dist-packages/colcon_core/task/python/colcon_distutils_commands:/home/laptop3/UoM/SoftwareForRobotics/coursework/coursework2/install/chrono_guardian_controller_pkg/lib/python3.12/site-packages:/home/laptop3/UoM/SoftwareForRobotics/coursework/coursework2/install/sfr_coursework2_interface_package/lib/python3.12/site-packages:/home/laptop3/UoM/SoftwareForRobotics/coursework/coursework2/install/chrono_guardian_controller_pkg/lib/python3.12/site-packages:/home/laptop3/UoM/SoftwareForRobotics/coursework/coursework2/install/chrono_guardian_bridge_pkg/lib/python3.12/site-packages:/opt/ros/jazzy/lib/python3.12/site-packages /usr/bin/python3 -W ignore:setup.py install is deprecated -W ignore:easy_install command is deprecated setup.py egg_info --egg-base ../../build/chrono_guardian_controller_pkg build --build-base /home/laptop3/UoM/SoftwareForRobotics/coursework/coursework2/build/chrono_guardian_controller_pkg/build install --record /home/laptop3/UoM/SoftwareForRobotics/coursework/coursework2/build/chrono_guardian_controller_pkg/install.log --single-version-externally-managed install_data
