[0.069s] Invoking command in '/home/laptop3/UoM/SoftwareForRobotics/coursework/coursework2/build/sfr_coursework2_interface_package': CMAKE_PREFIX_PATH=${CMAKE_PREFIX_PATH}:/home/laptop3/UoM/SoftwareForRobotics/coursework/coursework2/install/chrono_guardian_controller_pkg:/home/laptop3/UoM/SoftwareForRobotics/coursework/coursework2/install/chrono_guardian_bridge_pkg:/opt/ros/jazzy DEBUGINFOD_URLS=https://debuginfod.ubuntu.com /usr/bin/cmake --build /home/laptop3/UoM/SoftwareForRobotics/coursework/coursework2/build/sfr_coursework2_interface_package -- -j12 -l12
[0.261s] [  2%] Built target sfr_coursework2_interface_package__rosidl_generator_type_description
[0.296s] [  2%] Built target ament_cmake_python_copy_sfr_coursework2_interface_package
[0.337s] [  5%] Built target sfr_coursework2_interface_package__cpp
[0.351s] [ 20%] Built target sfr_coursework2_interface_package__rosidl_generator_c
[0.435s] [ 38%] Built target sfr_coursework2_interface_package__rosidl_typesupport_cpp
[0.436s] [ 38%] Built target sfr_coursework2_interface_package__rosidl_typesupport_introspection_c
[0.442s] [ 47%] Built target sfr_coursework2_interface_package__rosidl_typesupport_c
[0.445s] [ 55%] Built target sfr_coursework2_interface_package__rosidl_typesupport_introspection_cpp
[0.449s] [ 64%] Built target sfr_coursework2_interface_package__rosidl_typesupport_fastrtps_cpp
[0.453s] [ 73%] Built target sfr_coursework2_interface_package__rosidl_typesupport_fastrtps_c
[0.533s] [ 73%] Built target sfr_coursework2_interface_package
[0.615s] [ 76%] Built target sfr_coursework2_interface_package__py
[0.704s] [ 82%] Built target sfr_coursework2_interface_package__rosidl_generator_py
[0.792s] [ 88%] Built target sfr_coursework2_interface_package_s__rosidl_typesupport_fastrtps_c
[0.799s] [ 94%] Built target sfr_coursework2_interface_package_s__rosidl_typesupport_c
[0.801s] [100%] Built target sfr_coursework2_interface_package_s__rosidl_typesupport_introspection_c
[1.419s] running egg_info
[1.516s] writing sfr_coursework2_interface_package.egg-info/PKG-INFO
[1.518s] writing dependency_links to sfr_coursework2_interface_package.egg-info/dependency_links.txt
[1.518s] writing top-level names to sfr_coursework2_interface_package.egg-info/top_level.txt
[1.780s] reading manifest file 'sfr_coursework2_interface_package.egg-info/SOURCES.txt'
[1.783s] writing manifest file 'sfr_coursework2_interface_package.egg-info/SOURCES.txt'
[1.911s] [100%] Built target ament_cmake_python_build_sfr_coursework2_interface_package_egg
[1.937s] Invoked command in '/home/laptop3/UoM/SoftwareForRobotics/coursework/coursework2/build/sfr_coursework2_interface_package' returned '0': CMAKE_PREFIX_PATH=${CMAKE_PREFIX_PATH}:/home/laptop3/UoM/SoftwareForRobotics/coursework/coursework2/install/chrono_guardian_controller_pkg:/home/laptop3/UoM/SoftwareForRobotics/coursework/coursework2/install/chrono_guardian_bridge_pkg:/opt/ros/jazzy DEBUGINFOD_URLS=https://debuginfod.ubuntu.com /usr/bin/cmake --build /home/laptop3/UoM/SoftwareForRobotics/coursework/coursework2/build/sfr_coursework2_interface_package -- -j12 -l12
[1.971s] Invoking command in '/home/laptop3/UoM/SoftwareForRobotics/coursework/coursework2/build/sfr_coursework2_interface_package': CMAKE_PREFIX_PATH=${CMAKE_PREFIX_PATH}:/home/laptop3/UoM/SoftwareForRobotics/coursework/coursework2/install/chrono_guardian_controller_pkg:/home/laptop3/UoM/SoftwareForRobotics/coursework/coursework2/install/chrono_guardian_bridge_pkg:/opt/ros/jazzy DEBUGINFOD_URLS=https://debuginfod.ubuntu.com /usr/bin/cmake --install /home/laptop3/UoM/SoftwareForRobotics/coursework/coursework2/build/sfr_coursework2_interface_package
[1.999s] -- Install configuration: ""
[2.000s] -- Up-to-date: /home/laptop3/UoM/SoftwareForRobotics/coursework/coursework2/install/sfr_coursework2_interface_package/share/ament_index/resource_index/rosidl_interfaces/sfr_coursework2_interface_package
[2.000s] -- Up-to-date: /home/laptop3/UoM/SoftwareForRobotics/coursework/coursework2/install/sfr_coursework2_interface_package/share/sfr_coursework2_interface_package/action/DroneControl.json
[2.000s] -- Up-to-date: /home/laptop3/UoM/SoftwareForRobotics/coursework/coursework2/install/sfr_coursework2_interface_package/include/sfr_coursework2_interface_package/sfr_coursework2_interface_package
[2.000s] -- Up-to-date: /home/laptop3/UoM/SoftwareForRobotics/coursework/coursework2/install/sfr_coursework2_interface_package/include/sfr_coursework2_interface_package/sfr_coursework2_interface_package/action
[2.001s] -- Up-to-date: /home/laptop3/UoM/SoftwareForRobotics/coursework/coursework2/install/sfr_coursework2_interface_package/include/sfr_coursework2_interface_package/sfr_coursework2_interface_package/action/detail
[2.001s] -- Up-to-date: /home/laptop3/UoM/SoftwareForRobotics/coursework/coursework2/install/sfr_coursework2_interface_package/include/sfr_coursework2_interface_package/sfr_coursework2_interface_package/action/detail/drone_control__type_support.h
[2.001s] -- Up-to-date: /home/laptop3/UoM/SoftwareForRobotics/coursework/coursework2/install/sfr_coursework2_interface_package/include/sfr_coursework2_interface_package/sfr_coursework2_interface_package/action/detail/drone_control__struct.h
[2.001s] -- Up-to-date: /home/laptop3/UoM/SoftwareForRobotics/coursework/coursework2/install/sfr_coursework2_interface_package/include/sfr_coursework2_interface_package/sfr_coursework2_interface_package/action/detail/drone_control__functions.h
[2.001s] -- Up-to-date: /home/laptop3/UoM/SoftwareForRobotics/coursework/coursework2/install/sfr_coursework2_interface_package/include/sfr_coursework2_interface_package/sfr_coursework2_interface_package/action/detail/drone_control__functions.c
[2.002s] -- Up-to-date: /home/laptop3/UoM/SoftwareForRobotics/coursework/coursework2/install/sfr_coursework2_interface_package/include/sfr_coursework2_interface_package/sfr_coursework2_interface_package/action/detail/drone_control__type_support.c
[2.002s] -- Up-to-date: /home/laptop3/UoM/SoftwareForRobotics/coursework/coursework2/install/sfr_coursework2_interface_package/include/sfr_coursework2_interface_package/sfr_coursework2_interface_package/action/detail/drone_control__description.c
[2.002s] -- Up-to-date: /home/laptop3/UoM/SoftwareForRobotics/coursework/coursework2/install/sfr_coursework2_interface_package/include/sfr_coursework2_interface_package/sfr_coursework2_interface_package/action/drone_control.h
[2.002s] -- Up-to-date: /home/laptop3/UoM/SoftwareForRobotics/coursework/coursework2/install/sfr_coursework2_interface_package/include/sfr_coursework2_interface_package/sfr_coursework2_interface_package/msg
[2.003s] -- Up-to-date: /home/laptop3/UoM/SoftwareForRobotics/coursework/coursework2/install/sfr_coursework2_interface_package/include/sfr_coursework2_interface_package/sfr_coursework2_interface_package/msg/rosidl_generator_c__visibility_control.h
[2.003s] -- Up-to-date: /home/laptop3/UoM/SoftwareForRobotics/coursework/coursework2/install/sfr_coursework2_interface_package/share/sfr_coursework2_interface_package/environment/library_path.sh
[2.003s] -- Up-to-date: /home/laptop3/UoM/SoftwareForRobotics/coursework/coursework2/install/sfr_coursework2_interface_package/share/sfr_coursework2_interface_package/environment/library_path.dsv
[2.004s] -- Up-to-date: /home/laptop3/UoM/SoftwareForRobotics/coursework/coursework2/install/sfr_coursework2_interface_package/lib/libsfr_coursework2_interface_package__rosidl_generator_c.so
[2.004s] -- Up-to-date: /home/laptop3/UoM/SoftwareForRobotics/coursework/coursework2/install/sfr_coursework2_interface_package/include/sfr_coursework2_interface_package/sfr_coursework2_interface_package
[2.004s] -- Up-to-date: /home/laptop3/UoM/SoftwareForRobotics/coursework/coursework2/install/sfr_coursework2_interface_package/include/sfr_coursework2_interface_package/sfr_coursework2_interface_package/action
[2.004s] -- Up-to-date: /home/laptop3/UoM/SoftwareForRobotics/coursework/coursework2/install/sfr_coursework2_interface_package/include/sfr_coursework2_interface_package/sfr_coursework2_interface_package/action/detail
[2.004s] -- Up-to-date: /home/laptop3/UoM/SoftwareForRobotics/coursework/coursework2/install/sfr_coursework2_interface_package/include/sfr_coursework2_interface_package/sfr_coursework2_interface_package/action/detail/drone_control__rosidl_typesupport_fastrtps_c.h
[2.005s] -- Up-to-date: /home/laptop3/UoM/SoftwareForRobotics/coursework/coursework2/install/sfr_coursework2_interface_package/include/sfr_coursework2_interface_package/sfr_coursework2_interface_package/msg
[2.005s] -- Up-to-date: /home/laptop3/UoM/SoftwareForRobotics/coursework/coursework2/install/sfr_coursework2_interface_package/include/sfr_coursework2_interface_package/sfr_coursework2_interface_package/msg/rosidl_typesupport_fastrtps_c__visibility_control.h
[2.005s] -- Up-to-date: /home/laptop3/UoM/SoftwareForRobotics/coursework/coursework2/install/sfr_coursework2_interface_package/lib/libsfr_coursework2_interface_package__rosidl_typesupport_fastrtps_c.so
[2.006s] -- Up-to-date: /home/laptop3/UoM/SoftwareForRobotics/coursework/coursework2/install/sfr_coursework2_interface_package/include/sfr_coursework2_interface_package/sfr_coursework2_interface_package
[2.006s] -- Up-to-date: /home/laptop3/UoM/SoftwareForRobotics/coursework/coursework2/install/sfr_coursework2_interface_package/include/sfr_coursework2_interface_package/sfr_coursework2_interface_package/action
[2.006s] -- Up-to-date: /home/laptop3/UoM/SoftwareForRobotics/coursework/coursework2/install/sfr_coursework2_interface_package/include/sfr_coursework2_interface_package/sfr_coursework2_interface_package/action/detail
[2.006s] -- Up-to-date: /home/laptop3/UoM/SoftwareForRobotics/coursework/coursework2/install/sfr_coursework2_interface_package/include/sfr_coursework2_interface_package/sfr_coursework2_interface_package/action/detail/drone_control__struct.hpp
[2.006s] -- Up-to-date: /home/laptop3/UoM/SoftwareForRobotics/coursework/coursework2/install/sfr_coursework2_interface_package/include/sfr_coursework2_interface_package/sfr_coursework2_interface_package/action/detail/drone_control__traits.hpp
[2.007s] -- Up-to-date: /home/laptop3/UoM/SoftwareForRobotics/coursework/coursework2/install/sfr_coursework2_interface_package/include/sfr_coursework2_interface_package/sfr_coursework2_interface_package/action/detail/drone_control__builder.hpp
[2.007s] -- Up-to-date: /home/laptop3/UoM/SoftwareForRobotics/coursework/coursework2/install/sfr_coursework2_interface_package/include/sfr_coursework2_interface_package/sfr_coursework2_interface_package/action/detail/drone_control__type_support.hpp
[2.007s] -- Up-to-date: /home/laptop3/UoM/SoftwareForRobotics/coursework/coursework2/install/sfr_coursework2_interface_package/include/sfr_coursework2_interface_package/sfr_coursework2_interface_package/action/drone_control.hpp
[2.007s] -- Up-to-date: /home/laptop3/UoM/SoftwareForRobotics/coursework/coursework2/install/sfr_coursework2_interface_package/include/sfr_coursework2_interface_package/sfr_coursework2_interface_package/msg
[2.008s] -- Up-to-date: /home/laptop3/UoM/SoftwareForRobotics/coursework/coursework2/install/sfr_coursework2_interface_package/include/sfr_coursework2_interface_package/sfr_coursework2_interface_package/msg/rosidl_generator_cpp__visibility_control.hpp
[2.008s] -- Up-to-date: /home/laptop3/UoM/SoftwareForRobotics/coursework/coursework2/install/sfr_coursework2_interface_package/include/sfr_coursework2_interface_package/sfr_coursework2_interface_package
[2.008s] -- Up-to-date: /home/laptop3/UoM/SoftwareForRobotics/coursework/coursework2/install/sfr_coursework2_interface_package/include/sfr_coursework2_interface_package/sfr_coursework2_interface_package/action
[2.009s] -- Up-to-date: /home/laptop3/UoM/SoftwareForRobotics/coursework/coursework2/install/sfr_coursework2_interface_package/include/sfr_coursework2_interface_package/sfr_coursework2_interface_package/action/detail
[2.009s] -- Up-to-date: /home/laptop3/UoM/SoftwareForRobotics/coursework/coursework2/install/sfr_coursework2_interface_package/include/sfr_coursework2_interface_package/sfr_coursework2_interface_package/action/detail/drone_control__rosidl_typesupport_fastrtps_cpp.hpp
[2.009s] -- Up-to-date: /home/laptop3/UoM/SoftwareForRobotics/coursework/coursework2/install/sfr_coursework2_interface_package/include/sfr_coursework2_interface_package/sfr_coursework2_interface_package/action/detail/dds_fastrtps
[2.010s] -- Up-to-date: /home/laptop3/UoM/SoftwareForRobotics/coursework/coursework2/install/sfr_coursework2_interface_package/include/sfr_coursework2_interface_package/sfr_coursework2_interface_package/msg
[2.010s] -- Up-to-date: /home/laptop3/UoM/SoftwareForRobotics/coursework/coursework2/install/sfr_coursework2_interface_package/include/sfr_coursework2_interface_package/sfr_coursework2_interface_package/msg/rosidl_typesupport_fastrtps_cpp__visibility_control.h
[2.011s] -- Up-to-date: /home/laptop3/UoM/SoftwareForRobotics/coursework/coursework2/install/sfr_coursework2_interface_package/lib/libsfr_coursework2_interface_package__rosidl_typesupport_fastrtps_cpp.so
[2.011s] -- Up-to-date: /home/laptop3/UoM/SoftwareForRobotics/coursework/coursework2/install/sfr_coursework2_interface_package/include/sfr_coursework2_interface_package/sfr_coursework2_interface_package
[2.011s] -- Up-to-date: /home/laptop3/UoM/SoftwareForRobotics/coursework/coursework2/install/sfr_coursework2_interface_package/include/sfr_coursework2_interface_package/sfr_coursework2_interface_package/action
[2.012s] -- Up-to-date: /home/laptop3/UoM/SoftwareForRobotics/coursework/coursework2/install/sfr_coursework2_interface_package/include/sfr_coursework2_interface_package/sfr_coursework2_interface_package/action/detail
[2.012s] -- Up-to-date: /home/laptop3/UoM/SoftwareForRobotics/coursework/coursework2/install/sfr_coursework2_interface_package/include/sfr_coursework2_interface_package/sfr_coursework2_interface_package/action/detail/drone_control__rosidl_typesupport_introspection_c.h
[2.012s] -- Up-to-date: /home/laptop3/UoM/SoftwareForRobotics/coursework/coursework2/install/sfr_coursework2_interface_package/include/sfr_coursework2_interface_package/sfr_coursework2_interface_package/action/detail/drone_control__type_support.c
[2.012s] -- Up-to-date: /home/laptop3/UoM/SoftwareForRobotics/coursework/coursework2/install/sfr_coursework2_interface_package/include/sfr_coursework2_interface_package/sfr_coursework2_interface_package/msg
[2.013s] -- Up-to-date: /home/laptop3/UoM/SoftwareForRobotics/coursework/coursework2/install/sfr_coursework2_interface_package/include/sfr_coursework2_interface_package/sfr_coursework2_interface_package/msg/rosidl_typesupport_introspection_c__visibility_control.h
[2.013s] -- Up-to-date: /home/laptop3/UoM/SoftwareForRobotics/coursework/coursework2/install/sfr_coursework2_interface_package/lib/libsfr_coursework2_interface_package__rosidl_typesupport_introspection_c.so
[2.013s] -- Up-to-date: /home/laptop3/UoM/SoftwareForRobotics/coursework/coursework2/install/sfr_coursework2_interface_package/lib/libsfr_coursework2_interface_package__rosidl_typesupport_c.so
[2.013s] -- Up-to-date: /home/laptop3/UoM/SoftwareForRobotics/coursework/coursework2/install/sfr_coursework2_interface_package/include/sfr_coursework2_interface_package/sfr_coursework2_interface_package
[2.014s] -- Up-to-date: /home/laptop3/UoM/SoftwareForRobotics/coursework/coursework2/install/sfr_coursework2_interface_package/include/sfr_coursework2_interface_package/sfr_coursework2_interface_package/action
[2.014s] -- Up-to-date: /home/laptop3/UoM/SoftwareForRobotics/coursework/coursework2/install/sfr_coursework2_interface_package/include/sfr_coursework2_interface_package/sfr_coursework2_interface_package/action/detail
[2.014s] -- Up-to-date: /home/laptop3/UoM/SoftwareForRobotics/coursework/coursework2/install/sfr_coursework2_interface_package/include/sfr_coursework2_interface_package/sfr_coursework2_interface_package/action/detail/drone_control__type_support.cpp
[2.014s] -- Up-to-date: /home/laptop3/UoM/SoftwareForRobotics/coursework/coursework2/install/sfr_coursework2_interface_package/include/sfr_coursework2_interface_package/sfr_coursework2_interface_package/action/detail/drone_control__rosidl_typesupport_introspection_cpp.hpp
[2.015s] -- Up-to-date: /home/laptop3/UoM/SoftwareForRobotics/coursework/coursework2/install/sfr_coursework2_interface_package/lib/libsfr_coursework2_interface_package__rosidl_typesupport_introspection_cpp.so
[2.015s] -- Up-to-date: /home/laptop3/UoM/SoftwareForRobotics/coursework/coursework2/install/sfr_coursework2_interface_package/lib/libsfr_coursework2_interface_package__rosidl_typesupport_cpp.so
[2.015s] -- Up-to-date: /home/laptop3/UoM/SoftwareForRobotics/coursework/coursework2/install/sfr_coursework2_interface_package/share/sfr_coursework2_interface_package/environment/pythonpath.sh
[2.015s] -- Up-to-date: /home/laptop3/UoM/SoftwareForRobotics/coursework/coursework2/install/sfr_coursework2_interface_package/share/sfr_coursework2_interface_package/environment/pythonpath.dsv
[2.015s] -- Up-to-date: /home/laptop3/UoM/SoftwareForRobotics/coursework/coursework2/install/sfr_coursework2_interface_package/lib/python3.12/site-packages/sfr_coursework2_interface_package-0.0.0-py3.12.egg-info
[2.016s] -- Installing: /home/laptop3/UoM/SoftwareForRobotics/coursework/coursework2/install/sfr_coursework2_interface_package/lib/python3.12/site-packages/sfr_coursework2_interface_package-0.0.0-py3.12.egg-info/SOURCES.txt
[2.016s] -- Installing: /home/laptop3/UoM/SoftwareForRobotics/coursework/coursework2/install/sfr_coursework2_interface_package/lib/python3.12/site-packages/sfr_coursework2_interface_package-0.0.0-py3.12.egg-info/PKG-INFO
[2.016s] -- Installing: /home/laptop3/UoM/SoftwareForRobotics/coursework/coursework2/install/sfr_coursework2_interface_package/lib/python3.12/site-packages/sfr_coursework2_interface_package-0.0.0-py3.12.egg-info/dependency_links.txt
[2.016s] -- Installing: /home/laptop3/UoM/SoftwareForRobotics/coursework/coursework2/install/sfr_coursework2_interface_package/lib/python3.12/site-packages/sfr_coursework2_interface_package-0.0.0-py3.12.egg-info/top_level.txt
[2.017s] -- Up-to-date: /home/laptop3/UoM/SoftwareForRobotics/coursework/coursework2/install/sfr_coursework2_interface_package/lib/python3.12/site-packages/sfr_coursework2_interface_package
[2.017s] -- Up-to-date: /home/laptop3/UoM/SoftwareForRobotics/coursework/coursework2/install/sfr_coursework2_interface_package/lib/python3.12/site-packages/sfr_coursework2_interface_package/_sfr_coursework2_interface_package_s.ep.rosidl_typesupport_introspection_c.c
[2.017s] -- Up-to-date: /home/laptop3/UoM/SoftwareForRobotics/coursework/coursework2/install/sfr_coursework2_interface_package/lib/python3.12/site-packages/sfr_coursework2_interface_package/action
[2.017s] -- Up-to-date: /home/laptop3/UoM/SoftwareForRobotics/coursework/coursework2/install/sfr_coursework2_interface_package/lib/python3.12/site-packages/sfr_coursework2_interface_package/action/_drone_control.py
[2.018s] -- Up-to-date: /home/laptop3/UoM/SoftwareForRobotics/coursework/coursework2/install/sfr_coursework2_interface_package/lib/python3.12/site-packages/sfr_coursework2_interface_package/action/__init__.py
[2.018s] -- Up-to-date: /home/laptop3/UoM/SoftwareForRobotics/coursework/coursework2/install/sfr_coursework2_interface_package/lib/python3.12/site-packages/sfr_coursework2_interface_package/action/_drone_control_s.c
[2.018s] -- Up-to-date: /home/laptop3/UoM/SoftwareForRobotics/coursework/coursework2/install/sfr_coursework2_interface_package/lib/python3.12/site-packages/sfr_coursework2_interface_package/sfr_coursework2_interface_package_s__rosidl_typesupport_c.so
[2.018s] -- Up-to-date: /home/laptop3/UoM/SoftwareForRobotics/coursework/coursework2/install/sfr_coursework2_interface_package/lib/python3.12/site-packages/sfr_coursework2_interface_package/sfr_coursework2_interface_package_s__rosidl_typesupport_fastrtps_c.so
[2.019s] -- Up-to-date: /home/laptop3/UoM/SoftwareForRobotics/coursework/coursework2/install/sfr_coursework2_interface_package/lib/python3.12/site-packages/sfr_coursework2_interface_package/__init__.py
[2.019s] -- Up-to-date: /home/laptop3/UoM/SoftwareForRobotics/coursework/coursework2/install/sfr_coursework2_interface_package/lib/python3.12/site-packages/sfr_coursework2_interface_package/_sfr_coursework2_interface_package_s.ep.rosidl_typesupport_c.c
[2.019s] -- Up-to-date: /home/laptop3/UoM/SoftwareForRobotics/coursework/coursework2/install/sfr_coursework2_interface_package/lib/python3.12/site-packages/sfr_coursework2_interface_package/sfr_coursework2_interface_package_s__rosidl_typesupport_introspection_c.so
[2.020s] -- Up-to-date: /home/laptop3/UoM/SoftwareForRobotics/coursework/coursework2/install/sfr_coursework2_interface_package/lib/python3.12/site-packages/sfr_coursework2_interface_package/_sfr_coursework2_interface_package_s.ep.rosidl_typesupport_fastrtps_c.c
[2.155s] Listing '/home/laptop3/UoM/SoftwareForRobotics/coursework/coursework2/install/sfr_coursework2_interface_package/lib/python3.12/site-packages/sfr_coursework2_interface_package'...
[2.155s] Listing '/home/laptop3/UoM/SoftwareForRobotics/coursework/coursework2/install/sfr_coursework2_interface_package/lib/python3.12/site-packages/sfr_coursework2_interface_package/action'...
[2.178s] -- Up-to-date: /home/laptop3/UoM/SoftwareForRobotics/coursework/coursework2/install/sfr_coursework2_interface_package/lib/python3.12/site-packages/sfr_coursework2_interface_package/sfr_coursework2_interface_package_s__rosidl_typesupport_fastrtps_c.so
[2.179s] -- Up-to-date: /home/laptop3/UoM/SoftwareForRobotics/coursework/coursework2/install/sfr_coursework2_interface_package/lib/python3.12/site-packages/sfr_coursework2_interface_package/sfr_coursework2_interface_package_s__rosidl_typesupport_introspection_c.so
[2.180s] -- Up-to-date: /home/laptop3/UoM/SoftwareForRobotics/coursework/coursework2/install/sfr_coursework2_interface_package/lib/python3.12/site-packages/sfr_coursework2_interface_package/sfr_coursework2_interface_package_s__rosidl_typesupport_c.so
[2.181s] -- Up-to-date: /home/laptop3/UoM/SoftwareForRobotics/coursework/coursework2/install/sfr_coursework2_interface_package/lib/libsfr_coursework2_interface_package__rosidl_generator_py.so
[2.182s] -- Up-to-date: /home/laptop3/UoM/SoftwareForRobotics/coursework/coursework2/install/sfr_coursework2_interface_package/share/sfr_coursework2_interface_package/action/DroneControl.idl
[2.183s] -- Up-to-date: /home/laptop3/UoM/SoftwareForRobotics/coursework/coursework2/install/sfr_coursework2_interface_package/share/sfr_coursework2_interface_package/action/DroneControl.action
[2.183s] -- Up-to-date: /home/laptop3/UoM/SoftwareForRobotics/coursework/coursework2/install/sfr_coursework2_interface_package/share/ament_index/resource_index/package_run_dependencies/sfr_coursework2_interface_package
[2.185s] -- Up-to-date: /home/laptop3/UoM/SoftwareForRobotics/coursework/coursework2/install/sfr_coursework2_interface_package/share/ament_index/resource_index/parent_prefix_path/sfr_coursework2_interface_package
[2.185s] -- Up-to-date: /home/laptop3/UoM/SoftwareForRobotics/coursework/coursework2/install/sfr_coursework2_interface_package/share/sfr_coursework2_interface_package/environment/ament_prefix_path.sh
[2.186s] -- Up-to-date: /home/laptop3/UoM/SoftwareForRobotics/coursework/coursework2/install/sfr_coursework2_interface_package/share/sfr_coursework2_interface_package/environment/ament_prefix_path.dsv
[2.186s] -- Up-to-date: /home/laptop3/UoM/SoftwareForRobotics/coursework/coursework2/install/sfr_coursework2_interface_package/share/sfr_coursework2_interface_package/environment/path.sh
[2.186s] -- Up-to-date: /home/laptop3/UoM/SoftwareForRobotics/coursework/coursework2/install/sfr_coursework2_interface_package/share/sfr_coursework2_interface_package/environment/path.dsv
[2.187s] -- Up-to-date: /home/laptop3/UoM/SoftwareForRobotics/coursework/coursework2/install/sfr_coursework2_interface_package/share/sfr_coursework2_interface_package/local_setup.bash
[2.187s] -- Up-to-date: /home/laptop3/UoM/SoftwareForRobotics/coursework/coursework2/install/sfr_coursework2_interface_package/share/sfr_coursework2_interface_package/local_setup.sh
[2.187s] -- Up-to-date: /home/laptop3/UoM/SoftwareForRobotics/coursework/coursework2/install/sfr_coursework2_interface_package/share/sfr_coursework2_interface_package/local_setup.zsh
[2.187s] -- Up-to-date: /home/laptop3/UoM/SoftwareForRobotics/coursework/coursework2/install/sfr_coursework2_interface_package/share/sfr_coursework2_interface_package/local_setup.dsv
[2.187s] -- Installing: /home/laptop3/UoM/SoftwareForRobotics/coursework/coursework2/install/sfr_coursework2_interface_package/share/sfr_coursework2_interface_package/package.dsv
[2.187s] -- Up-to-date: /home/laptop3/UoM/SoftwareForRobotics/coursework/coursework2/install/sfr_coursework2_interface_package/share/ament_index/resource_index/packages/sfr_coursework2_interface_package
[2.187s] -- Up-to-date: /home/laptop3/UoM/SoftwareForRobotics/coursework/coursework2/install/sfr_coursework2_interface_package/share/sfr_coursework2_interface_package/cmake/export_sfr_coursework2_interface_package__rosidl_generator_cExport.cmake
[2.188s] -- Up-to-date: /home/laptop3/UoM/SoftwareForRobotics/coursework/coursework2/install/sfr_coursework2_interface_package/share/sfr_coursework2_interface_package/cmake/export_sfr_coursework2_interface_package__rosidl_generator_cExport-noconfig.cmake
[2.188s] -- Up-to-date: /home/laptop3/UoM/SoftwareForRobotics/coursework/coursework2/install/sfr_coursework2_interface_package/share/sfr_coursework2_interface_package/cmake/export_sfr_coursework2_interface_package__rosidl_typesupport_fastrtps_cExport.cmake
[2.188s] -- Up-to-date: /home/laptop3/UoM/SoftwareForRobotics/coursework/coursework2/install/sfr_coursework2_interface_package/share/sfr_coursework2_interface_package/cmake/export_sfr_coursework2_interface_package__rosidl_typesupport_fastrtps_cExport-noconfig.cmake
[2.188s] -- Up-to-date: /home/laptop3/UoM/SoftwareForRobotics/coursework/coursework2/install/sfr_coursework2_interface_package/share/sfr_coursework2_interface_package/cmake/export_sfr_coursework2_interface_package__rosidl_generator_cppExport.cmake
[2.188s] -- Up-to-date: /home/laptop3/UoM/SoftwareForRobotics/coursework/coursework2/install/sfr_coursework2_interface_package/share/sfr_coursework2_interface_package/cmake/export_sfr_coursework2_interface_package__rosidl_typesupport_fastrtps_cppExport.cmake
[2.188s] -- Up-to-date: /home/laptop3/UoM/SoftwareForRobotics/coursework/coursework2/install/sfr_coursework2_interface_package/share/sfr_coursework2_interface_package/cmake/export_sfr_coursework2_interface_package__rosidl_typesupport_fastrtps_cppExport-noconfig.cmake
[2.188s] -- Up-to-date: /home/laptop3/UoM/SoftwareForRobotics/coursework/coursework2/install/sfr_coursework2_interface_package/share/sfr_coursework2_interface_package/cmake/sfr_coursework2_interface_package__rosidl_typesupport_introspection_cExport.cmake
[2.188s] -- Up-to-date: /home/laptop3/UoM/SoftwareForRobotics/coursework/coursework2/install/sfr_coursework2_interface_package/share/sfr_coursework2_interface_package/cmake/sfr_coursework2_interface_package__rosidl_typesupport_introspection_cExport-noconfig.cmake
[2.189s] -- Up-to-date: /home/laptop3/UoM/SoftwareForRobotics/coursework/coursework2/install/sfr_coursework2_interface_package/share/sfr_coursework2_interface_package/cmake/sfr_coursework2_interface_package__rosidl_typesupport_cExport.cmake
[2.190s] -- Up-to-date: /home/laptop3/UoM/SoftwareForRobotics/coursework/coursework2/install/sfr_coursework2_interface_package/share/sfr_coursework2_interface_package/cmake/sfr_coursework2_interface_package__rosidl_typesupport_cExport-noconfig.cmake
[2.190s] -- Up-to-date: /home/laptop3/UoM/SoftwareForRobotics/coursework/coursework2/install/sfr_coursework2_interface_package/share/sfr_coursework2_interface_package/cmake/sfr_coursework2_interface_package__rosidl_typesupport_introspection_cppExport.cmake
[2.190s] -- Up-to-date: /home/laptop3/UoM/SoftwareForRobotics/coursework/coursework2/install/sfr_coursework2_interface_package/share/sfr_coursework2_interface_package/cmake/sfr_coursework2_interface_package__rosidl_typesupport_introspection_cppExport-noconfig.cmake
[2.191s] -- Up-to-date: /home/laptop3/UoM/SoftwareForRobotics/coursework/coursework2/install/sfr_coursework2_interface_package/share/sfr_coursework2_interface_package/cmake/sfr_coursework2_interface_package__rosidl_typesupport_cppExport.cmake
[2.191s] -- Up-to-date: /home/laptop3/UoM/SoftwareForRobotics/coursework/coursework2/install/sfr_coursework2_interface_package/share/sfr_coursework2_interface_package/cmake/sfr_coursework2_interface_package__rosidl_typesupport_cppExport-noconfig.cmake
[2.191s] -- Up-to-date: /home/laptop3/UoM/SoftwareForRobotics/coursework/coursework2/install/sfr_coursework2_interface_package/share/sfr_coursework2_interface_package/cmake/export_sfr_coursework2_interface_package__rosidl_generator_pyExport.cmake
[2.191s] -- Up-to-date: /home/laptop3/UoM/SoftwareForRobotics/coursework/coursework2/install/sfr_coursework2_interface_package/share/sfr_coursework2_interface_package/cmake/export_sfr_coursework2_interface_package__rosidl_generator_pyExport-noconfig.cmake
[2.192s] -- Up-to-date: /home/laptop3/UoM/SoftwareForRobotics/coursework/coursework2/install/sfr_coursework2_interface_package/share/sfr_coursework2_interface_package/cmake/rosidl_cmake-extras.cmake
[2.193s] -- Up-to-date: /home/laptop3/UoM/SoftwareForRobotics/coursework/coursework2/install/sfr_coursework2_interface_package/share/sfr_coursework2_interface_package/cmake/ament_cmake_export_dependencies-extras.cmake
[2.193s] -- Up-to-date: /home/laptop3/UoM/SoftwareForRobotics/coursework/coursework2/install/sfr_coursework2_interface_package/share/sfr_coursework2_interface_package/cmake/ament_cmake_export_include_directories-extras.cmake
[2.194s] -- Up-to-date: /home/laptop3/UoM/SoftwareForRobotics/coursework/coursework2/install/sfr_coursework2_interface_package/share/sfr_coursework2_interface_package/cmake/ament_cmake_export_libraries-extras.cmake
[2.194s] -- Up-to-date: /home/laptop3/UoM/SoftwareForRobotics/coursework/coursework2/install/sfr_coursework2_interface_package/share/sfr_coursework2_interface_package/cmake/ament_cmake_export_targets-extras.cmake
[2.195s] -- Up-to-date: /home/laptop3/UoM/SoftwareForRobotics/coursework/coursework2/install/sfr_coursework2_interface_package/share/sfr_coursework2_interface_package/cmake/rosidl_cmake_export_typesupport_targets-extras.cmake
[2.197s] -- Up-to-date: /home/laptop3/UoM/SoftwareForRobotics/coursework/coursework2/install/sfr_coursework2_interface_package/share/sfr_coursework2_interface_package/cmake/rosidl_cmake_export_typesupport_libraries-extras.cmake
[2.198s] -- Up-to-date: /home/laptop3/UoM/SoftwareForRobotics/coursework/coursework2/install/sfr_coursework2_interface_package/share/sfr_coursework2_interface_package/cmake/sfr_coursework2_interface_packageConfig.cmake
[2.199s] -- Up-to-date: /home/laptop3/UoM/SoftwareForRobotics/coursework/coursework2/install/sfr_coursework2_interface_package/share/sfr_coursework2_interface_package/cmake/sfr_coursework2_interface_packageConfig-version.cmake
[2.199s] -- Up-to-date: /home/laptop3/UoM/SoftwareForRobotics/coursework/coursework2/install/sfr_coursework2_interface_package/share/sfr_coursework2_interface_package/package.xml
[2.201s] Invoked command in '/home/laptop3/UoM/SoftwareForRobotics/coursework/coursework2/build/sfr_coursework2_interface_package' returned '0': CMAKE_PREFIX_PATH=${CMAKE_PREFIX_PATH}:/home/laptop3/UoM/SoftwareForRobotics/coursework/coursework2/install/chrono_guardian_controller_pkg:/home/laptop3/UoM/SoftwareForRobotics/coursework/coursework2/install/chrono_guardian_bridge_pkg:/opt/ros/jazzy DEBUGINFOD_URLS=https://debuginfod.ubuntu.com /usr/bin/cmake --install /home/laptop3/UoM/SoftwareForRobotics/coursework/coursework2/build/sfr_coursework2_interface_package
