[0.153s] DEBUG:colcon:Command line arguments: ['/usr/bin/colcon', 'build']
[0.153s] DEBUG:colcon:Parsed command line arguments: Namespace(log_base=None, log_level=None, verb_name='build', build_base='build', install_base='install', merge_install=False, symlink_install=False, test_result_base=None, continue_on_error=False, executor='parallel', parallel_workers=12, event_handlers=None, ignore_user_meta=False, metas=['./colcon.meta'], base_paths=['.'], packages_ignore=None, packages_ignore_regex=None, paths=None, packages_up_to=None, packages_up_to_regex=None, packages_above=None, packages_above_and_dependencies=None, packages_above_depth=None, packages_select_by_dep=None, packages_skip_by_dep=None, packages_skip_up_to=None, packages_select_build_failed=False, packages_skip_build_finished=False, packages_select_test_failures=False, packages_skip_test_passed=False, packages_select=None, packages_skip=None, packages_select_regex=None, packages_skip_regex=None, packages_start=None, packages_end=None, allow_overriding=[], cmake_args=None, cmake_target=None, cmake_target_skip_unavailable=False, cmake_clean_cache=False, cmake_clean_first=False, cmake_force_configure=False, ament_cmake_args=None, catkin_cmake_args=None, catkin_skip_building_tests=False, mixin_files=None, mixin=None, verb_parser=<colcon_mixin.mixin.mixin_argument.MixinArgumentDecorator object at 0x7db80f8c7980>, verb_extension=<colcon_core.verb.build.BuildVerb object at 0x7db81023cf50>, main=<bound method BuildVerb.main of <colcon_core.verb.build.BuildVerb object at 0x7db81023cf50>>, mixin_verb=('build',))
[0.203s] Level 1:colcon.colcon_core.package_discovery:discover_packages(colcon_meta) check parameters
[0.203s] Level 1:colcon.colcon_core.package_discovery:discover_packages(recursive) check parameters
[0.203s] Level 1:colcon.colcon_core.package_discovery:discover_packages(ignore) check parameters
[0.203s] Level 1:colcon.colcon_core.package_discovery:discover_packages(path) check parameters
[0.203s] Level 1:colcon.colcon_core.package_discovery:discover_packages(colcon_meta) discover
[0.203s] Level 1:colcon.colcon_core.package_discovery:discover_packages(recursive) discover
[0.203s] INFO:colcon.colcon_core.package_discovery:Crawling recursively for packages in '/home/laptop3/UoM/SoftwareForRobotics/coursework/coursework2'
[0.203s] Level 1:colcon.colcon_core.package_identification:_identify(.) by extensions ['ignore', 'ignore_ament_install']
[0.203s] Level 1:colcon.colcon_core.package_identification:_identify(.) by extension 'ignore'
[0.203s] Level 1:colcon.colcon_core.package_identification:_identify(.) by extension 'ignore_ament_install'
[0.204s] Level 1:colcon.colcon_core.package_identification:_identify(.) by extensions ['colcon_pkg']
[0.204s] Level 1:colcon.colcon_core.package_identification:_identify(.) by extension 'colcon_pkg'
[0.204s] Level 1:colcon.colcon_core.package_identification:_identify(.) by extensions ['colcon_meta']
[0.204s] Level 1:colcon.colcon_core.package_identification:_identify(.) by extension 'colcon_meta'
[0.204s] Level 1:colcon.colcon_core.package_identification:_identify(.) by extensions ['ros']
[0.204s] Level 1:colcon.colcon_core.package_identification:_identify(.) by extension 'ros'
[0.238s] Level 1:colcon.colcon_core.package_identification:_identify(.) by extensions ['cmake', 'python']
[0.238s] Level 1:colcon.colcon_core.package_identification:_identify(.) by extension 'cmake'
[0.238s] Level 1:colcon.colcon_core.package_identification:_identify(.) by extension 'python'
[0.238s] Level 1:colcon.colcon_core.package_identification:_identify(.) by extensions ['python_setup_py']
[0.238s] Level 1:colcon.colcon_core.package_identification:_identify(.) by extension 'python_setup_py'
[0.238s] Level 1:colcon.colcon_core.package_identification:_identify(build) by extensions ['ignore', 'ignore_ament_install']
[0.238s] Level 1:colcon.colcon_core.package_identification:_identify(build) by extension 'ignore'
[0.238s] Level 1:colcon.colcon_core.package_identification:_identify(build) ignored
[0.238s] Level 1:colcon.colcon_core.package_identification:_identify(install) by extensions ['ignore', 'ignore_ament_install']
[0.238s] Level 1:colcon.colcon_core.package_identification:_identify(install) by extension 'ignore'
[0.238s] Level 1:colcon.colcon_core.package_identification:_identify(install) ignored
[0.239s] Level 1:colcon.colcon_core.package_identification:_identify(log) by extensions ['ignore', 'ignore_ament_install']
[0.239s] Level 1:colcon.colcon_core.package_identification:_identify(log) by extension 'ignore'
[0.239s] Level 1:colcon.colcon_core.package_identification:_identify(log) ignored
[0.239s] Level 1:colcon.colcon_core.package_identification:_identify(src) by extensions ['ignore', 'ignore_ament_install']
[0.239s] Level 1:colcon.colcon_core.package_identification:_identify(src) by extension 'ignore'
[0.239s] Level 1:colcon.colcon_core.package_identification:_identify(src) by extension 'ignore_ament_install'
[0.239s] Level 1:colcon.colcon_core.package_identification:_identify(src) by extensions ['colcon_pkg']
[0.239s] Level 1:colcon.colcon_core.package_identification:_identify(src) by extension 'colcon_pkg'
[0.239s] Level 1:colcon.colcon_core.package_identification:_identify(src) by extensions ['colcon_meta']
[0.239s] Level 1:colcon.colcon_core.package_identification:_identify(src) by extension 'colcon_meta'
[0.239s] Level 1:colcon.colcon_core.package_identification:_identify(src) by extensions ['ros']
[0.239s] Level 1:colcon.colcon_core.package_identification:_identify(src) by extension 'ros'
[0.239s] Level 1:colcon.colcon_core.package_identification:_identify(src) by extensions ['cmake', 'python']
[0.239s] Level 1:colcon.colcon_core.package_identification:_identify(src) by extension 'cmake'
[0.239s] Level 1:colcon.colcon_core.package_identification:_identify(src) by extension 'python'
[0.239s] Level 1:colcon.colcon_core.package_identification:_identify(src) by extensions ['python_setup_py']
[0.239s] Level 1:colcon.colcon_core.package_identification:_identify(src) by extension 'python_setup_py'
[0.242s] Level 1:colcon.colcon_core.package_identification:_identify(src/chrono_guardian_bridge_pkg) by extensions ['ignore', 'ignore_ament_install']
[0.242s] Level 1:colcon.colcon_core.package_identification:_identify(src/chrono_guardian_bridge_pkg) by extension 'ignore'
[0.242s] Level 1:colcon.colcon_core.package_identification:_identify(src/chrono_guardian_bridge_pkg) by extension 'ignore_ament_install'
[0.242s] Level 1:colcon.colcon_core.package_identification:_identify(src/chrono_guardian_bridge_pkg) by extensions ['colcon_pkg']
[0.242s] Level 1:colcon.colcon_core.package_identification:_identify(src/chrono_guardian_bridge_pkg) by extension 'colcon_pkg'
[0.242s] Level 1:colcon.colcon_core.package_identification:_identify(src/chrono_guardian_bridge_pkg) by extensions ['colcon_meta']
[0.242s] Level 1:colcon.colcon_core.package_identification:_identify(src/chrono_guardian_bridge_pkg) by extension 'colcon_meta'
[0.243s] Level 1:colcon.colcon_core.package_identification:_identify(src/chrono_guardian_bridge_pkg) by extensions ['ros']
[0.243s] Level 1:colcon.colcon_core.package_identification:_identify(src/chrono_guardian_bridge_pkg) by extension 'ros'
[0.246s] DEBUG:colcon.colcon_core.package_identification:Package 'src/chrono_guardian_bridge_pkg' with type 'ros.ament_python' and name 'chrono_guardian_bridge_pkg'
[0.246s] Level 1:colcon.colcon_core.package_identification:_identify(src/chrono_guardian_controller_pkg) by extensions ['ignore', 'ignore_ament_install']
[0.246s] Level 1:colcon.colcon_core.package_identification:_identify(src/chrono_guardian_controller_pkg) by extension 'ignore'
[0.246s] Level 1:colcon.colcon_core.package_identification:_identify(src/chrono_guardian_controller_pkg) by extension 'ignore_ament_install'
[0.246s] Level 1:colcon.colcon_core.package_identification:_identify(src/chrono_guardian_controller_pkg) by extensions ['colcon_pkg']
[0.246s] Level 1:colcon.colcon_core.package_identification:_identify(src/chrono_guardian_controller_pkg) by extension 'colcon_pkg'
[0.246s] Level 1:colcon.colcon_core.package_identification:_identify(src/chrono_guardian_controller_pkg) by extensions ['colcon_meta']
[0.246s] Level 1:colcon.colcon_core.package_identification:_identify(src/chrono_guardian_controller_pkg) by extension 'colcon_meta'
[0.246s] Level 1:colcon.colcon_core.package_identification:_identify(src/chrono_guardian_controller_pkg) by extensions ['ros']
[0.246s] Level 1:colcon.colcon_core.package_identification:_identify(src/chrono_guardian_controller_pkg) by extension 'ros'
[0.247s] DEBUG:colcon.colcon_core.package_identification:Package 'src/chrono_guardian_controller_pkg' with type 'ros.ament_python' and name 'chrono_guardian_controller_pkg'
[0.247s] Level 1:colcon.colcon_core.package_identification:_identify(src/chrono_guardian_navigation_pkg) by extensions ['ignore', 'ignore_ament_install']
[0.247s] Level 1:colcon.colcon_core.package_identification:_identify(src/chrono_guardian_navigation_pkg) by extension 'ignore'
[0.248s] Level 1:colcon.colcon_core.package_identification:_identify(src/chrono_guardian_navigation_pkg) by extension 'ignore_ament_install'
[0.248s] Level 1:colcon.colcon_core.package_identification:_identify(src/chrono_guardian_navigation_pkg) by extensions ['colcon_pkg']
[0.248s] Level 1:colcon.colcon_core.package_identification:_identify(src/chrono_guardian_navigation_pkg) by extension 'colcon_pkg'
[0.248s] Level 1:colcon.colcon_core.package_identification:_identify(src/chrono_guardian_navigation_pkg) by extensions ['colcon_meta']
[0.248s] Level 1:colcon.colcon_core.package_identification:_identify(src/chrono_guardian_navigation_pkg) by extension 'colcon_meta'
[0.248s] Level 1:colcon.colcon_core.package_identification:_identify(src/chrono_guardian_navigation_pkg) by extensions ['ros']
[0.248s] Level 1:colcon.colcon_core.package_identification:_identify(src/chrono_guardian_navigation_pkg) by extension 'ros'
[0.248s] DEBUG:colcon.colcon_core.package_identification:Package 'src/chrono_guardian_navigation_pkg' with type 'ros.ament_python' and name 'chrono_guardian_navigation_pkg'
[0.249s] Level 1:colcon.colcon_core.package_identification:_identify(src/sfr_coursework2_interface_package) by extensions ['ignore', 'ignore_ament_install']
[0.249s] Level 1:colcon.colcon_core.package_identification:_identify(src/sfr_coursework2_interface_package) by extension 'ignore'
[0.249s] Level 1:colcon.colcon_core.package_identification:_identify(src/sfr_coursework2_interface_package) by extension 'ignore_ament_install'
[0.249s] Level 1:colcon.colcon_core.package_identification:_identify(src/sfr_coursework2_interface_package) by extensions ['colcon_pkg']
[0.249s] Level 1:colcon.colcon_core.package_identification:_identify(src/sfr_coursework2_interface_package) by extension 'colcon_pkg'
[0.249s] Level 1:colcon.colcon_core.package_identification:_identify(src/sfr_coursework2_interface_package) by extensions ['colcon_meta']
[0.249s] Level 1:colcon.colcon_core.package_identification:_identify(src/sfr_coursework2_interface_package) by extension 'colcon_meta'
[0.249s] Level 1:colcon.colcon_core.package_identification:_identify(src/sfr_coursework2_interface_package) by extensions ['ros']
[0.249s] Level 1:colcon.colcon_core.package_identification:_identify(src/sfr_coursework2_interface_package) by extension 'ros'
[0.250s] DEBUG:colcon.colcon_core.package_identification:Package 'src/sfr_coursework2_interface_package' with type 'ros.ament_cmake' and name 'sfr_coursework2_interface_package'
[0.250s] Level 1:colcon.colcon_core.package_discovery:discover_packages(recursive) using defaults
[0.250s] Level 1:colcon.colcon_core.package_discovery:discover_packages(ignore) discover
[0.250s] Level 1:colcon.colcon_core.package_discovery:discover_packages(ignore) using defaults
[0.250s] Level 1:colcon.colcon_core.package_discovery:discover_packages(path) discover
[0.250s] Level 1:colcon.colcon_core.package_discovery:discover_packages(path) using defaults
[0.279s] Level 1:colcon.colcon_core.package_discovery:discover_packages(prefix_path) check parameters
[0.279s] Level 1:colcon.colcon_core.package_discovery:discover_packages(prefix_path) discover
[0.284s] DEBUG:colcon.colcon_installed_package_information.package_discovery:Found 4 installed packages in /home/laptop3/UoM/SoftwareForRobotics/coursework/coursework2/install
[0.287s] DEBUG:colcon.colcon_installed_package_information.package_discovery:Found 447 installed packages in /opt/ros/jazzy
[0.288s] Level 1:colcon.colcon_core.package_discovery:discover_packages(prefix_path) using defaults
[0.352s] Level 5:colcon.colcon_core.verb:set package 'chrono_guardian_bridge_pkg' build argument 'cmake_args' from command line to 'None'
[0.352s] Level 5:colcon.colcon_core.verb:set package 'chrono_guardian_bridge_pkg' build argument 'cmake_target' from command line to 'None'
[0.352s] Level 5:colcon.colcon_core.verb:set package 'chrono_guardian_bridge_pkg' build argument 'cmake_target_skip_unavailable' from command line to 'False'
[0.352s] Level 5:colcon.colcon_core.verb:set package 'chrono_guardian_bridge_pkg' build argument 'cmake_clean_cache' from command line to 'False'
[0.352s] Level 5:colcon.colcon_core.verb:set package 'chrono_guardian_bridge_pkg' build argument 'cmake_clean_first' from command line to 'False'
[0.352s] Level 5:colcon.colcon_core.verb:set package 'chrono_guardian_bridge_pkg' build argument 'cmake_force_configure' from command line to 'False'
[0.352s] Level 5:colcon.colcon_core.verb:set package 'chrono_guardian_bridge_pkg' build argument 'ament_cmake_args' from command line to 'None'
[0.352s] Level 5:colcon.colcon_core.verb:set package 'chrono_guardian_bridge_pkg' build argument 'catkin_cmake_args' from command line to 'None'
[0.352s] Level 5:colcon.colcon_core.verb:set package 'chrono_guardian_bridge_pkg' build argument 'catkin_skip_building_tests' from command line to 'False'
[0.352s] DEBUG:colcon.colcon_core.verb:Building package 'chrono_guardian_bridge_pkg' with the following arguments: {'ament_cmake_args': None, 'build_base': '/home/laptop3/UoM/SoftwareForRobotics/coursework/coursework2/build/chrono_guardian_bridge_pkg', 'catkin_cmake_args': None, 'catkin_skip_building_tests': False, 'cmake_args': None, 'cmake_clean_cache': False, 'cmake_clean_first': False, 'cmake_force_configure': False, 'cmake_target': None, 'cmake_target_skip_unavailable': False, 'install_base': '/home/laptop3/UoM/SoftwareForRobotics/coursework/coursework2/install/chrono_guardian_bridge_pkg', 'merge_install': False, 'path': '/home/laptop3/UoM/SoftwareForRobotics/coursework/coursework2/src/chrono_guardian_bridge_pkg', 'symlink_install': False, 'test_result_base': None}
[0.353s] Level 5:colcon.colcon_core.verb:set package 'chrono_guardian_navigation_pkg' build argument 'cmake_args' from command line to 'None'
[0.353s] Level 5:colcon.colcon_core.verb:set package 'chrono_guardian_navigation_pkg' build argument 'cmake_target' from command line to 'None'
[0.353s] Level 5:colcon.colcon_core.verb:set package 'chrono_guardian_navigation_pkg' build argument 'cmake_target_skip_unavailable' from command line to 'False'
[0.353s] Level 5:colcon.colcon_core.verb:set package 'chrono_guardian_navigation_pkg' build argument 'cmake_clean_cache' from command line to 'False'
[0.353s] Level 5:colcon.colcon_core.verb:set package 'chrono_guardian_navigation_pkg' build argument 'cmake_clean_first' from command line to 'False'
[0.353s] Level 5:colcon.colcon_core.verb:set package 'chrono_guardian_navigation_pkg' build argument 'cmake_force_configure' from command line to 'False'
[0.353s] Level 5:colcon.colcon_core.verb:set package 'chrono_guardian_navigation_pkg' build argument 'ament_cmake_args' from command line to 'None'
[0.353s] Level 5:colcon.colcon_core.verb:set package 'chrono_guardian_navigation_pkg' build argument 'catkin_cmake_args' from command line to 'None'
[0.353s] Level 5:colcon.colcon_core.verb:set package 'chrono_guardian_navigation_pkg' build argument 'catkin_skip_building_tests' from command line to 'False'
[0.353s] DEBUG:colcon.colcon_core.verb:Building package 'chrono_guardian_navigation_pkg' with the following arguments: {'ament_cmake_args': None, 'build_base': '/home/laptop3/UoM/SoftwareForRobotics/coursework/coursework2/build/chrono_guardian_navigation_pkg', 'catkin_cmake_args': None, 'catkin_skip_building_tests': False, 'cmake_args': None, 'cmake_clean_cache': False, 'cmake_clean_first': False, 'cmake_force_configure': False, 'cmake_target': None, 'cmake_target_skip_unavailable': False, 'install_base': '/home/laptop3/UoM/SoftwareForRobotics/coursework/coursework2/install/chrono_guardian_navigation_pkg', 'merge_install': False, 'path': '/home/laptop3/UoM/SoftwareForRobotics/coursework/coursework2/src/chrono_guardian_navigation_pkg', 'symlink_install': False, 'test_result_base': None}
[0.353s] Level 5:colcon.colcon_core.verb:set package 'sfr_coursework2_interface_package' build argument 'cmake_args' from command line to 'None'
[0.353s] Level 5:colcon.colcon_core.verb:set package 'sfr_coursework2_interface_package' build argument 'cmake_target' from command line to 'None'
[0.353s] Level 5:colcon.colcon_core.verb:set package 'sfr_coursework2_interface_package' build argument 'cmake_target_skip_unavailable' from command line to 'False'
[0.353s] Level 5:colcon.colcon_core.verb:set package 'sfr_coursework2_interface_package' build argument 'cmake_clean_cache' from command line to 'False'
[0.353s] Level 5:colcon.colcon_core.verb:set package 'sfr_coursework2_interface_package' build argument 'cmake_clean_first' from command line to 'False'
[0.353s] Level 5:colcon.colcon_core.verb:set package 'sfr_coursework2_interface_package' build argument 'cmake_force_configure' from command line to 'False'
[0.353s] Level 5:colcon.colcon_core.verb:set package 'sfr_coursework2_interface_package' build argument 'ament_cmake_args' from command line to 'None'
[0.353s] Level 5:colcon.colcon_core.verb:set package 'sfr_coursework2_interface_package' build argument 'catkin_cmake_args' from command line to 'None'
[0.353s] Level 5:colcon.colcon_core.verb:set package 'sfr_coursework2_interface_package' build argument 'catkin_skip_building_tests' from command line to 'False'
[0.353s] DEBUG:colcon.colcon_core.verb:Building package 'sfr_coursework2_interface_package' with the following arguments: {'ament_cmake_args': None, 'build_base': '/home/laptop3/UoM/SoftwareForRobotics/coursework/coursework2/build/sfr_coursework2_interface_package', 'catkin_cmake_args': None, 'catkin_skip_building_tests': False, 'cmake_args': None, 'cmake_clean_cache': False, 'cmake_clean_first': False, 'cmake_force_configure': False, 'cmake_target': None, 'cmake_target_skip_unavailable': False, 'install_base': '/home/laptop3/UoM/SoftwareForRobotics/coursework/coursework2/install/sfr_coursework2_interface_package', 'merge_install': False, 'path': '/home/laptop3/UoM/SoftwareForRobotics/coursework/coursework2/src/sfr_coursework2_interface_package', 'symlink_install': False, 'test_result_base': None}
[0.354s] Level 5:colcon.colcon_core.verb:set package 'chrono_guardian_controller_pkg' build argument 'cmake_args' from command line to 'None'
[0.354s] Level 5:colcon.colcon_core.verb:set package 'chrono_guardian_controller_pkg' build argument 'cmake_target' from command line to 'None'
[0.354s] Level 5:colcon.colcon_core.verb:set package 'chrono_guardian_controller_pkg' build argument 'cmake_target_skip_unavailable' from command line to 'False'
[0.354s] Level 5:colcon.colcon_core.verb:set package 'chrono_guardian_controller_pkg' build argument 'cmake_clean_cache' from command line to 'False'
[0.354s] Level 5:colcon.colcon_core.verb:set package 'chrono_guardian_controller_pkg' build argument 'cmake_clean_first' from command line to 'False'
[0.354s] Level 5:colcon.colcon_core.verb:set package 'chrono_guardian_controller_pkg' build argument 'cmake_force_configure' from command line to 'False'
[0.354s] Level 5:colcon.colcon_core.verb:set package 'chrono_guardian_controller_pkg' build argument 'ament_cmake_args' from command line to 'None'
[0.354s] Level 5:colcon.colcon_core.verb:set package 'chrono_guardian_controller_pkg' build argument 'catkin_cmake_args' from command line to 'None'
[0.354s] Level 5:colcon.colcon_core.verb:set package 'chrono_guardian_controller_pkg' build argument 'catkin_skip_building_tests' from command line to 'False'
[0.354s] DEBUG:colcon.colcon_core.verb:Building package 'chrono_guardian_controller_pkg' with the following arguments: {'ament_cmake_args': None, 'build_base': '/home/laptop3/UoM/SoftwareForRobotics/coursework/coursework2/build/chrono_guardian_controller_pkg', 'catkin_cmake_args': None, 'catkin_skip_building_tests': False, 'cmake_args': None, 'cmake_clean_cache': False, 'cmake_clean_first': False, 'cmake_force_configure': False, 'cmake_target': None, 'cmake_target_skip_unavailable': False, 'install_base': '/home/laptop3/UoM/SoftwareForRobotics/coursework/coursework2/install/chrono_guardian_controller_pkg', 'merge_install': False, 'path': '/home/laptop3/UoM/SoftwareForRobotics/coursework/coursework2/src/chrono_guardian_controller_pkg', 'symlink_install': False, 'test_result_base': None}
[0.354s] INFO:colcon.colcon_core.executor:Executing jobs using 'parallel' executor
[0.356s] DEBUG:colcon.colcon_parallel_executor.executor.parallel:run_until_complete
[0.356s] INFO:colcon.colcon_ros.task.ament_cmake.build:Building ROS package in '/home/laptop3/UoM/SoftwareForRobotics/coursework/coursework2/src/sfr_coursework2_interface_package' with build type 'ament_cmake'
[0.356s] INFO:colcon.colcon_cmake.task.cmake.build:Building CMake package in '/home/laptop3/UoM/SoftwareForRobotics/coursework/coursework2/src/sfr_coursework2_interface_package'
[0.359s] INFO:colcon.colcon_core.plugin_system:Skipping extension 'colcon_core.shell.bat': Not used on non-Windows systems
[0.359s] INFO:colcon.colcon_core.shell:Skip shell extension 'powershell' for command environment: Not usable outside of PowerShell
[0.359s] DEBUG:colcon.colcon_core.shell:Skip shell extension 'dsv' for command environment
[0.365s] INFO:colcon.colcon_ros.task.ament_python.build:Building ROS package in '/home/laptop3/UoM/SoftwareForRobotics/coursework/coursework2/src/chrono_guardian_bridge_pkg' with build type 'ament_python'
[0.365s] Level 1:colcon.colcon_core.shell:create_environment_hook('chrono_guardian_bridge_pkg', 'ament_prefix_path')
[0.366s] INFO:colcon.colcon_core.shell:Creating environment hook '/home/laptop3/UoM/SoftwareForRobotics/coursework/coursework2/install/chrono_guardian_bridge_pkg/share/chrono_guardian_bridge_pkg/hook/ament_prefix_path.ps1'
[0.369s] INFO:colcon.colcon_core.shell:Creating environment descriptor '/home/laptop3/UoM/SoftwareForRobotics/coursework/coursework2/install/chrono_guardian_bridge_pkg/share/chrono_guardian_bridge_pkg/hook/ament_prefix_path.dsv'
[0.370s] INFO:colcon.colcon_core.shell:Creating environment hook '/home/laptop3/UoM/SoftwareForRobotics/coursework/coursework2/install/chrono_guardian_bridge_pkg/share/chrono_guardian_bridge_pkg/hook/ament_prefix_path.sh'
[0.371s] INFO:colcon.colcon_core.shell:Skip shell extension 'powershell' for command environment: Not usable outside of PowerShell
[0.371s] DEBUG:colcon.colcon_core.shell:Skip shell extension 'dsv' for command environment
[0.376s] INFO:colcon.colcon_ros.task.ament_python.build:Building ROS package in '/home/laptop3/UoM/SoftwareForRobotics/coursework/coursework2/src/chrono_guardian_navigation_pkg' with build type 'ament_python'
[0.376s] Level 1:colcon.colcon_core.shell:create_environment_hook('chrono_guardian_navigation_pkg', 'ament_prefix_path')
[0.376s] INFO:colcon.colcon_core.shell:Creating environment hook '/home/laptop3/UoM/SoftwareForRobotics/coursework/coursework2/install/chrono_guardian_navigation_pkg/share/chrono_guardian_navigation_pkg/hook/ament_prefix_path.ps1'
[0.377s] INFO:colcon.colcon_core.shell:Creating environment descriptor '/home/laptop3/UoM/SoftwareForRobotics/coursework/coursework2/install/chrono_guardian_navigation_pkg/share/chrono_guardian_navigation_pkg/hook/ament_prefix_path.dsv'
[0.378s] INFO:colcon.colcon_core.shell:Creating environment hook '/home/laptop3/UoM/SoftwareForRobotics/coursework/coursework2/install/chrono_guardian_navigation_pkg/share/chrono_guardian_navigation_pkg/hook/ament_prefix_path.sh'
[0.379s] INFO:colcon.colcon_core.shell:Skip shell extension 'powershell' for command environment: Not usable outside of PowerShell
[0.379s] DEBUG:colcon.colcon_core.shell:Skip shell extension 'dsv' for command environment
[0.394s] DEBUG:colcon.colcon_core.event_handler.log_command:Invoking command in '/home/laptop3/UoM/SoftwareForRobotics/coursework/coursework2/build/sfr_coursework2_interface_package': CMAKE_PREFIX_PATH=${CMAKE_PREFIX_PATH}:/home/laptop3/UoM/SoftwareForRobotics/coursework/coursework2/install/chrono_guardian_controller_pkg:/home/laptop3/UoM/SoftwareForRobotics/coursework/coursework2/install/chrono_guardian_navigation_pkg:/home/laptop3/UoM/SoftwareForRobotics/coursework/coursework2/install/chrono_guardian_bridge_pkg:/opt/ros/jazzy DEBUGINFOD_URLS=https://debuginfod.ubuntu.com /usr/bin/cmake --build /home/laptop3/UoM/SoftwareForRobotics/coursework/coursework2/build/sfr_coursework2_interface_package -- -j12 -l12
[0.737s] INFO:colcon.colcon_core.task.python.build:Building Python package in '/home/laptop3/UoM/SoftwareForRobotics/coursework/coursework2/src/chrono_guardian_bridge_pkg'
[0.737s] INFO:colcon.colcon_core.shell:Skip shell extension 'powershell' for command environment: Not usable outside of PowerShell
[0.737s] DEBUG:colcon.colcon_core.shell:Skip shell extension 'dsv' for command environment
[1.164s] INFO:colcon.colcon_core.task.python.build:Building Python package in '/home/laptop3/UoM/SoftwareForRobotics/coursework/coursework2/src/chrono_guardian_navigation_pkg'
[1.165s] INFO:colcon.colcon_core.shell:Skip shell extension 'powershell' for command environment: Not usable outside of PowerShell
[1.165s] DEBUG:colcon.colcon_core.shell:Skip shell extension 'dsv' for command environment
[1.918s] DEBUG:colcon.colcon_core.event_handler.log_command:Invoked command in '/home/laptop3/UoM/SoftwareForRobotics/coursework/coursework2/build/sfr_coursework2_interface_package' returned '0': CMAKE_PREFIX_PATH=${CMAKE_PREFIX_PATH}:/home/laptop3/UoM/SoftwareForRobotics/coursework/coursework2/install/chrono_guardian_controller_pkg:/home/laptop3/UoM/SoftwareForRobotics/coursework/coursework2/install/chrono_guardian_navigation_pkg:/home/laptop3/UoM/SoftwareForRobotics/coursework/coursework2/install/chrono_guardian_bridge_pkg:/opt/ros/jazzy DEBUGINFOD_URLS=https://debuginfod.ubuntu.com /usr/bin/cmake --build /home/laptop3/UoM/SoftwareForRobotics/coursework/coursework2/build/sfr_coursework2_interface_package -- -j12 -l12
[1.939s] DEBUG:colcon.colcon_core.event_handler.log_command:Invoking command in '/home/laptop3/UoM/SoftwareForRobotics/coursework/coursework2/build/sfr_coursework2_interface_package': CMAKE_PREFIX_PATH=${CMAKE_PREFIX_PATH}:/home/laptop3/UoM/SoftwareForRobotics/coursework/coursework2/install/chrono_guardian_controller_pkg:/home/laptop3/UoM/SoftwareForRobotics/coursework/coursework2/install/chrono_guardian_navigation_pkg:/home/laptop3/UoM/SoftwareForRobotics/coursework/coursework2/install/chrono_guardian_bridge_pkg:/opt/ros/jazzy DEBUGINFOD_URLS=https://debuginfod.ubuntu.com /usr/bin/cmake --install /home/laptop3/UoM/SoftwareForRobotics/coursework/coursework2/build/sfr_coursework2_interface_package
[2.033s] Level 1:colcon.colcon_core.environment:create_environment_scripts_only(sfr_coursework2_interface_package)
[2.040s] Level 1:colcon.colcon_core.environment:checking '/home/laptop3/UoM/SoftwareForRobotics/coursework/coursework2/install/sfr_coursework2_interface_package' for CMake module files
[2.041s] DEBUG:colcon.colcon_core.event_handler.log_command:Invoked command in '/home/laptop3/UoM/SoftwareForRobotics/coursework/coursework2/build/sfr_coursework2_interface_package' returned '0': CMAKE_PREFIX_PATH=${CMAKE_PREFIX_PATH}:/home/laptop3/UoM/SoftwareForRobotics/coursework/coursework2/install/chrono_guardian_controller_pkg:/home/laptop3/UoM/SoftwareForRobotics/coursework/coursework2/install/chrono_guardian_navigation_pkg:/home/laptop3/UoM/SoftwareForRobotics/coursework/coursework2/install/chrono_guardian_bridge_pkg:/opt/ros/jazzy DEBUGINFOD_URLS=https://debuginfod.ubuntu.com /usr/bin/cmake --install /home/laptop3/UoM/SoftwareForRobotics/coursework/coursework2/build/sfr_coursework2_interface_package
[2.042s] Level 1:colcon.colcon_core.environment:checking '/home/laptop3/UoM/SoftwareForRobotics/coursework/coursework2/install/sfr_coursework2_interface_package' for CMake config files
[2.044s] Level 1:colcon.colcon_core.shell:create_environment_hook('sfr_coursework2_interface_package', 'cmake_prefix_path')
[2.044s] INFO:colcon.colcon_core.shell:Creating environment hook '/home/laptop3/UoM/SoftwareForRobotics/coursework/coursework2/install/sfr_coursework2_interface_package/share/sfr_coursework2_interface_package/hook/cmake_prefix_path.ps1'
[2.045s] INFO:colcon.colcon_core.shell:Creating environment descriptor '/home/laptop3/UoM/SoftwareForRobotics/coursework/coursework2/install/sfr_coursework2_interface_package/share/sfr_coursework2_interface_package/hook/cmake_prefix_path.dsv'
[2.045s] INFO:colcon.colcon_core.shell:Creating environment hook '/home/laptop3/UoM/SoftwareForRobotics/coursework/coursework2/install/sfr_coursework2_interface_package/share/sfr_coursework2_interface_package/hook/cmake_prefix_path.sh'
[2.046s] Level 1:colcon.colcon_core.environment:checking '/home/laptop3/UoM/SoftwareForRobotics/coursework/coursework2/install/sfr_coursework2_interface_package/lib'
[2.046s] Level 1:colcon.colcon_core.shell:create_environment_hook('sfr_coursework2_interface_package', 'ld_library_path_lib')
[2.046s] INFO:colcon.colcon_core.shell:Creating environment hook '/home/laptop3/UoM/SoftwareForRobotics/coursework/coursework2/install/sfr_coursework2_interface_package/share/sfr_coursework2_interface_package/hook/ld_library_path_lib.ps1'
[2.047s] INFO:colcon.colcon_core.shell:Creating environment descriptor '/home/laptop3/UoM/SoftwareForRobotics/coursework/coursework2/install/sfr_coursework2_interface_package/share/sfr_coursework2_interface_package/hook/ld_library_path_lib.dsv'
[2.047s] INFO:colcon.colcon_core.shell:Creating environment hook '/home/laptop3/UoM/SoftwareForRobotics/coursework/coursework2/install/sfr_coursework2_interface_package/share/sfr_coursework2_interface_package/hook/ld_library_path_lib.sh'
[2.047s] Level 1:colcon.colcon_core.environment:checking '/home/laptop3/UoM/SoftwareForRobotics/coursework/coursework2/install/sfr_coursework2_interface_package/bin'
[2.047s] Level 1:colcon.colcon_core.environment:checking '/home/laptop3/UoM/SoftwareForRobotics/coursework/coursework2/install/sfr_coursework2_interface_package/lib/pkgconfig/sfr_coursework2_interface_package.pc'
[2.048s] Level 1:colcon.colcon_core.environment:checking '/home/laptop3/UoM/SoftwareForRobotics/coursework/coursework2/install/sfr_coursework2_interface_package/lib/python3.12/site-packages'
[2.048s] Level 1:colcon.colcon_core.shell:create_environment_hook('sfr_coursework2_interface_package', 'pythonpath')
[2.048s] INFO:colcon.colcon_core.shell:Creating environment hook '/home/laptop3/UoM/SoftwareForRobotics/coursework/coursework2/install/sfr_coursework2_interface_package/share/sfr_coursework2_interface_package/hook/pythonpath.ps1'
[2.048s] INFO:colcon.colcon_core.shell:Creating environment descriptor '/home/laptop3/UoM/SoftwareForRobotics/coursework/coursework2/install/sfr_coursework2_interface_package/share/sfr_coursework2_interface_package/hook/pythonpath.dsv'
[2.049s] INFO:colcon.colcon_core.shell:Creating environment hook '/home/laptop3/UoM/SoftwareForRobotics/coursework/coursework2/install/sfr_coursework2_interface_package/share/sfr_coursework2_interface_package/hook/pythonpath.sh'
[2.050s] Level 1:colcon.colcon_core.environment:checking '/home/laptop3/UoM/SoftwareForRobotics/coursework/coursework2/install/sfr_coursework2_interface_package/bin'
[2.050s] INFO:colcon.colcon_core.shell:Creating package script '/home/laptop3/UoM/SoftwareForRobotics/coursework/coursework2/install/sfr_coursework2_interface_package/share/sfr_coursework2_interface_package/package.ps1'
[2.051s] INFO:colcon.colcon_core.shell:Creating package descriptor '/home/laptop3/UoM/SoftwareForRobotics/coursework/coursework2/install/sfr_coursework2_interface_package/share/sfr_coursework2_interface_package/package.dsv'
[2.052s] INFO:colcon.colcon_core.shell:Creating package script '/home/laptop3/UoM/SoftwareForRobotics/coursework/coursework2/install/sfr_coursework2_interface_package/share/sfr_coursework2_interface_package/package.sh'
[2.053s] INFO:colcon.colcon_core.shell:Creating package script '/home/laptop3/UoM/SoftwareForRobotics/coursework/coursework2/install/sfr_coursework2_interface_package/share/sfr_coursework2_interface_package/package.bash'
[2.053s] INFO:colcon.colcon_core.shell:Creating package script '/home/laptop3/UoM/SoftwareForRobotics/coursework/coursework2/install/sfr_coursework2_interface_package/share/sfr_coursework2_interface_package/package.zsh'
[2.054s] Level 1:colcon.colcon_core.environment:create_file_with_runtime_dependencies(/home/laptop3/UoM/SoftwareForRobotics/coursework/coursework2/install/sfr_coursework2_interface_package/share/colcon-core/packages/sfr_coursework2_interface_package)
[2.054s] Level 1:colcon.colcon_core.environment:create_environment_scripts_only(sfr_coursework2_interface_package)
[2.054s] Level 1:colcon.colcon_core.environment:checking '/home/laptop3/UoM/SoftwareForRobotics/coursework/coursework2/install/sfr_coursework2_interface_package' for CMake module files
[2.055s] Level 1:colcon.colcon_core.environment:checking '/home/laptop3/UoM/SoftwareForRobotics/coursework/coursework2/install/sfr_coursework2_interface_package' for CMake config files
[2.056s] Level 1:colcon.colcon_core.shell:create_environment_hook('sfr_coursework2_interface_package', 'cmake_prefix_path')
[2.056s] INFO:colcon.colcon_core.shell:Creating environment hook '/home/laptop3/UoM/SoftwareForRobotics/coursework/coursework2/install/sfr_coursework2_interface_package/share/sfr_coursework2_interface_package/hook/cmake_prefix_path.ps1'
[2.056s] INFO:colcon.colcon_core.shell:Creating environment descriptor '/home/laptop3/UoM/SoftwareForRobotics/coursework/coursework2/install/sfr_coursework2_interface_package/share/sfr_coursework2_interface_package/hook/cmake_prefix_path.dsv'
[2.057s] INFO:colcon.colcon_core.shell:Creating environment hook '/home/laptop3/UoM/SoftwareForRobotics/coursework/coursework2/install/sfr_coursework2_interface_package/share/sfr_coursework2_interface_package/hook/cmake_prefix_path.sh'
[2.076s] Level 1:colcon.colcon_core.environment:checking '/home/laptop3/UoM/SoftwareForRobotics/coursework/coursework2/install/sfr_coursework2_interface_package/lib'
[2.076s] Level 1:colcon.colcon_core.shell:create_environment_hook('sfr_coursework2_interface_package', 'ld_library_path_lib')
[2.077s] INFO:colcon.colcon_core.shell:Creating environment hook '/home/laptop3/UoM/SoftwareForRobotics/coursework/coursework2/install/sfr_coursework2_interface_package/share/sfr_coursework2_interface_package/hook/ld_library_path_lib.ps1'
[2.078s] INFO:colcon.colcon_core.shell:Creating environment descriptor '/home/laptop3/UoM/SoftwareForRobotics/coursework/coursework2/install/sfr_coursework2_interface_package/share/sfr_coursework2_interface_package/hook/ld_library_path_lib.dsv'
[2.078s] INFO:colcon.colcon_core.shell:Creating environment hook '/home/laptop3/UoM/SoftwareForRobotics/coursework/coursework2/install/sfr_coursework2_interface_package/share/sfr_coursework2_interface_package/hook/ld_library_path_lib.sh'
[2.079s] Level 1:colcon.colcon_core.environment:checking '/home/laptop3/UoM/SoftwareForRobotics/coursework/coursework2/install/sfr_coursework2_interface_package/bin'
[2.079s] Level 1:colcon.colcon_core.environment:checking '/home/laptop3/UoM/SoftwareForRobotics/coursework/coursework2/install/sfr_coursework2_interface_package/lib/pkgconfig/sfr_coursework2_interface_package.pc'
[2.079s] Level 1:colcon.colcon_core.environment:checking '/home/laptop3/UoM/SoftwareForRobotics/coursework/coursework2/install/sfr_coursework2_interface_package/lib/python3.12/site-packages'
[2.079s] Level 1:colcon.colcon_core.shell:create_environment_hook('sfr_coursework2_interface_package', 'pythonpath')
[2.080s] INFO:colcon.colcon_core.shell:Creating environment hook '/home/laptop3/UoM/SoftwareForRobotics/coursework/coursework2/install/sfr_coursework2_interface_package/share/sfr_coursework2_interface_package/hook/pythonpath.ps1'
[2.081s] INFO:colcon.colcon_core.shell:Creating environment descriptor '/home/laptop3/UoM/SoftwareForRobotics/coursework/coursework2/install/sfr_coursework2_interface_package/share/sfr_coursework2_interface_package/hook/pythonpath.dsv'
[2.081s] INFO:colcon.colcon_core.shell:Creating environment hook '/home/laptop3/UoM/SoftwareForRobotics/coursework/coursework2/install/sfr_coursework2_interface_package/share/sfr_coursework2_interface_package/hook/pythonpath.sh'
[2.085s] Level 1:colcon.colcon_core.environment:checking '/home/laptop3/UoM/SoftwareForRobotics/coursework/coursework2/install/sfr_coursework2_interface_package/bin'
[2.086s] INFO:colcon.colcon_core.shell:Creating package script '/home/laptop3/UoM/SoftwareForRobotics/coursework/coursework2/install/sfr_coursework2_interface_package/share/sfr_coursework2_interface_package/package.ps1'
[2.088s] INFO:colcon.colcon_core.shell:Creating package descriptor '/home/laptop3/UoM/SoftwareForRobotics/coursework/coursework2/install/sfr_coursework2_interface_package/share/sfr_coursework2_interface_package/package.dsv'
[2.089s] INFO:colcon.colcon_core.shell:Creating package script '/home/laptop3/UoM/SoftwareForRobotics/coursework/coursework2/install/sfr_coursework2_interface_package/share/sfr_coursework2_interface_package/package.sh'
[2.090s] INFO:colcon.colcon_core.shell:Creating package script '/home/laptop3/UoM/SoftwareForRobotics/coursework/coursework2/install/sfr_coursework2_interface_package/share/sfr_coursework2_interface_package/package.bash'
[2.091s] INFO:colcon.colcon_core.shell:Creating package script '/home/laptop3/UoM/SoftwareForRobotics/coursework/coursework2/install/sfr_coursework2_interface_package/share/sfr_coursework2_interface_package/package.zsh'
[2.092s] Level 1:colcon.colcon_core.environment:create_file_with_runtime_dependencies(/home/laptop3/UoM/SoftwareForRobotics/coursework/coursework2/install/sfr_coursework2_interface_package/share/colcon-core/packages/sfr_coursework2_interface_package)
[2.093s] INFO:colcon.colcon_ros.task.ament_python.build:Building ROS package in '/home/laptop3/UoM/SoftwareForRobotics/coursework/coursework2/src/chrono_guardian_controller_pkg' with build type 'ament_python'
[2.093s] Level 1:colcon.colcon_core.shell:create_environment_hook('chrono_guardian_controller_pkg', 'ament_prefix_path')
[2.094s] INFO:colcon.colcon_core.shell:Creating environment hook '/home/laptop3/UoM/SoftwareForRobotics/coursework/coursework2/install/chrono_guardian_controller_pkg/share/chrono_guardian_controller_pkg/hook/ament_prefix_path.ps1'
[2.096s] INFO:colcon.colcon_core.shell:Creating environment descriptor '/home/laptop3/UoM/SoftwareForRobotics/coursework/coursework2/install/chrono_guardian_controller_pkg/share/chrono_guardian_controller_pkg/hook/ament_prefix_path.dsv'
[2.097s] INFO:colcon.colcon_core.shell:Creating environment hook '/home/laptop3/UoM/SoftwareForRobotics/coursework/coursework2/install/chrono_guardian_controller_pkg/share/chrono_guardian_controller_pkg/hook/ament_prefix_path.sh'
[2.099s] INFO:colcon.colcon_core.shell:Skip shell extension 'powershell' for command environment: Not usable outside of PowerShell
[2.099s] DEBUG:colcon.colcon_core.shell:Skip shell extension 'dsv' for command environment
[2.470s] INFO:colcon.colcon_core.task.python.build:Building Python package in '/home/laptop3/UoM/SoftwareForRobotics/coursework/coursework2/src/chrono_guardian_controller_pkg'
[2.470s] INFO:colcon.colcon_core.shell:Skip shell extension 'powershell' for command environment: Not usable outside of PowerShell
[2.470s] DEBUG:colcon.colcon_core.shell:Skip shell extension 'dsv' for command environment
[2.478s] DEBUG:colcon.colcon_core.event_handler.log_command:Invoking command in '/home/laptop3/UoM/SoftwareForRobotics/coursework/coursework2/src/chrono_guardian_navigation_pkg': DEBUGINFOD_URLS=https://debuginfod.ubuntu.com PYTHONPATH=/home/laptop3/UoM/SoftwareForRobotics/coursework/coursework2/build/chrono_guardian_navigation_pkg/prefix_override:/usr/lib/python3/dist-packages/colcon_core/task/python/colcon_distutils_commands:/home/laptop3/UoM/SoftwareForRobotics/coursework/coursework2/install/chrono_guardian_navigation_pkg/lib/python3.12/site-packages:${PYTHONPATH} /usr/bin/python3 -W ignore:setup.py install is deprecated -W ignore:easy_install command is deprecated setup.py egg_info --egg-base ../../build/chrono_guardian_navigation_pkg build --build-base /home/laptop3/UoM/SoftwareForRobotics/coursework/coursework2/build/chrono_guardian_navigation_pkg/build install --record /home/laptop3/UoM/SoftwareForRobotics/coursework/coursework2/build/chrono_guardian_navigation_pkg/install.log --single-version-externally-managed install_data
[2.565s] DEBUG:colcon.colcon_core.event_handler.log_command:Invoking command in '/home/laptop3/UoM/SoftwareForRobotics/coursework/coursework2/src/chrono_guardian_bridge_pkg': DEBUGINFOD_URLS=https://debuginfod.ubuntu.com PYTHONPATH=/home/laptop3/UoM/SoftwareForRobotics/coursework/coursework2/build/chrono_guardian_bridge_pkg/prefix_override:/usr/lib/python3/dist-packages/colcon_core/task/python/colcon_distutils_commands:/home/laptop3/UoM/SoftwareForRobotics/coursework/coursework2/install/chrono_guardian_bridge_pkg/lib/python3.12/site-packages:${PYTHONPATH} /usr/bin/python3 -W ignore:setup.py install is deprecated -W ignore:easy_install command is deprecated setup.py egg_info --egg-base ../../build/chrono_guardian_bridge_pkg build --build-base /home/laptop3/UoM/SoftwareForRobotics/coursework/coursework2/build/chrono_guardian_bridge_pkg/build install --record /home/laptop3/UoM/SoftwareForRobotics/coursework/coursework2/build/chrono_guardian_bridge_pkg/install.log --single-version-externally-managed install_data
[3.356s] Level 1:colcon.colcon_core.environment:checking '/home/laptop3/UoM/SoftwareForRobotics/coursework/coursework2/install/chrono_guardian_navigation_pkg' for CMake module files
[3.358s] DEBUG:colcon.colcon_core.event_handler.log_command:Invoked command in '/home/laptop3/UoM/SoftwareForRobotics/coursework/coursework2/src/chrono_guardian_navigation_pkg' returned '0': DEBUGINFOD_URLS=https://debuginfod.ubuntu.com PYTHONPATH=/home/laptop3/UoM/SoftwareForRobotics/coursework/coursework2/build/chrono_guardian_navigation_pkg/prefix_override:/usr/lib/python3/dist-packages/colcon_core/task/python/colcon_distutils_commands:/home/laptop3/UoM/SoftwareForRobotics/coursework/coursework2/install/chrono_guardian_navigation_pkg/lib/python3.12/site-packages:${PYTHONPATH} /usr/bin/python3 -W ignore:setup.py install is deprecated -W ignore:easy_install command is deprecated setup.py egg_info --egg-base ../../build/chrono_guardian_navigation_pkg build --build-base /home/laptop3/UoM/SoftwareForRobotics/coursework/coursework2/build/chrono_guardian_navigation_pkg/build install --record /home/laptop3/UoM/SoftwareForRobotics/coursework/coursework2/build/chrono_guardian_navigation_pkg/install.log --single-version-externally-managed install_data
[3.358s] Level 1:colcon.colcon_core.environment:checking '/home/laptop3/UoM/SoftwareForRobotics/coursework/coursework2/install/chrono_guardian_navigation_pkg' for CMake config files
[3.360s] Level 1:colcon.colcon_core.environment:checking '/home/laptop3/UoM/SoftwareForRobotics/coursework/coursework2/install/chrono_guardian_navigation_pkg/lib'
[3.360s] Level 1:colcon.colcon_core.environment:checking '/home/laptop3/UoM/SoftwareForRobotics/coursework/coursework2/install/chrono_guardian_navigation_pkg/bin'
[3.360s] Level 1:colcon.colcon_core.environment:checking '/home/laptop3/UoM/SoftwareForRobotics/coursework/coursework2/install/chrono_guardian_navigation_pkg/lib/pkgconfig/chrono_guardian_navigation_pkg.pc'
[3.361s] Level 1:colcon.colcon_core.environment:checking '/home/laptop3/UoM/SoftwareForRobotics/coursework/coursework2/install/chrono_guardian_navigation_pkg/lib/python3.12/site-packages'
[3.361s] Level 1:colcon.colcon_core.shell:create_environment_hook('chrono_guardian_navigation_pkg', 'pythonpath')
[3.361s] INFO:colcon.colcon_core.shell:Creating environment hook '/home/laptop3/UoM/SoftwareForRobotics/coursework/coursework2/install/chrono_guardian_navigation_pkg/share/chrono_guardian_navigation_pkg/hook/pythonpath.ps1'
[3.362s] INFO:colcon.colcon_core.shell:Creating environment descriptor '/home/laptop3/UoM/SoftwareForRobotics/coursework/coursework2/install/chrono_guardian_navigation_pkg/share/chrono_guardian_navigation_pkg/hook/pythonpath.dsv'
[3.363s] INFO:colcon.colcon_core.shell:Creating environment hook '/home/laptop3/UoM/SoftwareForRobotics/coursework/coursework2/install/chrono_guardian_navigation_pkg/share/chrono_guardian_navigation_pkg/hook/pythonpath.sh'
[3.365s] Level 1:colcon.colcon_core.environment:checking '/home/laptop3/UoM/SoftwareForRobotics/coursework/coursework2/install/chrono_guardian_navigation_pkg/bin'
[3.365s] Level 1:colcon.colcon_core.environment:create_environment_scripts_only(chrono_guardian_navigation_pkg)
[3.365s] INFO:colcon.colcon_core.shell:Creating package script '/home/laptop3/UoM/SoftwareForRobotics/coursework/coursework2/install/chrono_guardian_navigation_pkg/share/chrono_guardian_navigation_pkg/package.ps1'
[3.366s] INFO:colcon.colcon_core.shell:Creating package descriptor '/home/laptop3/UoM/SoftwareForRobotics/coursework/coursework2/install/chrono_guardian_navigation_pkg/share/chrono_guardian_navigation_pkg/package.dsv'
[3.367s] INFO:colcon.colcon_core.shell:Creating package script '/home/laptop3/UoM/SoftwareForRobotics/coursework/coursework2/install/chrono_guardian_navigation_pkg/share/chrono_guardian_navigation_pkg/package.sh'
[3.369s] INFO:colcon.colcon_core.shell:Creating package script '/home/laptop3/UoM/SoftwareForRobotics/coursework/coursework2/install/chrono_guardian_navigation_pkg/share/chrono_guardian_navigation_pkg/package.bash'
[3.370s] INFO:colcon.colcon_core.shell:Creating package script '/home/laptop3/UoM/SoftwareForRobotics/coursework/coursework2/install/chrono_guardian_navigation_pkg/share/chrono_guardian_navigation_pkg/package.zsh'
[3.371s] Level 1:colcon.colcon_core.environment:create_file_with_runtime_dependencies(/home/laptop3/UoM/SoftwareForRobotics/coursework/coursework2/install/chrono_guardian_navigation_pkg/share/colcon-core/packages/chrono_guardian_navigation_pkg)
[3.528s] DEBUG:colcon.colcon_core.event_handler.log_command:Invoking command in '/home/laptop3/UoM/SoftwareForRobotics/coursework/coursework2/src/chrono_guardian_controller_pkg': DEBUGINFOD_URLS=https://debuginfod.ubuntu.com PYTHONPATH=/home/laptop3/UoM/SoftwareForRobotics/coursework/coursework2/build/chrono_guardian_controller_pkg/prefix_override:/usr/lib/python3/dist-packages/colcon_core/task/python/colcon_distutils_commands:/home/laptop3/UoM/SoftwareForRobotics/coursework/coursework2/install/chrono_guardian_controller_pkg/lib/python3.12/site-packages:/home/laptop3/UoM/SoftwareForRobotics/coursework/coursework2/install/sfr_coursework2_interface_package/lib/python3.12/site-packages:/home/laptop3/UoM/SoftwareForRobotics/coursework/coursework2/install/chrono_guardian_controller_pkg/lib/python3.12/site-packages:/home/laptop3/UoM/SoftwareForRobotics/coursework/coursework2/install/chrono_guardian_navigation_pkg/lib/python3.12/site-packages:/home/laptop3/UoM/SoftwareForRobotics/coursework/coursework2/install/chrono_guardian_bridge_pkg/lib/python3.12/site-packages:/opt/ros/jazzy/lib/python3.12/site-packages /usr/bin/python3 -W ignore:setup.py install is deprecated -W ignore:easy_install command is deprecated setup.py egg_info --egg-base ../../build/chrono_guardian_controller_pkg build --build-base /home/laptop3/UoM/SoftwareForRobotics/coursework/coursework2/build/chrono_guardian_controller_pkg/build install --record /home/laptop3/UoM/SoftwareForRobotics/coursework/coursework2/build/chrono_guardian_controller_pkg/install.log --single-version-externally-managed install_data
[3.894s] Level 1:colcon.colcon_core.environment:checking '/home/laptop3/UoM/SoftwareForRobotics/coursework/coursework2/install/chrono_guardian_bridge_pkg' for CMake module files
[3.895s] DEBUG:colcon.colcon_core.event_handler.log_command:Invoked command in '/home/laptop3/UoM/SoftwareForRobotics/coursework/coursework2/src/chrono_guardian_bridge_pkg' returned '0': DEBUGINFOD_URLS=https://debuginfod.ubuntu.com PYTHONPATH=/home/laptop3/UoM/SoftwareForRobotics/coursework/coursework2/build/chrono_guardian_bridge_pkg/prefix_override:/usr/lib/python3/dist-packages/colcon_core/task/python/colcon_distutils_commands:/home/laptop3/UoM/SoftwareForRobotics/coursework/coursework2/install/chrono_guardian_bridge_pkg/lib/python3.12/site-packages:${PYTHONPATH} /usr/bin/python3 -W ignore:setup.py install is deprecated -W ignore:easy_install command is deprecated setup.py egg_info --egg-base ../../build/chrono_guardian_bridge_pkg build --build-base /home/laptop3/UoM/SoftwareForRobotics/coursework/coursework2/build/chrono_guardian_bridge_pkg/build install --record /home/laptop3/UoM/SoftwareForRobotics/coursework/coursework2/build/chrono_guardian_bridge_pkg/install.log --single-version-externally-managed install_data
[3.896s] Level 1:colcon.colcon_core.environment:checking '/home/laptop3/UoM/SoftwareForRobotics/coursework/coursework2/install/chrono_guardian_bridge_pkg' for CMake config files
[3.897s] Level 1:colcon.colcon_core.environment:checking '/home/laptop3/UoM/SoftwareForRobotics/coursework/coursework2/install/chrono_guardian_bridge_pkg/lib'
[3.897s] Level 1:colcon.colcon_core.environment:checking '/home/laptop3/UoM/SoftwareForRobotics/coursework/coursework2/install/chrono_guardian_bridge_pkg/bin'
[3.897s] Level 1:colcon.colcon_core.environment:checking '/home/laptop3/UoM/SoftwareForRobotics/coursework/coursework2/install/chrono_guardian_bridge_pkg/lib/pkgconfig/chrono_guardian_bridge_pkg.pc'
[3.898s] Level 1:colcon.colcon_core.environment:checking '/home/laptop3/UoM/SoftwareForRobotics/coursework/coursework2/install/chrono_guardian_bridge_pkg/lib/python3.12/site-packages'
[3.898s] Level 1:colcon.colcon_core.shell:create_environment_hook('chrono_guardian_bridge_pkg', 'pythonpath')
[3.898s] INFO:colcon.colcon_core.shell:Creating environment hook '/home/laptop3/UoM/SoftwareForRobotics/coursework/coursework2/install/chrono_guardian_bridge_pkg/share/chrono_guardian_bridge_pkg/hook/pythonpath.ps1'
[3.899s] INFO:colcon.colcon_core.shell:Creating environment descriptor '/home/laptop3/UoM/SoftwareForRobotics/coursework/coursework2/install/chrono_guardian_bridge_pkg/share/chrono_guardian_bridge_pkg/hook/pythonpath.dsv'
[3.900s] INFO:colcon.colcon_core.shell:Creating environment hook '/home/laptop3/UoM/SoftwareForRobotics/coursework/coursework2/install/chrono_guardian_bridge_pkg/share/chrono_guardian_bridge_pkg/hook/pythonpath.sh'
[3.902s] Level 1:colcon.colcon_core.environment:checking '/home/laptop3/UoM/SoftwareForRobotics/coursework/coursework2/install/chrono_guardian_bridge_pkg/bin'
[3.902s] Level 1:colcon.colcon_core.environment:create_environment_scripts_only(chrono_guardian_bridge_pkg)
[3.903s] INFO:colcon.colcon_core.shell:Creating package script '/home/laptop3/UoM/SoftwareForRobotics/coursework/coursework2/install/chrono_guardian_bridge_pkg/share/chrono_guardian_bridge_pkg/package.ps1'
[3.904s] INFO:colcon.colcon_core.shell:Creating package descriptor '/home/laptop3/UoM/SoftwareForRobotics/coursework/coursework2/install/chrono_guardian_bridge_pkg/share/chrono_guardian_bridge_pkg/package.dsv'
[3.905s] INFO:colcon.colcon_core.shell:Creating package script '/home/laptop3/UoM/SoftwareForRobotics/coursework/coursework2/install/chrono_guardian_bridge_pkg/share/chrono_guardian_bridge_pkg/package.sh'
[3.905s] INFO:colcon.colcon_core.shell:Creating package script '/home/laptop3/UoM/SoftwareForRobotics/coursework/coursework2/install/chrono_guardian_bridge_pkg/share/chrono_guardian_bridge_pkg/package.bash'
[3.906s] INFO:colcon.colcon_core.shell:Creating package script '/home/laptop3/UoM/SoftwareForRobotics/coursework/coursework2/install/chrono_guardian_bridge_pkg/share/chrono_guardian_bridge_pkg/package.zsh'
[3.906s] Level 1:colcon.colcon_core.environment:create_file_with_runtime_dependencies(/home/laptop3/UoM/SoftwareForRobotics/coursework/coursework2/install/chrono_guardian_bridge_pkg/share/colcon-core/packages/chrono_guardian_bridge_pkg)
[4.530s] Level 1:colcon.colcon_core.environment:checking '/home/laptop3/UoM/SoftwareForRobotics/coursework/coursework2/install/chrono_guardian_controller_pkg' for CMake module files
[4.531s] DEBUG:colcon.colcon_core.event_handler.log_command:Invoked command in '/home/laptop3/UoM/SoftwareForRobotics/coursework/coursework2/src/chrono_guardian_controller_pkg' returned '0': DEBUGINFOD_URLS=https://debuginfod.ubuntu.com PYTHONPATH=/home/laptop3/UoM/SoftwareForRobotics/coursework/coursework2/build/chrono_guardian_controller_pkg/prefix_override:/usr/lib/python3/dist-packages/colcon_core/task/python/colcon_distutils_commands:/home/laptop3/UoM/SoftwareForRobotics/coursework/coursework2/install/chrono_guardian_controller_pkg/lib/python3.12/site-packages:/home/laptop3/UoM/SoftwareForRobotics/coursework/coursework2/install/sfr_coursework2_interface_package/lib/python3.12/site-packages:/home/laptop3/UoM/SoftwareForRobotics/coursework/coursework2/install/chrono_guardian_controller_pkg/lib/python3.12/site-packages:/home/laptop3/UoM/SoftwareForRobotics/coursework/coursework2/install/chrono_guardian_navigation_pkg/lib/python3.12/site-packages:/home/laptop3/UoM/SoftwareForRobotics/coursework/coursework2/install/chrono_guardian_bridge_pkg/lib/python3.12/site-packages:/opt/ros/jazzy/lib/python3.12/site-packages /usr/bin/python3 -W ignore:setup.py install is deprecated -W ignore:easy_install command is deprecated setup.py egg_info --egg-base ../../build/chrono_guardian_controller_pkg build --build-base /home/laptop3/UoM/SoftwareForRobotics/coursework/coursework2/build/chrono_guardian_controller_pkg/build install --record /home/laptop3/UoM/SoftwareForRobotics/coursework/coursework2/build/chrono_guardian_controller_pkg/install.log --single-version-externally-managed install_data
[4.532s] Level 1:colcon.colcon_core.environment:checking '/home/laptop3/UoM/SoftwareForRobotics/coursework/coursework2/install/chrono_guardian_controller_pkg' for CMake config files
[4.534s] Level 1:colcon.colcon_core.environment:checking '/home/laptop3/UoM/SoftwareForRobotics/coursework/coursework2/install/chrono_guardian_controller_pkg/lib'
[4.534s] Level 1:colcon.colcon_core.environment:checking '/home/laptop3/UoM/SoftwareForRobotics/coursework/coursework2/install/chrono_guardian_controller_pkg/bin'
[4.534s] Level 1:colcon.colcon_core.environment:checking '/home/laptop3/UoM/SoftwareForRobotics/coursework/coursework2/install/chrono_guardian_controller_pkg/lib/pkgconfig/chrono_guardian_controller_pkg.pc'
[4.535s] Level 1:colcon.colcon_core.environment:checking '/home/laptop3/UoM/SoftwareForRobotics/coursework/coursework2/install/chrono_guardian_controller_pkg/lib/python3.12/site-packages'
[4.535s] Level 1:colcon.colcon_core.shell:create_environment_hook('chrono_guardian_controller_pkg', 'pythonpath')
[4.536s] INFO:colcon.colcon_core.shell:Creating environment hook '/home/laptop3/UoM/SoftwareForRobotics/coursework/coursework2/install/chrono_guardian_controller_pkg/share/chrono_guardian_controller_pkg/hook/pythonpath.ps1'
[4.537s] INFO:colcon.colcon_core.shell:Creating environment descriptor '/home/laptop3/UoM/SoftwareForRobotics/coursework/coursework2/install/chrono_guardian_controller_pkg/share/chrono_guardian_controller_pkg/hook/pythonpath.dsv'
[4.538s] INFO:colcon.colcon_core.shell:Creating environment hook '/home/laptop3/UoM/SoftwareForRobotics/coursework/coursework2/install/chrono_guardian_controller_pkg/share/chrono_guardian_controller_pkg/hook/pythonpath.sh'
[4.539s] Level 1:colcon.colcon_core.environment:checking '/home/laptop3/UoM/SoftwareForRobotics/coursework/coursework2/install/chrono_guardian_controller_pkg/bin'
[4.539s] Level 1:colcon.colcon_core.environment:create_environment_scripts_only(chrono_guardian_controller_pkg)
[4.539s] INFO:colcon.colcon_core.shell:Creating package script '/home/laptop3/UoM/SoftwareForRobotics/coursework/coursework2/install/chrono_guardian_controller_pkg/share/chrono_guardian_controller_pkg/package.ps1'
[4.540s] INFO:colcon.colcon_core.shell:Creating package descriptor '/home/laptop3/UoM/SoftwareForRobotics/coursework/coursework2/install/chrono_guardian_controller_pkg/share/chrono_guardian_controller_pkg/package.dsv'
[4.541s] INFO:colcon.colcon_core.shell:Creating package script '/home/laptop3/UoM/SoftwareForRobotics/coursework/coursework2/install/chrono_guardian_controller_pkg/share/chrono_guardian_controller_pkg/package.sh'
[4.541s] INFO:colcon.colcon_core.shell:Creating package script '/home/laptop3/UoM/SoftwareForRobotics/coursework/coursework2/install/chrono_guardian_controller_pkg/share/chrono_guardian_controller_pkg/package.bash'
[4.542s] INFO:colcon.colcon_core.shell:Creating package script '/home/laptop3/UoM/SoftwareForRobotics/coursework/coursework2/install/chrono_guardian_controller_pkg/share/chrono_guardian_controller_pkg/package.zsh'
[4.542s] Level 1:colcon.colcon_core.environment:create_file_with_runtime_dependencies(/home/laptop3/UoM/SoftwareForRobotics/coursework/coursework2/install/chrono_guardian_controller_pkg/share/colcon-core/packages/chrono_guardian_controller_pkg)
[4.542s] DEBUG:colcon.colcon_parallel_executor.executor.parallel:closing loop
[4.543s] DEBUG:colcon.colcon_parallel_executor.executor.parallel:loop closed
[4.543s] DEBUG:colcon.colcon_parallel_executor.executor.parallel:run_until_complete finished with '0'
[4.544s] DEBUG:colcon.colcon_core.event_reactor:joining thread
[4.556s] INFO:colcon.colcon_core.plugin_system:Skipping extension 'colcon_notification.desktop_notification.terminal_notifier': Not used on non-Darwin systems
[4.556s] INFO:colcon.colcon_core.plugin_system:Skipping extension 'colcon_notification.desktop_notification.win32': Not used on non-Windows systems
[4.556s] INFO:colcon.colcon_notification.desktop_notification:Sending desktop notification using 'notify2'
[4.586s] DEBUG:colcon.colcon_core.event_reactor:joined thread
[4.587s] INFO:colcon.colcon_core.shell:Creating prefix script '/home/laptop3/UoM/SoftwareForRobotics/coursework/coursework2/install/local_setup.ps1'
[4.589s] INFO:colcon.colcon_core.shell:Creating prefix util module '/home/laptop3/UoM/SoftwareForRobotics/coursework/coursework2/install/_local_setup_util_ps1.py'
[4.591s] INFO:colcon.colcon_core.shell:Creating prefix chain script '/home/laptop3/UoM/SoftwareForRobotics/coursework/coursework2/install/setup.ps1'
[4.592s] INFO:colcon.colcon_core.shell:Creating prefix script '/home/laptop3/UoM/SoftwareForRobotics/coursework/coursework2/install/local_setup.sh'
[4.593s] INFO:colcon.colcon_core.shell:Creating prefix util module '/home/laptop3/UoM/SoftwareForRobotics/coursework/coursework2/install/_local_setup_util_sh.py'
[4.594s] INFO:colcon.colcon_core.shell:Creating prefix chain script '/home/laptop3/UoM/SoftwareForRobotics/coursework/coursework2/install/setup.sh'
[4.598s] INFO:colcon.colcon_core.shell:Creating prefix script '/home/laptop3/UoM/SoftwareForRobotics/coursework/coursework2/install/local_setup.bash'
[4.599s] INFO:colcon.colcon_core.shell:Creating prefix chain script '/home/laptop3/UoM/SoftwareForRobotics/coursework/coursework2/install/setup.bash'
[4.601s] INFO:colcon.colcon_core.shell:Creating prefix script '/home/laptop3/UoM/SoftwareForRobotics/coursework/coursework2/install/local_setup.zsh'
[4.603s] INFO:colcon.colcon_core.shell:Creating prefix chain script '/home/laptop3/UoM/SoftwareForRobotics/coursework/coursework2/install/setup.zsh'
