[0.162s] DEBUG:colcon:Command line arguments: ['/usr/bin/colcon', 'build']
[0.162s] DEBUG:colcon:Parsed command line arguments: Namespace(log_base=None, log_level=None, verb_name='build', build_base='build', install_base='install', merge_install=False, symlink_install=False, test_result_base=None, continue_on_error=False, executor='parallel', parallel_workers=12, event_handlers=None, ignore_user_meta=False, metas=['./colcon.meta'], base_paths=['.'], packages_ignore=None, packages_ignore_regex=None, paths=None, packages_up_to=None, packages_up_to_regex=None, packages_above=None, packages_above_and_dependencies=None, packages_above_depth=None, packages_select_by_dep=None, packages_skip_by_dep=None, packages_skip_up_to=None, packages_select_build_failed=False, packages_skip_build_finished=False, packages_select_test_failures=False, packages_skip_test_passed=False, packages_select=None, packages_skip=None, packages_select_regex=None, packages_skip_regex=None, packages_start=None, packages_end=None, allow_overriding=[], cmake_args=None, cmake_target=None, cmake_target_skip_unavailable=False, cmake_clean_cache=False, cmake_clean_first=False, cmake_force_configure=False, ament_cmake_args=None, catkin_cmake_args=None, catkin_skip_building_tests=False, mixin_files=None, mixin=None, verb_parser=<colcon_mixin.mixin.mixin_argument.MixinArgumentDecorator object at 0x7dd8dd6c7620>, verb_extension=<colcon_core.verb.build.BuildVerb object at 0x7dd8dd7efd70>, main=<bound method BuildVerb.main of <colcon_core.verb.build.BuildVerb object at 0x7dd8dd7efd70>>, mixin_verb=('build',))
[0.217s] Level 1:colcon.colcon_core.package_discovery:discover_packages(colcon_meta) check parameters
[0.217s] Level 1:colcon.colcon_core.package_discovery:discover_packages(recursive) check parameters
[0.217s] Level 1:colcon.colcon_core.package_discovery:discover_packages(ignore) check parameters
[0.217s] Level 1:colcon.colcon_core.package_discovery:discover_packages(path) check parameters
[0.217s] Level 1:colcon.colcon_core.package_discovery:discover_packages(colcon_meta) discover
[0.217s] Level 1:colcon.colcon_core.package_discovery:discover_packages(recursive) discover
[0.217s] INFO:colcon.colcon_core.package_discovery:Crawling recursively for packages in '/home/laptop3/UoM/SoftwareForRobotics/coursework/coursework2'
[0.217s] Level 1:colcon.colcon_core.package_identification:_identify(.) by extensions ['ignore', 'ignore_ament_install']
[0.217s] Level 1:colcon.colcon_core.package_identification:_identify(.) by extension 'ignore'
[0.218s] Level 1:colcon.colcon_core.package_identification:_identify(.) by extension 'ignore_ament_install'
[0.218s] Level 1:colcon.colcon_core.package_identification:_identify(.) by extensions ['colcon_pkg']
[0.218s] Level 1:colcon.colcon_core.package_identification:_identify(.) by extension 'colcon_pkg'
[0.218s] Level 1:colcon.colcon_core.package_identification:_identify(.) by extensions ['colcon_meta']
[0.218s] Level 1:colcon.colcon_core.package_identification:_identify(.) by extension 'colcon_meta'
[0.218s] Level 1:colcon.colcon_core.package_identification:_identify(.) by extensions ['ros']
[0.218s] Level 1:colcon.colcon_core.package_identification:_identify(.) by extension 'ros'
[0.253s] Level 1:colcon.colcon_core.package_identification:_identify(.) by extensions ['cmake', 'python']
[0.253s] Level 1:colcon.colcon_core.package_identification:_identify(.) by extension 'cmake'
[0.253s] Level 1:colcon.colcon_core.package_identification:_identify(.) by extension 'python'
[0.253s] Level 1:colcon.colcon_core.package_identification:_identify(.) by extensions ['python_setup_py']
[0.253s] Level 1:colcon.colcon_core.package_identification:_identify(.) by extension 'python_setup_py'
[0.253s] Level 1:colcon.colcon_core.package_identification:_identify(build) by extensions ['ignore', 'ignore_ament_install']
[0.253s] Level 1:colcon.colcon_core.package_identification:_identify(build) by extension 'ignore'
[0.253s] Level 1:colcon.colcon_core.package_identification:_identify(build) ignored
[0.253s] Level 1:colcon.colcon_core.package_identification:_identify(install) by extensions ['ignore', 'ignore_ament_install']
[0.253s] Level 1:colcon.colcon_core.package_identification:_identify(install) by extension 'ignore'
[0.253s] Level 1:colcon.colcon_core.package_identification:_identify(install) ignored
[0.254s] Level 1:colcon.colcon_core.package_identification:_identify(log) by extensions ['ignore', 'ignore_ament_install']
[0.254s] Level 1:colcon.colcon_core.package_identification:_identify(log) by extension 'ignore'
[0.254s] Level 1:colcon.colcon_core.package_identification:_identify(log) ignored
[0.254s] Level 1:colcon.colcon_core.package_identification:_identify(src) by extensions ['ignore', 'ignore_ament_install']
[0.254s] Level 1:colcon.colcon_core.package_identification:_identify(src) by extension 'ignore'
[0.254s] Level 1:colcon.colcon_core.package_identification:_identify(src) by extension 'ignore_ament_install'
[0.254s] Level 1:colcon.colcon_core.package_identification:_identify(src) by extensions ['colcon_pkg']
[0.254s] Level 1:colcon.colcon_core.package_identification:_identify(src) by extension 'colcon_pkg'
[0.254s] Level 1:colcon.colcon_core.package_identification:_identify(src) by extensions ['colcon_meta']
[0.254s] Level 1:colcon.colcon_core.package_identification:_identify(src) by extension 'colcon_meta'
[0.254s] Level 1:colcon.colcon_core.package_identification:_identify(src) by extensions ['ros']
[0.254s] Level 1:colcon.colcon_core.package_identification:_identify(src) by extension 'ros'
[0.254s] Level 1:colcon.colcon_core.package_identification:_identify(src) by extensions ['cmake', 'python']
[0.254s] Level 1:colcon.colcon_core.package_identification:_identify(src) by extension 'cmake'
[0.254s] Level 1:colcon.colcon_core.package_identification:_identify(src) by extension 'python'
[0.254s] Level 1:colcon.colcon_core.package_identification:_identify(src) by extensions ['python_setup_py']
[0.254s] Level 1:colcon.colcon_core.package_identification:_identify(src) by extension 'python_setup_py'
[0.254s] Level 1:colcon.colcon_core.package_identification:_identify(src/chrono_guardian_bridge_pkg) by extensions ['ignore', 'ignore_ament_install']
[0.255s] Level 1:colcon.colcon_core.package_identification:_identify(src/chrono_guardian_bridge_pkg) by extension 'ignore'
[0.255s] Level 1:colcon.colcon_core.package_identification:_identify(src/chrono_guardian_bridge_pkg) by extension 'ignore_ament_install'
[0.255s] Level 1:colcon.colcon_core.package_identification:_identify(src/chrono_guardian_bridge_pkg) by extensions ['colcon_pkg']
[0.255s] Level 1:colcon.colcon_core.package_identification:_identify(src/chrono_guardian_bridge_pkg) by extension 'colcon_pkg'
[0.255s] Level 1:colcon.colcon_core.package_identification:_identify(src/chrono_guardian_bridge_pkg) by extensions ['colcon_meta']
[0.255s] Level 1:colcon.colcon_core.package_identification:_identify(src/chrono_guardian_bridge_pkg) by extension 'colcon_meta'
[0.255s] Level 1:colcon.colcon_core.package_identification:_identify(src/chrono_guardian_bridge_pkg) by extensions ['ros']
[0.255s] Level 1:colcon.colcon_core.package_identification:_identify(src/chrono_guardian_bridge_pkg) by extension 'ros'
[0.258s] DEBUG:colcon.colcon_core.package_identification:Package 'src/chrono_guardian_bridge_pkg' with type 'ros.ament_python' and name 'chrono_guardian_bridge_pkg'
[0.258s] Level 1:colcon.colcon_core.package_identification:_identify(src/chrono_guardian_controller_pkg) by extensions ['ignore', 'ignore_ament_install']
[0.258s] Level 1:colcon.colcon_core.package_identification:_identify(src/chrono_guardian_controller_pkg) by extension 'ignore'
[0.258s] Level 1:colcon.colcon_core.package_identification:_identify(src/chrono_guardian_controller_pkg) by extension 'ignore_ament_install'
[0.258s] Level 1:colcon.colcon_core.package_identification:_identify(src/chrono_guardian_controller_pkg) by extensions ['colcon_pkg']
[0.258s] Level 1:colcon.colcon_core.package_identification:_identify(src/chrono_guardian_controller_pkg) by extension 'colcon_pkg'
[0.259s] Level 1:colcon.colcon_core.package_identification:_identify(src/chrono_guardian_controller_pkg) by extensions ['colcon_meta']
[0.259s] Level 1:colcon.colcon_core.package_identification:_identify(src/chrono_guardian_controller_pkg) by extension 'colcon_meta'
[0.259s] Level 1:colcon.colcon_core.package_identification:_identify(src/chrono_guardian_controller_pkg) by extensions ['ros']
[0.259s] Level 1:colcon.colcon_core.package_identification:_identify(src/chrono_guardian_controller_pkg) by extension 'ros'
[0.259s] DEBUG:colcon.colcon_core.package_identification:Package 'src/chrono_guardian_controller_pkg' with type 'ros.ament_python' and name 'chrono_guardian_controller_pkg'
[0.259s] Level 1:colcon.colcon_core.package_identification:_identify(src/sfr_coursework2_interface_package) by extensions ['ignore', 'ignore_ament_install']
[0.260s] Level 1:colcon.colcon_core.package_identification:_identify(src/sfr_coursework2_interface_package) by extension 'ignore'
[0.260s] Level 1:colcon.colcon_core.package_identification:_identify(src/sfr_coursework2_interface_package) by extension 'ignore_ament_install'
[0.260s] Level 1:colcon.colcon_core.package_identification:_identify(src/sfr_coursework2_interface_package) by extensions ['colcon_pkg']
[0.260s] Level 1:colcon.colcon_core.package_identification:_identify(src/sfr_coursework2_interface_package) by extension 'colcon_pkg'
[0.260s] Level 1:colcon.colcon_core.package_identification:_identify(src/sfr_coursework2_interface_package) by extensions ['colcon_meta']
[0.260s] Level 1:colcon.colcon_core.package_identification:_identify(src/sfr_coursework2_interface_package) by extension 'colcon_meta'
[0.260s] Level 1:colcon.colcon_core.package_identification:_identify(src/sfr_coursework2_interface_package) by extensions ['ros']
[0.260s] Level 1:colcon.colcon_core.package_identification:_identify(src/sfr_coursework2_interface_package) by extension 'ros'
[0.261s] DEBUG:colcon.colcon_core.package_identification:Package 'src/sfr_coursework2_interface_package' with type 'ros.ament_cmake' and name 'sfr_coursework2_interface_package'
[0.261s] Level 1:colcon.colcon_core.package_discovery:discover_packages(recursive) using defaults
[0.261s] Level 1:colcon.colcon_core.package_discovery:discover_packages(ignore) discover
[0.261s] Level 1:colcon.colcon_core.package_discovery:discover_packages(ignore) using defaults
[0.261s] Level 1:colcon.colcon_core.package_discovery:discover_packages(path) discover
[0.261s] Level 1:colcon.colcon_core.package_discovery:discover_packages(path) using defaults
[0.285s] Level 1:colcon.colcon_core.package_discovery:discover_packages(prefix_path) check parameters
[0.285s] Level 1:colcon.colcon_core.package_discovery:discover_packages(prefix_path) discover
[0.288s] DEBUG:colcon.colcon_installed_package_information.package_discovery:Found 3 installed packages in /home/laptop3/UoM/SoftwareForRobotics/coursework/coursework2/install
[0.290s] DEBUG:colcon.colcon_installed_package_information.package_discovery:Found 447 installed packages in /opt/ros/jazzy
[0.291s] Level 1:colcon.colcon_core.package_discovery:discover_packages(prefix_path) using defaults
[0.354s] Level 5:colcon.colcon_core.verb:set package 'chrono_guardian_bridge_pkg' build argument 'cmake_args' from command line to 'None'
[0.354s] Level 5:colcon.colcon_core.verb:set package 'chrono_guardian_bridge_pkg' build argument 'cmake_target' from command line to 'None'
[0.354s] Level 5:colcon.colcon_core.verb:set package 'chrono_guardian_bridge_pkg' build argument 'cmake_target_skip_unavailable' from command line to 'False'
[0.354s] Level 5:colcon.colcon_core.verb:set package 'chrono_guardian_bridge_pkg' build argument 'cmake_clean_cache' from command line to 'False'
[0.354s] Level 5:colcon.colcon_core.verb:set package 'chrono_guardian_bridge_pkg' build argument 'cmake_clean_first' from command line to 'False'
[0.354s] Level 5:colcon.colcon_core.verb:set package 'chrono_guardian_bridge_pkg' build argument 'cmake_force_configure' from command line to 'False'
[0.354s] Level 5:colcon.colcon_core.verb:set package 'chrono_guardian_bridge_pkg' build argument 'ament_cmake_args' from command line to 'None'
[0.355s] Level 5:colcon.colcon_core.verb:set package 'chrono_guardian_bridge_pkg' build argument 'catkin_cmake_args' from command line to 'None'
[0.355s] Level 5:colcon.colcon_core.verb:set package 'chrono_guardian_bridge_pkg' build argument 'catkin_skip_building_tests' from command line to 'False'
[0.355s] DEBUG:colcon.colcon_core.verb:Building package 'chrono_guardian_bridge_pkg' with the following arguments: {'ament_cmake_args': None, 'build_base': '/home/laptop3/UoM/SoftwareForRobotics/coursework/coursework2/build/chrono_guardian_bridge_pkg', 'catkin_cmake_args': None, 'catkin_skip_building_tests': False, 'cmake_args': None, 'cmake_clean_cache': False, 'cmake_clean_first': False, 'cmake_force_configure': False, 'cmake_target': None, 'cmake_target_skip_unavailable': False, 'install_base': '/home/laptop3/UoM/SoftwareForRobotics/coursework/coursework2/install/chrono_guardian_bridge_pkg', 'merge_install': False, 'path': '/home/laptop3/UoM/SoftwareForRobotics/coursework/coursework2/src/chrono_guardian_bridge_pkg', 'symlink_install': False, 'test_result_base': None}
[0.355s] Level 5:colcon.colcon_core.verb:set package 'sfr_coursework2_interface_package' build argument 'cmake_args' from command line to 'None'
[0.355s] Level 5:colcon.colcon_core.verb:set package 'sfr_coursework2_interface_package' build argument 'cmake_target' from command line to 'None'
[0.355s] Level 5:colcon.colcon_core.verb:set package 'sfr_coursework2_interface_package' build argument 'cmake_target_skip_unavailable' from command line to 'False'
[0.355s] Level 5:colcon.colcon_core.verb:set package 'sfr_coursework2_interface_package' build argument 'cmake_clean_cache' from command line to 'False'
[0.355s] Level 5:colcon.colcon_core.verb:set package 'sfr_coursework2_interface_package' build argument 'cmake_clean_first' from command line to 'False'
[0.355s] Level 5:colcon.colcon_core.verb:set package 'sfr_coursework2_interface_package' build argument 'cmake_force_configure' from command line to 'False'
[0.355s] Level 5:colcon.colcon_core.verb:set package 'sfr_coursework2_interface_package' build argument 'ament_cmake_args' from command line to 'None'
[0.355s] Level 5:colcon.colcon_core.verb:set package 'sfr_coursework2_interface_package' build argument 'catkin_cmake_args' from command line to 'None'
[0.355s] Level 5:colcon.colcon_core.verb:set package 'sfr_coursework2_interface_package' build argument 'catkin_skip_building_tests' from command line to 'False'
[0.355s] DEBUG:colcon.colcon_core.verb:Building package 'sfr_coursework2_interface_package' with the following arguments: {'ament_cmake_args': None, 'build_base': '/home/laptop3/UoM/SoftwareForRobotics/coursework/coursework2/build/sfr_coursework2_interface_package', 'catkin_cmake_args': None, 'catkin_skip_building_tests': False, 'cmake_args': None, 'cmake_clean_cache': False, 'cmake_clean_first': False, 'cmake_force_configure': False, 'cmake_target': None, 'cmake_target_skip_unavailable': False, 'install_base': '/home/laptop3/UoM/SoftwareForRobotics/coursework/coursework2/install/sfr_coursework2_interface_package', 'merge_install': False, 'path': '/home/laptop3/UoM/SoftwareForRobotics/coursework/coursework2/src/sfr_coursework2_interface_package', 'symlink_install': False, 'test_result_base': None}
[0.355s] Level 5:colcon.colcon_core.verb:set package 'chrono_guardian_controller_pkg' build argument 'cmake_args' from command line to 'None'
[0.355s] Level 5:colcon.colcon_core.verb:set package 'chrono_guardian_controller_pkg' build argument 'cmake_target' from command line to 'None'
[0.355s] Level 5:colcon.colcon_core.verb:set package 'chrono_guardian_controller_pkg' build argument 'cmake_target_skip_unavailable' from command line to 'False'
[0.356s] Level 5:colcon.colcon_core.verb:set package 'chrono_guardian_controller_pkg' build argument 'cmake_clean_cache' from command line to 'False'
[0.356s] Level 5:colcon.colcon_core.verb:set package 'chrono_guardian_controller_pkg' build argument 'cmake_clean_first' from command line to 'False'
[0.356s] Level 5:colcon.colcon_core.verb:set package 'chrono_guardian_controller_pkg' build argument 'cmake_force_configure' from command line to 'False'
[0.356s] Level 5:colcon.colcon_core.verb:set package 'chrono_guardian_controller_pkg' build argument 'ament_cmake_args' from command line to 'None'
[0.356s] Level 5:colcon.colcon_core.verb:set package 'chrono_guardian_controller_pkg' build argument 'catkin_cmake_args' from command line to 'None'
[0.356s] Level 5:colcon.colcon_core.verb:set package 'chrono_guardian_controller_pkg' build argument 'catkin_skip_building_tests' from command line to 'False'
[0.356s] DEBUG:colcon.colcon_core.verb:Building package 'chrono_guardian_controller_pkg' with the following arguments: {'ament_cmake_args': None, 'build_base': '/home/laptop3/UoM/SoftwareForRobotics/coursework/coursework2/build/chrono_guardian_controller_pkg', 'catkin_cmake_args': None, 'catkin_skip_building_tests': False, 'cmake_args': None, 'cmake_clean_cache': False, 'cmake_clean_first': False, 'cmake_force_configure': False, 'cmake_target': None, 'cmake_target_skip_unavailable': False, 'install_base': '/home/laptop3/UoM/SoftwareForRobotics/coursework/coursework2/install/chrono_guardian_controller_pkg', 'merge_install': False, 'path': '/home/laptop3/UoM/SoftwareForRobotics/coursework/coursework2/src/chrono_guardian_controller_pkg', 'symlink_install': False, 'test_result_base': None}
[0.356s] INFO:colcon.colcon_core.executor:Executing jobs using 'parallel' executor
[0.357s] DEBUG:colcon.colcon_parallel_executor.executor.parallel:run_until_complete
[0.357s] INFO:colcon.colcon_ros.task.ament_cmake.build:Building ROS package in '/home/laptop3/UoM/SoftwareForRobotics/coursework/coursework2/src/sfr_coursework2_interface_package' with build type 'ament_cmake'
[0.357s] INFO:colcon.colcon_cmake.task.cmake.build:Building CMake package in '/home/laptop3/UoM/SoftwareForRobotics/coursework/coursework2/src/sfr_coursework2_interface_package'
[0.360s] INFO:colcon.colcon_core.plugin_system:Skipping extension 'colcon_core.shell.bat': Not used on non-Windows systems
[0.360s] INFO:colcon.colcon_core.shell:Skip shell extension 'powershell' for command environment: Not usable outside of PowerShell
[0.360s] DEBUG:colcon.colcon_core.shell:Skip shell extension 'dsv' for command environment
[0.366s] INFO:colcon.colcon_ros.task.ament_python.build:Building ROS package in '/home/laptop3/UoM/SoftwareForRobotics/coursework/coursework2/src/chrono_guardian_bridge_pkg' with build type 'ament_python'
[0.366s] Level 1:colcon.colcon_core.shell:create_environment_hook('chrono_guardian_bridge_pkg', 'ament_prefix_path')
[0.367s] INFO:colcon.colcon_core.shell:Creating environment hook '/home/laptop3/UoM/SoftwareForRobotics/coursework/coursework2/install/chrono_guardian_bridge_pkg/share/chrono_guardian_bridge_pkg/hook/ament_prefix_path.ps1'
[0.369s] INFO:colcon.colcon_core.shell:Creating environment descriptor '/home/laptop3/UoM/SoftwareForRobotics/coursework/coursework2/install/chrono_guardian_bridge_pkg/share/chrono_guardian_bridge_pkg/hook/ament_prefix_path.dsv'
[0.370s] INFO:colcon.colcon_core.shell:Creating environment hook '/home/laptop3/UoM/SoftwareForRobotics/coursework/coursework2/install/chrono_guardian_bridge_pkg/share/chrono_guardian_bridge_pkg/hook/ament_prefix_path.sh'
[0.372s] INFO:colcon.colcon_core.shell:Skip shell extension 'powershell' for command environment: Not usable outside of PowerShell
[0.372s] DEBUG:colcon.colcon_core.shell:Skip shell extension 'dsv' for command environment
[0.394s] DEBUG:colcon.colcon_core.event_handler.log_command:Invoking command in '/home/laptop3/UoM/SoftwareForRobotics/coursework/coursework2/build/sfr_coursework2_interface_package': CMAKE_PREFIX_PATH=${CMAKE_PREFIX_PATH}:/home/laptop3/UoM/SoftwareForRobotics/coursework/coursework2/install/chrono_guardian_controller_pkg:/home/laptop3/UoM/SoftwareForRobotics/coursework/coursework2/install/chrono_guardian_bridge_pkg:/opt/ros/jazzy DEBUGINFOD_URLS=https://debuginfod.ubuntu.com /usr/bin/cmake --build /home/laptop3/UoM/SoftwareForRobotics/coursework/coursework2/build/sfr_coursework2_interface_package -- -j12 -l12
[0.930s] INFO:colcon.colcon_core.task.python.build:Building Python package in '/home/laptop3/UoM/SoftwareForRobotics/coursework/coursework2/src/chrono_guardian_bridge_pkg'
[0.931s] INFO:colcon.colcon_core.shell:Skip shell extension 'powershell' for command environment: Not usable outside of PowerShell
[0.931s] DEBUG:colcon.colcon_core.shell:Skip shell extension 'dsv' for command environment
[1.129s] DEBUG:colcon.colcon_core.event_handler.log_command:Invoked command in '/home/laptop3/UoM/SoftwareForRobotics/coursework/coursework2/build/sfr_coursework2_interface_package' returned '0': CMAKE_PREFIX_PATH=${CMAKE_PREFIX_PATH}:/home/laptop3/UoM/SoftwareForRobotics/coursework/coursework2/install/chrono_guardian_controller_pkg:/home/laptop3/UoM/SoftwareForRobotics/coursework/coursework2/install/chrono_guardian_bridge_pkg:/opt/ros/jazzy DEBUGINFOD_URLS=https://debuginfod.ubuntu.com /usr/bin/cmake --build /home/laptop3/UoM/SoftwareForRobotics/coursework/coursework2/build/sfr_coursework2_interface_package -- -j12 -l12
[1.150s] DEBUG:colcon.colcon_core.event_handler.log_command:Invoking command in '/home/laptop3/UoM/SoftwareForRobotics/coursework/coursework2/build/sfr_coursework2_interface_package': CMAKE_PREFIX_PATH=${CMAKE_PREFIX_PATH}:/home/laptop3/UoM/SoftwareForRobotics/coursework/coursework2/install/chrono_guardian_controller_pkg:/home/laptop3/UoM/SoftwareForRobotics/coursework/coursework2/install/chrono_guardian_bridge_pkg:/opt/ros/jazzy DEBUGINFOD_URLS=https://debuginfod.ubuntu.com /usr/bin/cmake --install /home/laptop3/UoM/SoftwareForRobotics/coursework/coursework2/build/sfr_coursework2_interface_package
[1.257s] Level 1:colcon.colcon_core.environment:create_environment_scripts_only(sfr_coursework2_interface_package)
[1.257s] DEBUG:colcon.colcon_core.event_handler.log_command:Invoked command in '/home/laptop3/UoM/SoftwareForRobotics/coursework/coursework2/build/sfr_coursework2_interface_package' returned '0': CMAKE_PREFIX_PATH=${CMAKE_PREFIX_PATH}:/home/laptop3/UoM/SoftwareForRobotics/coursework/coursework2/install/chrono_guardian_controller_pkg:/home/laptop3/UoM/SoftwareForRobotics/coursework/coursework2/install/chrono_guardian_bridge_pkg:/opt/ros/jazzy DEBUGINFOD_URLS=https://debuginfod.ubuntu.com /usr/bin/cmake --install /home/laptop3/UoM/SoftwareForRobotics/coursework/coursework2/build/sfr_coursework2_interface_package
[1.262s] Level 1:colcon.colcon_core.environment:checking '/home/laptop3/UoM/SoftwareForRobotics/coursework/coursework2/install/sfr_coursework2_interface_package' for CMake module files
[1.264s] Level 1:colcon.colcon_core.environment:checking '/home/laptop3/UoM/SoftwareForRobotics/coursework/coursework2/install/sfr_coursework2_interface_package' for CMake config files
[1.265s] Level 1:colcon.colcon_core.shell:create_environment_hook('sfr_coursework2_interface_package', 'cmake_prefix_path')
[1.266s] INFO:colcon.colcon_core.shell:Creating environment hook '/home/laptop3/UoM/SoftwareForRobotics/coursework/coursework2/install/sfr_coursework2_interface_package/share/sfr_coursework2_interface_package/hook/cmake_prefix_path.ps1'
[1.268s] INFO:colcon.colcon_core.shell:Creating environment descriptor '/home/laptop3/UoM/SoftwareForRobotics/coursework/coursework2/install/sfr_coursework2_interface_package/share/sfr_coursework2_interface_package/hook/cmake_prefix_path.dsv'
[1.269s] INFO:colcon.colcon_core.shell:Creating environment hook '/home/laptop3/UoM/SoftwareForRobotics/coursework/coursework2/install/sfr_coursework2_interface_package/share/sfr_coursework2_interface_package/hook/cmake_prefix_path.sh'
[1.270s] Level 1:colcon.colcon_core.environment:checking '/home/laptop3/UoM/SoftwareForRobotics/coursework/coursework2/install/sfr_coursework2_interface_package/lib'
[1.270s] Level 1:colcon.colcon_core.shell:create_environment_hook('sfr_coursework2_interface_package', 'ld_library_path_lib')
[1.271s] INFO:colcon.colcon_core.shell:Creating environment hook '/home/laptop3/UoM/SoftwareForRobotics/coursework/coursework2/install/sfr_coursework2_interface_package/share/sfr_coursework2_interface_package/hook/ld_library_path_lib.ps1'
[1.272s] INFO:colcon.colcon_core.shell:Creating environment descriptor '/home/laptop3/UoM/SoftwareForRobotics/coursework/coursework2/install/sfr_coursework2_interface_package/share/sfr_coursework2_interface_package/hook/ld_library_path_lib.dsv'
[1.273s] INFO:colcon.colcon_core.shell:Creating environment hook '/home/laptop3/UoM/SoftwareForRobotics/coursework/coursework2/install/sfr_coursework2_interface_package/share/sfr_coursework2_interface_package/hook/ld_library_path_lib.sh'
[1.274s] Level 1:colcon.colcon_core.environment:checking '/home/laptop3/UoM/SoftwareForRobotics/coursework/coursework2/install/sfr_coursework2_interface_package/bin'
[1.274s] Level 1:colcon.colcon_core.environment:checking '/home/laptop3/UoM/SoftwareForRobotics/coursework/coursework2/install/sfr_coursework2_interface_package/lib/pkgconfig/sfr_coursework2_interface_package.pc'
[1.274s] Level 1:colcon.colcon_core.environment:checking '/home/laptop3/UoM/SoftwareForRobotics/coursework/coursework2/install/sfr_coursework2_interface_package/lib/python3.12/site-packages'
[1.275s] Level 1:colcon.colcon_core.shell:create_environment_hook('sfr_coursework2_interface_package', 'pythonpath')
[1.275s] INFO:colcon.colcon_core.shell:Creating environment hook '/home/laptop3/UoM/SoftwareForRobotics/coursework/coursework2/install/sfr_coursework2_interface_package/share/sfr_coursework2_interface_package/hook/pythonpath.ps1'
[1.276s] INFO:colcon.colcon_core.shell:Creating environment descriptor '/home/laptop3/UoM/SoftwareForRobotics/coursework/coursework2/install/sfr_coursework2_interface_package/share/sfr_coursework2_interface_package/hook/pythonpath.dsv'
[1.277s] INFO:colcon.colcon_core.shell:Creating environment hook '/home/laptop3/UoM/SoftwareForRobotics/coursework/coursework2/install/sfr_coursework2_interface_package/share/sfr_coursework2_interface_package/hook/pythonpath.sh'
[1.278s] Level 1:colcon.colcon_core.environment:checking '/home/laptop3/UoM/SoftwareForRobotics/coursework/coursework2/install/sfr_coursework2_interface_package/bin'
[1.279s] INFO:colcon.colcon_core.shell:Creating package script '/home/laptop3/UoM/SoftwareForRobotics/coursework/coursework2/install/sfr_coursework2_interface_package/share/sfr_coursework2_interface_package/package.ps1'
[1.281s] INFO:colcon.colcon_core.shell:Creating package descriptor '/home/laptop3/UoM/SoftwareForRobotics/coursework/coursework2/install/sfr_coursework2_interface_package/share/sfr_coursework2_interface_package/package.dsv'
[1.282s] INFO:colcon.colcon_core.shell:Creating package script '/home/laptop3/UoM/SoftwareForRobotics/coursework/coursework2/install/sfr_coursework2_interface_package/share/sfr_coursework2_interface_package/package.sh'
[1.283s] INFO:colcon.colcon_core.shell:Creating package script '/home/laptop3/UoM/SoftwareForRobotics/coursework/coursework2/install/sfr_coursework2_interface_package/share/sfr_coursework2_interface_package/package.bash'
[1.285s] INFO:colcon.colcon_core.shell:Creating package script '/home/laptop3/UoM/SoftwareForRobotics/coursework/coursework2/install/sfr_coursework2_interface_package/share/sfr_coursework2_interface_package/package.zsh'
[1.286s] Level 1:colcon.colcon_core.environment:create_file_with_runtime_dependencies(/home/laptop3/UoM/SoftwareForRobotics/coursework/coursework2/install/sfr_coursework2_interface_package/share/colcon-core/packages/sfr_coursework2_interface_package)
[1.287s] Level 1:colcon.colcon_core.environment:create_environment_scripts_only(sfr_coursework2_interface_package)
[1.287s] Level 1:colcon.colcon_core.environment:checking '/home/laptop3/UoM/SoftwareForRobotics/coursework/coursework2/install/sfr_coursework2_interface_package' for CMake module files
[1.289s] Level 1:colcon.colcon_core.environment:checking '/home/laptop3/UoM/SoftwareForRobotics/coursework/coursework2/install/sfr_coursework2_interface_package' for CMake config files
[1.290s] Level 1:colcon.colcon_core.shell:create_environment_hook('sfr_coursework2_interface_package', 'cmake_prefix_path')
[1.290s] INFO:colcon.colcon_core.shell:Creating environment hook '/home/laptop3/UoM/SoftwareForRobotics/coursework/coursework2/install/sfr_coursework2_interface_package/share/sfr_coursework2_interface_package/hook/cmake_prefix_path.ps1'
[1.291s] INFO:colcon.colcon_core.shell:Creating environment descriptor '/home/laptop3/UoM/SoftwareForRobotics/coursework/coursework2/install/sfr_coursework2_interface_package/share/sfr_coursework2_interface_package/hook/cmake_prefix_path.dsv'
[1.292s] INFO:colcon.colcon_core.shell:Creating environment hook '/home/laptop3/UoM/SoftwareForRobotics/coursework/coursework2/install/sfr_coursework2_interface_package/share/sfr_coursework2_interface_package/hook/cmake_prefix_path.sh'
[1.293s] Level 1:colcon.colcon_core.environment:checking '/home/laptop3/UoM/SoftwareForRobotics/coursework/coursework2/install/sfr_coursework2_interface_package/lib'
[1.293s] Level 1:colcon.colcon_core.shell:create_environment_hook('sfr_coursework2_interface_package', 'ld_library_path_lib')
[1.293s] INFO:colcon.colcon_core.shell:Creating environment hook '/home/laptop3/UoM/SoftwareForRobotics/coursework/coursework2/install/sfr_coursework2_interface_package/share/sfr_coursework2_interface_package/hook/ld_library_path_lib.ps1'
[1.294s] INFO:colcon.colcon_core.shell:Creating environment descriptor '/home/laptop3/UoM/SoftwareForRobotics/coursework/coursework2/install/sfr_coursework2_interface_package/share/sfr_coursework2_interface_package/hook/ld_library_path_lib.dsv'
[1.294s] INFO:colcon.colcon_core.shell:Creating environment hook '/home/laptop3/UoM/SoftwareForRobotics/coursework/coursework2/install/sfr_coursework2_interface_package/share/sfr_coursework2_interface_package/hook/ld_library_path_lib.sh'
[1.295s] Level 1:colcon.colcon_core.environment:checking '/home/laptop3/UoM/SoftwareForRobotics/coursework/coursework2/install/sfr_coursework2_interface_package/bin'
[1.295s] Level 1:colcon.colcon_core.environment:checking '/home/laptop3/UoM/SoftwareForRobotics/coursework/coursework2/install/sfr_coursework2_interface_package/lib/pkgconfig/sfr_coursework2_interface_package.pc'
[1.296s] Level 1:colcon.colcon_core.environment:checking '/home/laptop3/UoM/SoftwareForRobotics/coursework/coursework2/install/sfr_coursework2_interface_package/lib/python3.12/site-packages'
[1.296s] Level 1:colcon.colcon_core.shell:create_environment_hook('sfr_coursework2_interface_package', 'pythonpath')
[1.296s] INFO:colcon.colcon_core.shell:Creating environment hook '/home/laptop3/UoM/SoftwareForRobotics/coursework/coursework2/install/sfr_coursework2_interface_package/share/sfr_coursework2_interface_package/hook/pythonpath.ps1'
[1.297s] INFO:colcon.colcon_core.shell:Creating environment descriptor '/home/laptop3/UoM/SoftwareForRobotics/coursework/coursework2/install/sfr_coursework2_interface_package/share/sfr_coursework2_interface_package/hook/pythonpath.dsv'
[1.298s] INFO:colcon.colcon_core.shell:Creating environment hook '/home/laptop3/UoM/SoftwareForRobotics/coursework/coursework2/install/sfr_coursework2_interface_package/share/sfr_coursework2_interface_package/hook/pythonpath.sh'
[1.299s] Level 1:colcon.colcon_core.environment:checking '/home/laptop3/UoM/SoftwareForRobotics/coursework/coursework2/install/sfr_coursework2_interface_package/bin'
[1.300s] INFO:colcon.colcon_core.shell:Creating package script '/home/laptop3/UoM/SoftwareForRobotics/coursework/coursework2/install/sfr_coursework2_interface_package/share/sfr_coursework2_interface_package/package.ps1'
[1.301s] INFO:colcon.colcon_core.shell:Creating package descriptor '/home/laptop3/UoM/SoftwareForRobotics/coursework/coursework2/install/sfr_coursework2_interface_package/share/sfr_coursework2_interface_package/package.dsv'
[1.302s] INFO:colcon.colcon_core.shell:Creating package script '/home/laptop3/UoM/SoftwareForRobotics/coursework/coursework2/install/sfr_coursework2_interface_package/share/sfr_coursework2_interface_package/package.sh'
[1.303s] INFO:colcon.colcon_core.shell:Creating package script '/home/laptop3/UoM/SoftwareForRobotics/coursework/coursework2/install/sfr_coursework2_interface_package/share/sfr_coursework2_interface_package/package.bash'
[1.304s] INFO:colcon.colcon_core.shell:Creating package script '/home/laptop3/UoM/SoftwareForRobotics/coursework/coursework2/install/sfr_coursework2_interface_package/share/sfr_coursework2_interface_package/package.zsh'
[1.305s] Level 1:colcon.colcon_core.environment:create_file_with_runtime_dependencies(/home/laptop3/UoM/SoftwareForRobotics/coursework/coursework2/install/sfr_coursework2_interface_package/share/colcon-core/packages/sfr_coursework2_interface_package)
[1.305s] INFO:colcon.colcon_ros.task.ament_python.build:Building ROS package in '/home/laptop3/UoM/SoftwareForRobotics/coursework/coursework2/src/chrono_guardian_controller_pkg' with build type 'ament_python'
[1.306s] Level 1:colcon.colcon_core.shell:create_environment_hook('chrono_guardian_controller_pkg', 'ament_prefix_path')
[1.306s] INFO:colcon.colcon_core.shell:Creating environment hook '/home/laptop3/UoM/SoftwareForRobotics/coursework/coursework2/install/chrono_guardian_controller_pkg/share/chrono_guardian_controller_pkg/hook/ament_prefix_path.ps1'
[1.308s] INFO:colcon.colcon_core.shell:Creating environment descriptor '/home/laptop3/UoM/SoftwareForRobotics/coursework/coursework2/install/chrono_guardian_controller_pkg/share/chrono_guardian_controller_pkg/hook/ament_prefix_path.dsv'
[1.309s] INFO:colcon.colcon_core.shell:Creating environment hook '/home/laptop3/UoM/SoftwareForRobotics/coursework/coursework2/install/chrono_guardian_controller_pkg/share/chrono_guardian_controller_pkg/hook/ament_prefix_path.sh'
[1.310s] INFO:colcon.colcon_core.shell:Skip shell extension 'powershell' for command environment: Not usable outside of PowerShell
[1.310s] DEBUG:colcon.colcon_core.shell:Skip shell extension 'dsv' for command environment
[1.726s] INFO:colcon.colcon_core.task.python.build:Building Python package in '/home/laptop3/UoM/SoftwareForRobotics/coursework/coursework2/src/chrono_guardian_controller_pkg'
[1.727s] INFO:colcon.colcon_core.shell:Skip shell extension 'powershell' for command environment: Not usable outside of PowerShell
[1.727s] DEBUG:colcon.colcon_core.shell:Skip shell extension 'dsv' for command environment
[2.274s] DEBUG:colcon.colcon_core.event_handler.log_command:Invoking command in '/home/laptop3/UoM/SoftwareForRobotics/coursework/coursework2/src/chrono_guardian_bridge_pkg': DEBUGINFOD_URLS=https://debuginfod.ubuntu.com PYTHONPATH=/home/laptop3/UoM/SoftwareForRobotics/coursework/coursework2/build/chrono_guardian_bridge_pkg/prefix_override:/usr/lib/python3/dist-packages/colcon_core/task/python/colcon_distutils_commands:/home/laptop3/UoM/SoftwareForRobotics/coursework/coursework2/install/chrono_guardian_bridge_pkg/lib/python3.12/site-packages:${PYTHONPATH} /usr/bin/python3 -W ignore:setup.py install is deprecated -W ignore:easy_install command is deprecated setup.py egg_info --egg-base ../../build/chrono_guardian_bridge_pkg build --build-base /home/laptop3/UoM/SoftwareForRobotics/coursework/coursework2/build/chrono_guardian_bridge_pkg/build install --record /home/laptop3/UoM/SoftwareForRobotics/coursework/coursework2/build/chrono_guardian_bridge_pkg/install.log --single-version-externally-managed install_data
[3.005s] DEBUG:colcon.colcon_core.event_handler.log_command:Invoking command in '/home/laptop3/UoM/SoftwareForRobotics/coursework/coursework2/src/chrono_guardian_controller_pkg': DEBUGINFOD_URLS=https://debuginfod.ubuntu.com PYTHONPATH=/home/laptop3/UoM/SoftwareForRobotics/coursework/coursework2/build/chrono_guardian_controller_pkg/prefix_override:/usr/lib/python3/dist-packages/colcon_core/task/python/colcon_distutils_commands:/home/laptop3/UoM/SoftwareForRobotics/coursework/coursework2/install/chrono_guardian_controller_pkg/lib/python3.12/site-packages:/home/laptop3/UoM/SoftwareForRobotics/coursework/coursework2/install/sfr_coursework2_interface_package/lib/python3.12/site-packages:/home/laptop3/UoM/SoftwareForRobotics/coursework/coursework2/install/chrono_guardian_controller_pkg/lib/python3.12/site-packages:/home/laptop3/UoM/SoftwareForRobotics/coursework/coursework2/install/chrono_guardian_bridge_pkg/lib/python3.12/site-packages:/opt/ros/jazzy/lib/python3.12/site-packages /usr/bin/python3 -W ignore:setup.py install is deprecated -W ignore:easy_install command is deprecated setup.py egg_info --egg-base ../../build/chrono_guardian_controller_pkg build --build-base /home/laptop3/UoM/SoftwareForRobotics/coursework/coursework2/build/chrono_guardian_controller_pkg/build install --record /home/laptop3/UoM/SoftwareForRobotics/coursework/coursework2/build/chrono_guardian_controller_pkg/install.log --single-version-externally-managed install_data
[3.294s] Level 1:colcon.colcon_core.environment:checking '/home/laptop3/UoM/SoftwareForRobotics/coursework/coursework2/install/chrono_guardian_bridge_pkg' for CMake module files
[3.295s] DEBUG:colcon.colcon_core.event_handler.log_command:Invoked command in '/home/laptop3/UoM/SoftwareForRobotics/coursework/coursework2/src/chrono_guardian_bridge_pkg' returned '0': DEBUGINFOD_URLS=https://debuginfod.ubuntu.com PYTHONPATH=/home/laptop3/UoM/SoftwareForRobotics/coursework/coursework2/build/chrono_guardian_bridge_pkg/prefix_override:/usr/lib/python3/dist-packages/colcon_core/task/python/colcon_distutils_commands:/home/laptop3/UoM/SoftwareForRobotics/coursework/coursework2/install/chrono_guardian_bridge_pkg/lib/python3.12/site-packages:${PYTHONPATH} /usr/bin/python3 -W ignore:setup.py install is deprecated -W ignore:easy_install command is deprecated setup.py egg_info --egg-base ../../build/chrono_guardian_bridge_pkg build --build-base /home/laptop3/UoM/SoftwareForRobotics/coursework/coursework2/build/chrono_guardian_bridge_pkg/build install --record /home/laptop3/UoM/SoftwareForRobotics/coursework/coursework2/build/chrono_guardian_bridge_pkg/install.log --single-version-externally-managed install_data
[3.296s] Level 1:colcon.colcon_core.environment:checking '/home/laptop3/UoM/SoftwareForRobotics/coursework/coursework2/install/chrono_guardian_bridge_pkg' for CMake config files
[3.297s] Level 1:colcon.colcon_core.environment:checking '/home/laptop3/UoM/SoftwareForRobotics/coursework/coursework2/install/chrono_guardian_bridge_pkg/lib'
[3.297s] Level 1:colcon.colcon_core.environment:checking '/home/laptop3/UoM/SoftwareForRobotics/coursework/coursework2/install/chrono_guardian_bridge_pkg/bin'
[3.297s] Level 1:colcon.colcon_core.environment:checking '/home/laptop3/UoM/SoftwareForRobotics/coursework/coursework2/install/chrono_guardian_bridge_pkg/lib/pkgconfig/chrono_guardian_bridge_pkg.pc'
[3.298s] Level 1:colcon.colcon_core.environment:checking '/home/laptop3/UoM/SoftwareForRobotics/coursework/coursework2/install/chrono_guardian_bridge_pkg/lib/python3.12/site-packages'
[3.298s] Level 1:colcon.colcon_core.shell:create_environment_hook('chrono_guardian_bridge_pkg', 'pythonpath')
[3.298s] INFO:colcon.colcon_core.shell:Creating environment hook '/home/laptop3/UoM/SoftwareForRobotics/coursework/coursework2/install/chrono_guardian_bridge_pkg/share/chrono_guardian_bridge_pkg/hook/pythonpath.ps1'
[3.299s] INFO:colcon.colcon_core.shell:Creating environment descriptor '/home/laptop3/UoM/SoftwareForRobotics/coursework/coursework2/install/chrono_guardian_bridge_pkg/share/chrono_guardian_bridge_pkg/hook/pythonpath.dsv'
[3.300s] INFO:colcon.colcon_core.shell:Creating environment hook '/home/laptop3/UoM/SoftwareForRobotics/coursework/coursework2/install/chrono_guardian_bridge_pkg/share/chrono_guardian_bridge_pkg/hook/pythonpath.sh'
[3.301s] Level 1:colcon.colcon_core.environment:checking '/home/laptop3/UoM/SoftwareForRobotics/coursework/coursework2/install/chrono_guardian_bridge_pkg/bin'
[3.301s] Level 1:colcon.colcon_core.environment:create_environment_scripts_only(chrono_guardian_bridge_pkg)
[3.302s] INFO:colcon.colcon_core.shell:Creating package script '/home/laptop3/UoM/SoftwareForRobotics/coursework/coursework2/install/chrono_guardian_bridge_pkg/share/chrono_guardian_bridge_pkg/package.ps1'
[3.303s] INFO:colcon.colcon_core.shell:Creating package descriptor '/home/laptop3/UoM/SoftwareForRobotics/coursework/coursework2/install/chrono_guardian_bridge_pkg/share/chrono_guardian_bridge_pkg/package.dsv'
[3.304s] INFO:colcon.colcon_core.shell:Creating package script '/home/laptop3/UoM/SoftwareForRobotics/coursework/coursework2/install/chrono_guardian_bridge_pkg/share/chrono_guardian_bridge_pkg/package.sh'
[3.305s] INFO:colcon.colcon_core.shell:Creating package script '/home/laptop3/UoM/SoftwareForRobotics/coursework/coursework2/install/chrono_guardian_bridge_pkg/share/chrono_guardian_bridge_pkg/package.bash'
[3.305s] INFO:colcon.colcon_core.shell:Creating package script '/home/laptop3/UoM/SoftwareForRobotics/coursework/coursework2/install/chrono_guardian_bridge_pkg/share/chrono_guardian_bridge_pkg/package.zsh'
[3.306s] Level 1:colcon.colcon_core.environment:create_file_with_runtime_dependencies(/home/laptop3/UoM/SoftwareForRobotics/coursework/coursework2/install/chrono_guardian_bridge_pkg/share/colcon-core/packages/chrono_guardian_bridge_pkg)
[4.106s] Level 1:colcon.colcon_core.environment:checking '/home/laptop3/UoM/SoftwareForRobotics/coursework/coursework2/install/chrono_guardian_controller_pkg' for CMake module files
[4.108s] DEBUG:colcon.colcon_core.event_handler.log_command:Invoked command in '/home/laptop3/UoM/SoftwareForRobotics/coursework/coursework2/src/chrono_guardian_controller_pkg' returned '0': DEBUGINFOD_URLS=https://debuginfod.ubuntu.com PYTHONPATH=/home/laptop3/UoM/SoftwareForRobotics/coursework/coursework2/build/chrono_guardian_controller_pkg/prefix_override:/usr/lib/python3/dist-packages/colcon_core/task/python/colcon_distutils_commands:/home/laptop3/UoM/SoftwareForRobotics/coursework/coursework2/install/chrono_guardian_controller_pkg/lib/python3.12/site-packages:/home/laptop3/UoM/SoftwareForRobotics/coursework/coursework2/install/sfr_coursework2_interface_package/lib/python3.12/site-packages:/home/laptop3/UoM/SoftwareForRobotics/coursework/coursework2/install/chrono_guardian_controller_pkg/lib/python3.12/site-packages:/home/laptop3/UoM/SoftwareForRobotics/coursework/coursework2/install/chrono_guardian_bridge_pkg/lib/python3.12/site-packages:/opt/ros/jazzy/lib/python3.12/site-packages /usr/bin/python3 -W ignore:setup.py install is deprecated -W ignore:easy_install command is deprecated setup.py egg_info --egg-base ../../build/chrono_guardian_controller_pkg build --build-base /home/laptop3/UoM/SoftwareForRobotics/coursework/coursework2/build/chrono_guardian_controller_pkg/build install --record /home/laptop3/UoM/SoftwareForRobotics/coursework/coursework2/build/chrono_guardian_controller_pkg/install.log --single-version-externally-managed install_data
[4.108s] Level 1:colcon.colcon_core.environment:checking '/home/laptop3/UoM/SoftwareForRobotics/coursework/coursework2/install/chrono_guardian_controller_pkg' for CMake config files
[4.109s] Level 1:colcon.colcon_core.environment:checking '/home/laptop3/UoM/SoftwareForRobotics/coursework/coursework2/install/chrono_guardian_controller_pkg/lib'
[4.110s] Level 1:colcon.colcon_core.environment:checking '/home/laptop3/UoM/SoftwareForRobotics/coursework/coursework2/install/chrono_guardian_controller_pkg/bin'
[4.110s] Level 1:colcon.colcon_core.environment:checking '/home/laptop3/UoM/SoftwareForRobotics/coursework/coursework2/install/chrono_guardian_controller_pkg/lib/pkgconfig/chrono_guardian_controller_pkg.pc'
[4.110s] Level 1:colcon.colcon_core.environment:checking '/home/laptop3/UoM/SoftwareForRobotics/coursework/coursework2/install/chrono_guardian_controller_pkg/lib/python3.12/site-packages'
[4.111s] Level 1:colcon.colcon_core.shell:create_environment_hook('chrono_guardian_controller_pkg', 'pythonpath')
[4.111s] INFO:colcon.colcon_core.shell:Creating environment hook '/home/laptop3/UoM/SoftwareForRobotics/coursework/coursework2/install/chrono_guardian_controller_pkg/share/chrono_guardian_controller_pkg/hook/pythonpath.ps1'
[4.112s] INFO:colcon.colcon_core.shell:Creating environment descriptor '/home/laptop3/UoM/SoftwareForRobotics/coursework/coursework2/install/chrono_guardian_controller_pkg/share/chrono_guardian_controller_pkg/hook/pythonpath.dsv'
[4.113s] INFO:colcon.colcon_core.shell:Creating environment hook '/home/laptop3/UoM/SoftwareForRobotics/coursework/coursework2/install/chrono_guardian_controller_pkg/share/chrono_guardian_controller_pkg/hook/pythonpath.sh'
[4.114s] Level 1:colcon.colcon_core.environment:checking '/home/laptop3/UoM/SoftwareForRobotics/coursework/coursework2/install/chrono_guardian_controller_pkg/bin'
[4.115s] Level 1:colcon.colcon_core.environment:create_environment_scripts_only(chrono_guardian_controller_pkg)
[4.115s] INFO:colcon.colcon_core.shell:Creating package script '/home/laptop3/UoM/SoftwareForRobotics/coursework/coursework2/install/chrono_guardian_controller_pkg/share/chrono_guardian_controller_pkg/package.ps1'
[4.116s] INFO:colcon.colcon_core.shell:Creating package descriptor '/home/laptop3/UoM/SoftwareForRobotics/coursework/coursework2/install/chrono_guardian_controller_pkg/share/chrono_guardian_controller_pkg/package.dsv'
[4.117s] INFO:colcon.colcon_core.shell:Creating package script '/home/laptop3/UoM/SoftwareForRobotics/coursework/coursework2/install/chrono_guardian_controller_pkg/share/chrono_guardian_controller_pkg/package.sh'
[4.118s] INFO:colcon.colcon_core.shell:Creating package script '/home/laptop3/UoM/SoftwareForRobotics/coursework/coursework2/install/chrono_guardian_controller_pkg/share/chrono_guardian_controller_pkg/package.bash'
[4.119s] INFO:colcon.colcon_core.shell:Creating package script '/home/laptop3/UoM/SoftwareForRobotics/coursework/coursework2/install/chrono_guardian_controller_pkg/share/chrono_guardian_controller_pkg/package.zsh'
[4.120s] Level 1:colcon.colcon_core.environment:create_file_with_runtime_dependencies(/home/laptop3/UoM/SoftwareForRobotics/coursework/coursework2/install/chrono_guardian_controller_pkg/share/colcon-core/packages/chrono_guardian_controller_pkg)
[4.120s] DEBUG:colcon.colcon_parallel_executor.executor.parallel:closing loop
[4.121s] DEBUG:colcon.colcon_parallel_executor.executor.parallel:loop closed
[4.121s] DEBUG:colcon.colcon_parallel_executor.executor.parallel:run_until_complete finished with '0'
[4.121s] DEBUG:colcon.colcon_core.event_reactor:joining thread
[4.133s] INFO:colcon.colcon_core.plugin_system:Skipping extension 'colcon_notification.desktop_notification.terminal_notifier': Not used on non-Darwin systems
[4.134s] INFO:colcon.colcon_core.plugin_system:Skipping extension 'colcon_notification.desktop_notification.win32': Not used on non-Windows systems
[4.134s] INFO:colcon.colcon_notification.desktop_notification:Sending desktop notification using 'notify2'
[4.161s] DEBUG:colcon.colcon_core.event_reactor:joined thread
[4.162s] INFO:colcon.colcon_core.shell:Creating prefix script '/home/laptop3/UoM/SoftwareForRobotics/coursework/coursework2/install/local_setup.ps1'
[4.164s] INFO:colcon.colcon_core.shell:Creating prefix util module '/home/laptop3/UoM/SoftwareForRobotics/coursework/coursework2/install/_local_setup_util_ps1.py'
[4.166s] INFO:colcon.colcon_core.shell:Creating prefix chain script '/home/laptop3/UoM/SoftwareForRobotics/coursework/coursework2/install/setup.ps1'
[4.169s] INFO:colcon.colcon_core.shell:Creating prefix script '/home/laptop3/UoM/SoftwareForRobotics/coursework/coursework2/install/local_setup.sh'
[4.170s] INFO:colcon.colcon_core.shell:Creating prefix util module '/home/laptop3/UoM/SoftwareForRobotics/coursework/coursework2/install/_local_setup_util_sh.py'
[4.172s] INFO:colcon.colcon_core.shell:Creating prefix chain script '/home/laptop3/UoM/SoftwareForRobotics/coursework/coursework2/install/setup.sh'
[4.175s] INFO:colcon.colcon_core.shell:Creating prefix script '/home/laptop3/UoM/SoftwareForRobotics/coursework/coursework2/install/local_setup.bash'
[4.176s] INFO:colcon.colcon_core.shell:Creating prefix chain script '/home/laptop3/UoM/SoftwareForRobotics/coursework/coursework2/install/setup.bash'
[4.177s] INFO:colcon.colcon_core.shell:Creating prefix script '/home/laptop3/UoM/SoftwareForRobotics/coursework/coursework2/install/local_setup.zsh'
[4.178s] INFO:colcon.colcon_core.shell:Creating prefix chain script '/home/laptop3/UoM/SoftwareForRobotics/coursework/coursework2/install/setup.zsh'
