[2.173s] Invoking command in '/home/laptop3/UoM/SoftwareForRobotics/coursework/coursework2/src/chrono_guardian_navigation_pkg': DEBUGINFOD_URLS=https://debuginfod.ubuntu.com PYTHONPATH=/home/laptop3/UoM/SoftwareForRobotics/coursework/coursework2/build/chrono_guardian_navigation_pkg/prefix_override:/usr/lib/python3/dist-packages/colcon_core/task/python/colcon_distutils_commands:/home/laptop3/UoM/SoftwareForRobotics/coursework/coursework2/install/chrono_guardian_navigation_pkg/lib/python3.12/site-packages:${PYTHONPATH} /usr/bin/python3 -W ignore:setup.py install is deprecated -W ignore:easy_install command is deprecated setup.py egg_info --egg-base ../../build/chrono_guardian_navigation_pkg build --build-base /home/laptop3/UoM/SoftwareForRobotics/coursework/coursework2/build/chrono_guardian_navigation_pkg/build install --record /home/laptop3/UoM/SoftwareForRobotics/coursework/coursework2/build/chrono_guardian_navigation_pkg/install.log --single-version-externally-managed install_data
[2.715s] running egg_info
[2.760s] writing ../../build/chrono_guardian_navigation_pkg/chrono_guardian_navigation_pkg.egg-info/PKG-INFO
[2.761s] writing dependency_links to ../../build/chrono_guardian_navigation_pkg/chrono_guardian_navigation_pkg.egg-info/dependency_links.txt
[2.761s] writing entry points to ../../build/chrono_guardian_navigation_pkg/chrono_guardian_navigation_pkg.egg-info/entry_points.txt
[2.761s] writing requirements to ../../build/chrono_guardian_navigation_pkg/chrono_guardian_navigation_pkg.egg-info/requires.txt
[2.762s] writing top-level names to ../../build/chrono_guardian_navigation_pkg/chrono_guardian_navigation_pkg.egg-info/top_level.txt
[2.850s] reading manifest file '../../build/chrono_guardian_navigation_pkg/chrono_guardian_navigation_pkg.egg-info/SOURCES.txt'
[2.851s] writing manifest file '../../build/chrono_guardian_navigation_pkg/chrono_guardian_navigation_pkg.egg-info/SOURCES.txt'
[2.852s] running build
[2.852s] running build_py
[2.852s] copying chrono_guardian_navigation_pkg/chrono_guardian_navigation_node.py -> /home/laptop3/UoM/SoftwareForRobotics/coursework/coursework2/build/chrono_guardian_navigation_pkg/build/lib/chrono_guardian_navigation_pkg
[2.852s] running install
[2.863s] running install_lib
[2.910s] copying /home/laptop3/UoM/SoftwareForRobotics/coursework/coursework2/build/chrono_guardian_navigation_pkg/build/lib/chrono_guardian_navigation_pkg/chrono_guardian_navigation_node.py -> /home/laptop3/UoM/SoftwareForRobotics/coursework/coursework2/install/chrono_guardian_navigation_pkg/lib/python3.12/site-packages/chrono_guardian_navigation_pkg
[2.911s] byte-compiling /home/laptop3/UoM/SoftwareForRobotics/coursework/coursework2/install/chrono_guardian_navigation_pkg/lib/python3.12/site-packages/chrono_guardian_navigation_pkg/chrono_guardian_navigation_node.py to chrono_guardian_navigation_node.cpython-312.pyc
[2.914s] running install_data
[2.914s] running install_egg_info
[2.963s] removing '/home/laptop3/UoM/SoftwareForRobotics/coursework/coursework2/install/chrono_guardian_navigation_pkg/lib/python3.12/site-packages/chrono_guardian_navigation_pkg-0.0.0-py3.12.egg-info' (and everything under it)
[2.964s] Copying ../../build/chrono_guardian_navigation_pkg/chrono_guardian_navigation_pkg.egg-info to /home/laptop3/UoM/SoftwareForRobotics/coursework/coursework2/install/chrono_guardian_navigation_pkg/lib/python3.12/site-packages/chrono_guardian_navigation_pkg-0.0.0-py3.12.egg-info
[2.965s] running install_scripts
[3.239s] Installing chrono_guardian_navigation_node script to /home/laptop3/UoM/SoftwareForRobotics/coursework/coursework2/install/chrono_guardian_navigation_pkg/lib/chrono_guardian_navigation_pkg
[3.239s] writing list of installed files to '/home/laptop3/UoM/SoftwareForRobotics/coursework/coursework2/build/chrono_guardian_navigation_pkg/install.log'
[3.291s] Invoked command in '/home/laptop3/UoM/SoftwareForRobotics/coursework/coursework2/src/chrono_guardian_navigation_pkg' returned '0': DEBUGINFOD_URLS=https://debuginfod.ubuntu.com PYTHONPATH=/home/laptop3/UoM/SoftwareForRobotics/coursework/coursework2/build/chrono_guardian_navigation_pkg/prefix_override:/usr/lib/python3/dist-packages/colcon_core/task/python/colcon_distutils_commands:/home/laptop3/UoM/SoftwareForRobotics/coursework/coursework2/install/chrono_guardian_navigation_pkg/lib/python3.12/site-packages:${PYTHONPATH} /usr/bin/python3 -W ignore:setup.py install is deprecated -W ignore:easy_install command is deprecated setup.py egg_info --egg-base ../../build/chrono_guardian_navigation_pkg build --build-base /home/laptop3/UoM/SoftwareForRobotics/coursework/coursework2/build/chrono_guardian_navigation_pkg/build install --record /home/laptop3/UoM/SoftwareForRobotics/coursework/coursework2/build/chrono_guardian_navigation_pkg/install.log --single-version-externally-managed install_data
