[4.419s] Invoking command in '/home/laptop3/UoM/SoftwareForRobotics/coursework/coursework2/src/chrono_guardian_controller_pkg': DEBUGINFOD_URLS=https://debuginfod.ubuntu.com PYTHONPATH=/home/laptop3/UoM/SoftwareForRobotics/coursework/coursework2/build/chrono_guardian_controller_pkg/prefix_override:/usr/lib/python3/dist-packages/colcon_core/task/python/colcon_distutils_commands:/home/laptop3/UoM/SoftwareForRobotics/coursework/coursework2/install/chrono_guardian_controller_pkg/lib/python3.12/site-packages:/home/laptop3/UoM/SoftwareForRobotics/coursework/coursework2/install/sfr_coursework2_interface_package/lib/python3.12/site-packages:/home/laptop3/UoM/SoftwareForRobotics/coursework/coursework2/install/chrono_guardian_controller_pkg/lib/python3.12/site-packages:/home/laptop3/UoM/SoftwareForRobotics/coursework/coursework2/install/chrono_guardian_navigation_pkg/lib/python3.12/site-packages:/home/laptop3/UoM/SoftwareForRobotics/coursework/coursework2/install/chrono_guardian_bridge_pkg/lib/python3.12/site-packages:/opt/ros/jazzy/lib/python3.12/site-packages /usr/bin/python3 -W ignore:setup.py install is deprecated -W ignore:easy_install command is deprecated setup.py egg_info --egg-base ../../build/chrono_guardian_controller_pkg build --build-base /home/laptop3/UoM/SoftwareForRobotics/coursework/coursework2/build/chrono_guardian_controller_pkg/build install --record /home/laptop3/UoM/SoftwareForRobotics/coursework/coursework2/build/chrono_guardian_controller_pkg/install.log --single-version-externally-managed install_data
[5.984s] running egg_info
[6.129s] writing ../../build/chrono_guardian_controller_pkg/chrono_guardian_controller_pkg.egg-info/PKG-INFO
[6.130s] writing dependency_links to ../../build/chrono_guardian_controller_pkg/chrono_guardian_controller_pkg.egg-info/dependency_links.txt
[6.131s] writing entry points to ../../build/chrono_guardian_controller_pkg/chrono_guardian_controller_pkg.egg-info/entry_points.txt
[6.132s] writing requirements to ../../build/chrono_guardian_controller_pkg/chrono_guardian_controller_pkg.egg-info/requires.txt
[6.134s] writing top-level names to ../../build/chrono_guardian_controller_pkg/chrono_guardian_controller_pkg.egg-info/top_level.txt
[6.408s] reading manifest file '../../build/chrono_guardian_controller_pkg/chrono_guardian_controller_pkg.egg-info/SOURCES.txt'
[6.418s] writing manifest file '../../build/chrono_guardian_controller_pkg/chrono_guardian_controller_pkg.egg-info/SOURCES.txt'
[6.419s] running build
[6.420s] running build_py
[6.420s] copying chrono_guardian_controller_pkg/chrono_guardian_controller_node.py -> /home/laptop3/UoM/SoftwareForRobotics/coursework/coursework2/build/chrono_guardian_controller_pkg/build/lib/chrono_guardian_controller_pkg
[6.422s] running install
[6.446s] running install_lib
[6.566s] copying /home/laptop3/UoM/SoftwareForRobotics/coursework/coursework2/build/chrono_guardian_controller_pkg/build/lib/chrono_guardian_controller_pkg/chrono_guardian_controller_node.py -> /home/laptop3/UoM/SoftwareForRobotics/coursework/coursework2/install/chrono_guardian_controller_pkg/lib/python3.12/site-packages/chrono_guardian_controller_pkg
[6.569s] byte-compiling /home/laptop3/UoM/SoftwareForRobotics/coursework/coursework2/install/chrono_guardian_controller_pkg/lib/python3.12/site-packages/chrono_guardian_controller_pkg/chrono_guardian_controller_node.py to chrono_guardian_controller_node.cpython-312.pyc
[6.581s] running install_data
[6.581s] running install_egg_info
[6.724s] removing '/home/laptop3/UoM/SoftwareForRobotics/coursework/coursework2/install/chrono_guardian_controller_pkg/lib/python3.12/site-packages/chrono_guardian_controller_pkg-0.0.0-py3.12.egg-info' (and everything under it)
[6.728s] Copying ../../build/chrono_guardian_controller_pkg/chrono_guardian_controller_pkg.egg-info to /home/laptop3/UoM/SoftwareForRobotics/coursework/coursework2/install/chrono_guardian_controller_pkg/lib/python3.12/site-packages/chrono_guardian_controller_pkg-0.0.0-py3.12.egg-info
[6.734s] running install_scripts
[7.567s] Installing chrono_guardian_controller_node script to /home/laptop3/UoM/SoftwareForRobotics/coursework/coursework2/install/chrono_guardian_controller_pkg/lib/chrono_guardian_controller_pkg
[7.567s] Installing dummy_action_client script to /home/laptop3/UoM/SoftwareForRobotics/coursework/coursework2/install/chrono_guardian_controller_pkg/lib/chrono_guardian_controller_pkg
[7.571s] writing list of installed files to '/home/laptop3/UoM/SoftwareForRobotics/coursework/coursework2/build/chrono_guardian_controller_pkg/install.log'
[7.777s] Invoked command in '/home/laptop3/UoM/SoftwareForRobotics/coursework/coursework2/src/chrono_guardian_controller_pkg' returned '0': DEBUGINFOD_URLS=https://debuginfod.ubuntu.com PYTHONPATH=/home/laptop3/UoM/SoftwareForRobotics/coursework/coursework2/build/chrono_guardian_controller_pkg/prefix_override:/usr/lib/python3/dist-packages/colcon_core/task/python/colcon_distutils_commands:/home/laptop3/UoM/SoftwareForRobotics/coursework/coursework2/install/chrono_guardian_controller_pkg/lib/python3.12/site-packages:/home/laptop3/UoM/SoftwareForRobotics/coursework/coursework2/install/sfr_coursework2_interface_package/lib/python3.12/site-packages:/home/laptop3/UoM/SoftwareForRobotics/coursework/coursework2/install/chrono_guardian_controller_pkg/lib/python3.12/site-packages:/home/laptop3/UoM/SoftwareForRobotics/coursework/coursework2/install/chrono_guardian_navigation_pkg/lib/python3.12/site-packages:/home/laptop3/UoM/SoftwareForRobotics/coursework/coursework2/install/chrono_guardian_bridge_pkg/lib/python3.12/site-packages:/opt/ros/jazzy/lib/python3.12/site-packages /usr/bin/python3 -W ignore:setup.py install is deprecated -W ignore:easy_install command is deprecated setup.py egg_info --egg-base ../../build/chrono_guardian_controller_pkg build --build-base /home/laptop3/UoM/SoftwareForRobotics/coursework/coursework2/build/chrono_guardian_controller_pkg/build install --record /home/laptop3/UoM/SoftwareForRobotics/coursework/coursework2/build/chrono_guardian_controller_pkg/install.log --single-version-externally-managed install_data
