[0.068s] Invoking command in '/home/laptop3/UoM/SoftwareForRobotics/coursework/coursework2/build/sfr_coursework2_interface_package': CMAKE_PREFIX_PATH=${CMAKE_PREFIX_PATH}:/home/laptop3/UoM/SoftwareForRobotics/coursework/coursework2/install/chrono_guardian_controller_pkg:/home/laptop3/UoM/SoftwareForRobotics/coursework/coursework2/install/chrono_guardian_bridge_pkg:/opt/ros/jazzy DEBUGINFOD_URLS=https://debuginfod.ubuntu.com /usr/bin/cmake --build /home/laptop3/UoM/SoftwareForRobotics/coursework/coursework2/build/sfr_coursework2_interface_package -- -j12 -l12
[0.290s] [  2%] Built target sfr_coursework2_interface_package__rosidl_generator_type_description
[0.317s] [  2%] Built target ament_cmake_python_copy_sfr_coursework2_interface_package
[0.370s] [  5%] Built target sfr_coursework2_interface_package__cpp
[0.377s] [ 20%] Built target sfr_coursework2_interface_package__rosidl_generator_c
[0.469s] [ 29%] Built target sfr_coursework2_interface_package__rosidl_typesupport_introspection_cpp
[0.470s] [ 38%] Built target sfr_coursework2_interface_package__rosidl_typesupport_introspection_c
[0.475s] [ 47%] Built target sfr_coursework2_interface_package__rosidl_typesupport_fastrtps_c
[0.478s] [ 55%] Built target sfr_coursework2_interface_package__rosidl_typesupport_cpp
[0.484s] [ 73%] Built target sfr_coursework2_interface_package__rosidl_typesupport_c
[0.485s] [ 73%] Built target sfr_coursework2_interface_package__rosidl_typesupport_fastrtps_cpp
[0.567s] [ 73%] Built target sfr_coursework2_interface_package
[0.633s] [ 76%] Built target sfr_coursework2_interface_package__py
[0.716s] [ 82%] Built target sfr_coursework2_interface_package__rosidl_generator_py
[0.793s] [ 88%] Built target sfr_coursework2_interface_package_s__rosidl_typesupport_introspection_c
[0.798s] [ 94%] Built target sfr_coursework2_interface_package_s__rosidl_typesupport_fastrtps_c
[0.800s] [100%] Built target sfr_coursework2_interface_package_s__rosidl_typesupport_c
[1.339s] running egg_info
[1.420s] writing sfr_coursework2_interface_package.egg-info/PKG-INFO
[1.421s] writing dependency_links to sfr_coursework2_interface_package.egg-info/dependency_links.txt
[1.421s] writing top-level names to sfr_coursework2_interface_package.egg-info/top_level.txt
[1.695s] reading manifest file 'sfr_coursework2_interface_package.egg-info/SOURCES.txt'
[1.697s] writing manifest file 'sfr_coursework2_interface_package.egg-info/SOURCES.txt'
[1.808s] [100%] Built target ament_cmake_python_build_sfr_coursework2_interface_package_egg
[1.841s] Invoked command in '/home/laptop3/UoM/SoftwareForRobotics/coursework/coursework2/build/sfr_coursework2_interface_package' returned '0': CMAKE_PREFIX_PATH=${CMAKE_PREFIX_PATH}:/home/laptop3/UoM/SoftwareForRobotics/coursework/coursework2/install/chrono_guardian_controller_pkg:/home/laptop3/UoM/SoftwareForRobotics/coursework/coursework2/install/chrono_guardian_bridge_pkg:/opt/ros/jazzy DEBUGINFOD_URLS=https://debuginfod.ubuntu.com /usr/bin/cmake --build /home/laptop3/UoM/SoftwareForRobotics/coursework/coursework2/build/sfr_coursework2_interface_package -- -j12 -l12
[1.875s] Invoking command in '/home/laptop3/UoM/SoftwareForRobotics/coursework/coursework2/build/sfr_coursework2_interface_package': CMAKE_PREFIX_PATH=${CMAKE_PREFIX_PATH}:/home/laptop3/UoM/SoftwareForRobotics/coursework/coursework2/install/chrono_guardian_controller_pkg:/home/laptop3/UoM/SoftwareForRobotics/coursework/coursework2/install/chrono_guardian_bridge_pkg:/opt/ros/jazzy DEBUGINFOD_URLS=https://debuginfod.ubuntu.com /usr/bin/cmake --install /home/laptop3/UoM/SoftwareForRobotics/coursework/coursework2/build/sfr_coursework2_interface_package
[1.905s] -- Install configuration: ""
[1.906s] -- Up-to-date: /home/laptop3/UoM/SoftwareForRobotics/coursework/coursework2/install/sfr_coursework2_interface_package/share/ament_index/resource_index/rosidl_interfaces/sfr_coursework2_interface_package
[1.906s] -- Up-to-date: /home/laptop3/UoM/SoftwareForRobotics/coursework/coursework2/install/sfr_coursework2_interface_package/share/sfr_coursework2_interface_package/action/DroneControl.json
[1.906s] -- Up-to-date: /home/laptop3/UoM/SoftwareForRobotics/coursework/coursework2/install/sfr_coursework2_interface_package/include/sfr_coursework2_interface_package/sfr_coursework2_interface_package
[1.906s] -- Up-to-date: /home/laptop3/UoM/SoftwareForRobotics/coursework/coursework2/install/sfr_coursework2_interface_package/include/sfr_coursework2_interface_package/sfr_coursework2_interface_package/action
[1.907s] -- Up-to-date: /home/laptop3/UoM/SoftwareForRobotics/coursework/coursework2/install/sfr_coursework2_interface_package/include/sfr_coursework2_interface_package/sfr_coursework2_interface_package/action/detail
[1.907s] -- Up-to-date: /home/laptop3/UoM/SoftwareForRobotics/coursework/coursework2/install/sfr_coursework2_interface_package/include/sfr_coursework2_interface_package/sfr_coursework2_interface_package/action/detail/drone_control__type_support.h
[1.907s] -- Up-to-date: /home/laptop3/UoM/SoftwareForRobotics/coursework/coursework2/install/sfr_coursework2_interface_package/include/sfr_coursework2_interface_package/sfr_coursework2_interface_package/action/detail/drone_control__struct.h
[1.907s] -- Up-to-date: /home/laptop3/UoM/SoftwareForRobotics/coursework/coursework2/install/sfr_coursework2_interface_package/include/sfr_coursework2_interface_package/sfr_coursework2_interface_package/action/detail/drone_control__functions.h
[1.907s] -- Up-to-date: /home/laptop3/UoM/SoftwareForRobotics/coursework/coursework2/install/sfr_coursework2_interface_package/include/sfr_coursework2_interface_package/sfr_coursework2_interface_package/action/detail/drone_control__functions.c
[1.908s] -- Up-to-date: /home/laptop3/UoM/SoftwareForRobotics/coursework/coursework2/install/sfr_coursework2_interface_package/include/sfr_coursework2_interface_package/sfr_coursework2_interface_package/action/detail/drone_control__type_support.c
[1.908s] -- Up-to-date: /home/laptop3/UoM/SoftwareForRobotics/coursework/coursework2/install/sfr_coursework2_interface_package/include/sfr_coursework2_interface_package/sfr_coursework2_interface_package/action/detail/drone_control__description.c
[1.908s] -- Up-to-date: /home/laptop3/UoM/SoftwareForRobotics/coursework/coursework2/install/sfr_coursework2_interface_package/include/sfr_coursework2_interface_package/sfr_coursework2_interface_package/action/drone_control.h
[1.909s] -- Up-to-date: /home/laptop3/UoM/SoftwareForRobotics/coursework/coursework2/install/sfr_coursework2_interface_package/include/sfr_coursework2_interface_package/sfr_coursework2_interface_package/msg
[1.910s] -- Up-to-date: /home/laptop3/UoM/SoftwareForRobotics/coursework/coursework2/install/sfr_coursework2_interface_package/include/sfr_coursework2_interface_package/sfr_coursework2_interface_package/msg/rosidl_generator_c__visibility_control.h
[1.910s] -- Up-to-date: /home/laptop3/UoM/SoftwareForRobotics/coursework/coursework2/install/sfr_coursework2_interface_package/share/sfr_coursework2_interface_package/environment/library_path.sh
[1.910s] -- Up-to-date: /home/laptop3/UoM/SoftwareForRobotics/coursework/coursework2/install/sfr_coursework2_interface_package/share/sfr_coursework2_interface_package/environment/library_path.dsv
[1.911s] -- Up-to-date: /home/laptop3/UoM/SoftwareForRobotics/coursework/coursework2/install/sfr_coursework2_interface_package/lib/libsfr_coursework2_interface_package__rosidl_generator_c.so
[1.912s] -- Up-to-date: /home/laptop3/UoM/SoftwareForRobotics/coursework/coursework2/install/sfr_coursework2_interface_package/include/sfr_coursework2_interface_package/sfr_coursework2_interface_package
[1.912s] -- Up-to-date: /home/laptop3/UoM/SoftwareForRobotics/coursework/coursework2/install/sfr_coursework2_interface_package/include/sfr_coursework2_interface_package/sfr_coursework2_interface_package/action
[1.913s] -- Up-to-date: /home/laptop3/UoM/SoftwareForRobotics/coursework/coursework2/install/sfr_coursework2_interface_package/include/sfr_coursework2_interface_package/sfr_coursework2_interface_package/action/detail
[1.914s] -- Up-to-date: /home/laptop3/UoM/SoftwareForRobotics/coursework/coursework2/install/sfr_coursework2_interface_package/include/sfr_coursework2_interface_package/sfr_coursework2_interface_package/action/detail/drone_control__rosidl_typesupport_fastrtps_c.h
[1.914s] -- Up-to-date: /home/laptop3/UoM/SoftwareForRobotics/coursework/coursework2/install/sfr_coursework2_interface_package/include/sfr_coursework2_interface_package/sfr_coursework2_interface_package/msg
[1.914s] -- Up-to-date: /home/laptop3/UoM/SoftwareForRobotics/coursework/coursework2/install/sfr_coursework2_interface_package/include/sfr_coursework2_interface_package/sfr_coursework2_interface_package/msg/rosidl_typesupport_fastrtps_c__visibility_control.h
[1.915s] -- Up-to-date: /home/laptop3/UoM/SoftwareForRobotics/coursework/coursework2/install/sfr_coursework2_interface_package/lib/libsfr_coursework2_interface_package__rosidl_typesupport_fastrtps_c.so
[1.915s] -- Up-to-date: /home/laptop3/UoM/SoftwareForRobotics/coursework/coursework2/install/sfr_coursework2_interface_package/include/sfr_coursework2_interface_package/sfr_coursework2_interface_package
[1.916s] -- Up-to-date: /home/laptop3/UoM/SoftwareForRobotics/coursework/coursework2/install/sfr_coursework2_interface_package/include/sfr_coursework2_interface_package/sfr_coursework2_interface_package/action
[1.916s] -- Up-to-date: /home/laptop3/UoM/SoftwareForRobotics/coursework/coursework2/install/sfr_coursework2_interface_package/include/sfr_coursework2_interface_package/sfr_coursework2_interface_package/action/detail
[1.917s] -- Up-to-date: /home/laptop3/UoM/SoftwareForRobotics/coursework/coursework2/install/sfr_coursework2_interface_package/include/sfr_coursework2_interface_package/sfr_coursework2_interface_package/action/detail/drone_control__struct.hpp
[1.917s] -- Up-to-date: /home/laptop3/UoM/SoftwareForRobotics/coursework/coursework2/install/sfr_coursework2_interface_package/include/sfr_coursework2_interface_package/sfr_coursework2_interface_package/action/detail/drone_control__traits.hpp
[1.918s] -- Up-to-date: /home/laptop3/UoM/SoftwareForRobotics/coursework/coursework2/install/sfr_coursework2_interface_package/include/sfr_coursework2_interface_package/sfr_coursework2_interface_package/action/detail/drone_control__builder.hpp
[1.919s] -- Up-to-date: /home/laptop3/UoM/SoftwareForRobotics/coursework/coursework2/install/sfr_coursework2_interface_package/include/sfr_coursework2_interface_package/sfr_coursework2_interface_package/action/detail/drone_control__type_support.hpp
[1.920s] -- Up-to-date: /home/laptop3/UoM/SoftwareForRobotics/coursework/coursework2/install/sfr_coursework2_interface_package/include/sfr_coursework2_interface_package/sfr_coursework2_interface_package/action/drone_control.hpp
[1.920s] -- Up-to-date: /home/laptop3/UoM/SoftwareForRobotics/coursework/coursework2/install/sfr_coursework2_interface_package/include/sfr_coursework2_interface_package/sfr_coursework2_interface_package/msg
[1.920s] -- Up-to-date: /home/laptop3/UoM/SoftwareForRobotics/coursework/coursework2/install/sfr_coursework2_interface_package/include/sfr_coursework2_interface_package/sfr_coursework2_interface_package/msg/rosidl_generator_cpp__visibility_control.hpp
[1.920s] -- Up-to-date: /home/laptop3/UoM/SoftwareForRobotics/coursework/coursework2/install/sfr_coursework2_interface_package/include/sfr_coursework2_interface_package/sfr_coursework2_interface_package
[1.920s] -- Up-to-date: /home/laptop3/UoM/SoftwareForRobotics/coursework/coursework2/install/sfr_coursework2_interface_package/include/sfr_coursework2_interface_package/sfr_coursework2_interface_package/action
[1.921s] -- Up-to-date: /home/laptop3/UoM/SoftwareForRobotics/coursework/coursework2/install/sfr_coursework2_interface_package/include/sfr_coursework2_interface_package/sfr_coursework2_interface_package/action/detail
[1.921s] -- Up-to-date: /home/laptop3/UoM/SoftwareForRobotics/coursework/coursework2/install/sfr_coursework2_interface_package/include/sfr_coursework2_interface_package/sfr_coursework2_interface_package/action/detail/drone_control__rosidl_typesupport_fastrtps_cpp.hpp
[1.921s] -- Up-to-date: /home/laptop3/UoM/SoftwareForRobotics/coursework/coursework2/install/sfr_coursework2_interface_package/include/sfr_coursework2_interface_package/sfr_coursework2_interface_package/action/detail/dds_fastrtps
[1.922s] -- Up-to-date: /home/laptop3/UoM/SoftwareForRobotics/coursework/coursework2/install/sfr_coursework2_interface_package/include/sfr_coursework2_interface_package/sfr_coursework2_interface_package/msg
[1.922s] -- Up-to-date: /home/laptop3/UoM/SoftwareForRobotics/coursework/coursework2/install/sfr_coursework2_interface_package/include/sfr_coursework2_interface_package/sfr_coursework2_interface_package/msg/rosidl_typesupport_fastrtps_cpp__visibility_control.h
[1.922s] -- Up-to-date: /home/laptop3/UoM/SoftwareForRobotics/coursework/coursework2/install/sfr_coursework2_interface_package/lib/libsfr_coursework2_interface_package__rosidl_typesupport_fastrtps_cpp.so
[1.922s] -- Up-to-date: /home/laptop3/UoM/SoftwareForRobotics/coursework/coursework2/install/sfr_coursework2_interface_package/include/sfr_coursework2_interface_package/sfr_coursework2_interface_package
[1.923s] -- Up-to-date: /home/laptop3/UoM/SoftwareForRobotics/coursework/coursework2/install/sfr_coursework2_interface_package/include/sfr_coursework2_interface_package/sfr_coursework2_interface_package/action
[1.923s] -- Up-to-date: /home/laptop3/UoM/SoftwareForRobotics/coursework/coursework2/install/sfr_coursework2_interface_package/include/sfr_coursework2_interface_package/sfr_coursework2_interface_package/action/detail
[1.923s] -- Up-to-date: /home/laptop3/UoM/SoftwareForRobotics/coursework/coursework2/install/sfr_coursework2_interface_package/include/sfr_coursework2_interface_package/sfr_coursework2_interface_package/action/detail/drone_control__rosidl_typesupport_introspection_c.h
[1.923s] -- Up-to-date: /home/laptop3/UoM/SoftwareForRobotics/coursework/coursework2/install/sfr_coursework2_interface_package/include/sfr_coursework2_interface_package/sfr_coursework2_interface_package/action/detail/drone_control__type_support.c
[1.924s] -- Up-to-date: /home/laptop3/UoM/SoftwareForRobotics/coursework/coursework2/install/sfr_coursework2_interface_package/include/sfr_coursework2_interface_package/sfr_coursework2_interface_package/msg
[1.924s] -- Up-to-date: /home/laptop3/UoM/SoftwareForRobotics/coursework/coursework2/install/sfr_coursework2_interface_package/include/sfr_coursework2_interface_package/sfr_coursework2_interface_package/msg/rosidl_typesupport_introspection_c__visibility_control.h
[1.924s] -- Up-to-date: /home/laptop3/UoM/SoftwareForRobotics/coursework/coursework2/install/sfr_coursework2_interface_package/lib/libsfr_coursework2_interface_package__rosidl_typesupport_introspection_c.so
[1.924s] -- Up-to-date: /home/laptop3/UoM/SoftwareForRobotics/coursework/coursework2/install/sfr_coursework2_interface_package/lib/libsfr_coursework2_interface_package__rosidl_typesupport_c.so
[1.925s] -- Up-to-date: /home/laptop3/UoM/SoftwareForRobotics/coursework/coursework2/install/sfr_coursework2_interface_package/include/sfr_coursework2_interface_package/sfr_coursework2_interface_package
[1.925s] -- Up-to-date: /home/laptop3/UoM/SoftwareForRobotics/coursework/coursework2/install/sfr_coursework2_interface_package/include/sfr_coursework2_interface_package/sfr_coursework2_interface_package/action
[1.925s] -- Up-to-date: /home/laptop3/UoM/SoftwareForRobotics/coursework/coursework2/install/sfr_coursework2_interface_package/include/sfr_coursework2_interface_package/sfr_coursework2_interface_package/action/detail
[1.925s] -- Up-to-date: /home/laptop3/UoM/SoftwareForRobotics/coursework/coursework2/install/sfr_coursework2_interface_package/include/sfr_coursework2_interface_package/sfr_coursework2_interface_package/action/detail/drone_control__type_support.cpp
[1.925s] -- Up-to-date: /home/laptop3/UoM/SoftwareForRobotics/coursework/coursework2/install/sfr_coursework2_interface_package/include/sfr_coursework2_interface_package/sfr_coursework2_interface_package/action/detail/drone_control__rosidl_typesupport_introspection_cpp.hpp
[1.926s] -- Up-to-date: /home/laptop3/UoM/SoftwareForRobotics/coursework/coursework2/install/sfr_coursework2_interface_package/lib/libsfr_coursework2_interface_package__rosidl_typesupport_introspection_cpp.so
[1.926s] -- Up-to-date: /home/laptop3/UoM/SoftwareForRobotics/coursework/coursework2/install/sfr_coursework2_interface_package/lib/libsfr_coursework2_interface_package__rosidl_typesupport_cpp.so
[1.926s] -- Up-to-date: /home/laptop3/UoM/SoftwareForRobotics/coursework/coursework2/install/sfr_coursework2_interface_package/share/sfr_coursework2_interface_package/environment/pythonpath.sh
[1.928s] -- Up-to-date: /home/laptop3/UoM/SoftwareForRobotics/coursework/coursework2/install/sfr_coursework2_interface_package/share/sfr_coursework2_interface_package/environment/pythonpath.dsv
[1.928s] -- Up-to-date: /home/laptop3/UoM/SoftwareForRobotics/coursework/coursework2/install/sfr_coursework2_interface_package/lib/python3.12/site-packages/sfr_coursework2_interface_package-0.0.0-py3.12.egg-info
[1.929s] -- Installing: /home/laptop3/UoM/SoftwareForRobotics/coursework/coursework2/install/sfr_coursework2_interface_package/lib/python3.12/site-packages/sfr_coursework2_interface_package-0.0.0-py3.12.egg-info/SOURCES.txt
[1.930s] -- Installing: /home/laptop3/UoM/SoftwareForRobotics/coursework/coursework2/install/sfr_coursework2_interface_package/lib/python3.12/site-packages/sfr_coursework2_interface_package-0.0.0-py3.12.egg-info/PKG-INFO
[1.930s] -- Installing: /home/laptop3/UoM/SoftwareForRobotics/coursework/coursework2/install/sfr_coursework2_interface_package/lib/python3.12/site-packages/sfr_coursework2_interface_package-0.0.0-py3.12.egg-info/dependency_links.txt
[1.931s] -- Installing: /home/laptop3/UoM/SoftwareForRobotics/coursework/coursework2/install/sfr_coursework2_interface_package/lib/python3.12/site-packages/sfr_coursework2_interface_package-0.0.0-py3.12.egg-info/top_level.txt
[1.931s] -- Up-to-date: /home/laptop3/UoM/SoftwareForRobotics/coursework/coursework2/install/sfr_coursework2_interface_package/lib/python3.12/site-packages/sfr_coursework2_interface_package
[1.932s] -- Up-to-date: /home/laptop3/UoM/SoftwareForRobotics/coursework/coursework2/install/sfr_coursework2_interface_package/lib/python3.12/site-packages/sfr_coursework2_interface_package/_sfr_coursework2_interface_package_s.ep.rosidl_typesupport_introspection_c.c
[1.932s] -- Up-to-date: /home/laptop3/UoM/SoftwareForRobotics/coursework/coursework2/install/sfr_coursework2_interface_package/lib/python3.12/site-packages/sfr_coursework2_interface_package/action
[1.932s] -- Up-to-date: /home/laptop3/UoM/SoftwareForRobotics/coursework/coursework2/install/sfr_coursework2_interface_package/lib/python3.12/site-packages/sfr_coursework2_interface_package/action/_drone_control.py
[1.932s] -- Up-to-date: /home/laptop3/UoM/SoftwareForRobotics/coursework/coursework2/install/sfr_coursework2_interface_package/lib/python3.12/site-packages/sfr_coursework2_interface_package/action/__init__.py
[1.932s] -- Up-to-date: /home/laptop3/UoM/SoftwareForRobotics/coursework/coursework2/install/sfr_coursework2_interface_package/lib/python3.12/site-packages/sfr_coursework2_interface_package/action/_drone_control_s.c
[1.933s] -- Up-to-date: /home/laptop3/UoM/SoftwareForRobotics/coursework/coursework2/install/sfr_coursework2_interface_package/lib/python3.12/site-packages/sfr_coursework2_interface_package/sfr_coursework2_interface_package_s__rosidl_typesupport_c.so
[1.933s] -- Up-to-date: /home/laptop3/UoM/SoftwareForRobotics/coursework/coursework2/install/sfr_coursework2_interface_package/lib/python3.12/site-packages/sfr_coursework2_interface_package/sfr_coursework2_interface_package_s__rosidl_typesupport_fastrtps_c.so
[1.933s] -- Up-to-date: /home/laptop3/UoM/SoftwareForRobotics/coursework/coursework2/install/sfr_coursework2_interface_package/lib/python3.12/site-packages/sfr_coursework2_interface_package/__init__.py
[1.933s] -- Up-to-date: /home/laptop3/UoM/SoftwareForRobotics/coursework/coursework2/install/sfr_coursework2_interface_package/lib/python3.12/site-packages/sfr_coursework2_interface_package/_sfr_coursework2_interface_package_s.ep.rosidl_typesupport_c.c
[1.934s] -- Up-to-date: /home/laptop3/UoM/SoftwareForRobotics/coursework/coursework2/install/sfr_coursework2_interface_package/lib/python3.12/site-packages/sfr_coursework2_interface_package/sfr_coursework2_interface_package_s__rosidl_typesupport_introspection_c.so
[1.934s] -- Up-to-date: /home/laptop3/UoM/SoftwareForRobotics/coursework/coursework2/install/sfr_coursework2_interface_package/lib/python3.12/site-packages/sfr_coursework2_interface_package/_sfr_coursework2_interface_package_s.ep.rosidl_typesupport_fastrtps_c.c
[2.053s] Listing '/home/laptop3/UoM/SoftwareForRobotics/coursework/coursework2/install/sfr_coursework2_interface_package/lib/python3.12/site-packages/sfr_coursework2_interface_package'...
[2.054s] Listing '/home/laptop3/UoM/SoftwareForRobotics/coursework/coursework2/install/sfr_coursework2_interface_package/lib/python3.12/site-packages/sfr_coursework2_interface_package/action'...
[2.073s] -- Up-to-date: /home/laptop3/UoM/SoftwareForRobotics/coursework/coursework2/install/sfr_coursework2_interface_package/lib/python3.12/site-packages/sfr_coursework2_interface_package/sfr_coursework2_interface_package_s__rosidl_typesupport_fastrtps_c.so
[2.074s] -- Up-to-date: /home/laptop3/UoM/SoftwareForRobotics/coursework/coursework2/install/sfr_coursework2_interface_package/lib/python3.12/site-packages/sfr_coursework2_interface_package/sfr_coursework2_interface_package_s__rosidl_typesupport_introspection_c.so
[2.075s] -- Up-to-date: /home/laptop3/UoM/SoftwareForRobotics/coursework/coursework2/install/sfr_coursework2_interface_package/lib/python3.12/site-packages/sfr_coursework2_interface_package/sfr_coursework2_interface_package_s__rosidl_typesupport_c.so
[2.075s] -- Up-to-date: /home/laptop3/UoM/SoftwareForRobotics/coursework/coursework2/install/sfr_coursework2_interface_package/lib/libsfr_coursework2_interface_package__rosidl_generator_py.so
[2.076s] -- Up-to-date: /home/laptop3/UoM/SoftwareForRobotics/coursework/coursework2/install/sfr_coursework2_interface_package/share/sfr_coursework2_interface_package/action/DroneControl.idl
[2.076s] -- Up-to-date: /home/laptop3/UoM/SoftwareForRobotics/coursework/coursework2/install/sfr_coursework2_interface_package/share/sfr_coursework2_interface_package/action/DroneControl.action
[2.076s] -- Up-to-date: /home/laptop3/UoM/SoftwareForRobotics/coursework/coursework2/install/sfr_coursework2_interface_package/share/ament_index/resource_index/package_run_dependencies/sfr_coursework2_interface_package
[2.076s] -- Up-to-date: /home/laptop3/UoM/SoftwareForRobotics/coursework/coursework2/install/sfr_coursework2_interface_package/share/ament_index/resource_index/parent_prefix_path/sfr_coursework2_interface_package
[2.077s] -- Up-to-date: /home/laptop3/UoM/SoftwareForRobotics/coursework/coursework2/install/sfr_coursework2_interface_package/share/sfr_coursework2_interface_package/environment/ament_prefix_path.sh
[2.078s] -- Up-to-date: /home/laptop3/UoM/SoftwareForRobotics/coursework/coursework2/install/sfr_coursework2_interface_package/share/sfr_coursework2_interface_package/environment/ament_prefix_path.dsv
[2.078s] -- Up-to-date: /home/laptop3/UoM/SoftwareForRobotics/coursework/coursework2/install/sfr_coursework2_interface_package/share/sfr_coursework2_interface_package/environment/path.sh
[2.079s] -- Up-to-date: /home/laptop3/UoM/SoftwareForRobotics/coursework/coursework2/install/sfr_coursework2_interface_package/share/sfr_coursework2_interface_package/environment/path.dsv
[2.079s] -- Up-to-date: /home/laptop3/UoM/SoftwareForRobotics/coursework/coursework2/install/sfr_coursework2_interface_package/share/sfr_coursework2_interface_package/local_setup.bash
[2.080s] -- Up-to-date: /home/laptop3/UoM/SoftwareForRobotics/coursework/coursework2/install/sfr_coursework2_interface_package/share/sfr_coursework2_interface_package/local_setup.sh
[2.080s] -- Up-to-date: /home/laptop3/UoM/SoftwareForRobotics/coursework/coursework2/install/sfr_coursework2_interface_package/share/sfr_coursework2_interface_package/local_setup.zsh
[2.081s] -- Up-to-date: /home/laptop3/UoM/SoftwareForRobotics/coursework/coursework2/install/sfr_coursework2_interface_package/share/sfr_coursework2_interface_package/local_setup.dsv
[2.082s] -- Installing: /home/laptop3/UoM/SoftwareForRobotics/coursework/coursework2/install/sfr_coursework2_interface_package/share/sfr_coursework2_interface_package/package.dsv
[2.083s] -- Up-to-date: /home/laptop3/UoM/SoftwareForRobotics/coursework/coursework2/install/sfr_coursework2_interface_package/share/ament_index/resource_index/packages/sfr_coursework2_interface_package
[2.084s] -- Up-to-date: /home/laptop3/UoM/SoftwareForRobotics/coursework/coursework2/install/sfr_coursework2_interface_package/share/sfr_coursework2_interface_package/cmake/export_sfr_coursework2_interface_package__rosidl_generator_cExport.cmake
[2.085s] -- Up-to-date: /home/laptop3/UoM/SoftwareForRobotics/coursework/coursework2/install/sfr_coursework2_interface_package/share/sfr_coursework2_interface_package/cmake/export_sfr_coursework2_interface_package__rosidl_generator_cExport-noconfig.cmake
[2.085s] -- Up-to-date: /home/laptop3/UoM/SoftwareForRobotics/coursework/coursework2/install/sfr_coursework2_interface_package/share/sfr_coursework2_interface_package/cmake/export_sfr_coursework2_interface_package__rosidl_typesupport_fastrtps_cExport.cmake
[2.086s] -- Up-to-date: /home/laptop3/UoM/SoftwareForRobotics/coursework/coursework2/install/sfr_coursework2_interface_package/share/sfr_coursework2_interface_package/cmake/export_sfr_coursework2_interface_package__rosidl_typesupport_fastrtps_cExport-noconfig.cmake
[2.087s] -- Up-to-date: /home/laptop3/UoM/SoftwareForRobotics/coursework/coursework2/install/sfr_coursework2_interface_package/share/sfr_coursework2_interface_package/cmake/export_sfr_coursework2_interface_package__rosidl_generator_cppExport.cmake
[2.087s] -- Up-to-date: /home/laptop3/UoM/SoftwareForRobotics/coursework/coursework2/install/sfr_coursework2_interface_package/share/sfr_coursework2_interface_package/cmake/export_sfr_coursework2_interface_package__rosidl_typesupport_fastrtps_cppExport.cmake
[2.087s] -- Up-to-date: /home/laptop3/UoM/SoftwareForRobotics/coursework/coursework2/install/sfr_coursework2_interface_package/share/sfr_coursework2_interface_package/cmake/export_sfr_coursework2_interface_package__rosidl_typesupport_fastrtps_cppExport-noconfig.cmake
[2.087s] -- Up-to-date: /home/laptop3/UoM/SoftwareForRobotics/coursework/coursework2/install/sfr_coursework2_interface_package/share/sfr_coursework2_interface_package/cmake/sfr_coursework2_interface_package__rosidl_typesupport_introspection_cExport.cmake
[2.088s] -- Up-to-date: /home/laptop3/UoM/SoftwareForRobotics/coursework/coursework2/install/sfr_coursework2_interface_package/share/sfr_coursework2_interface_package/cmake/sfr_coursework2_interface_package__rosidl_typesupport_introspection_cExport-noconfig.cmake
[2.088s] -- Up-to-date: /home/laptop3/UoM/SoftwareForRobotics/coursework/coursework2/install/sfr_coursework2_interface_package/share/sfr_coursework2_interface_package/cmake/sfr_coursework2_interface_package__rosidl_typesupport_cExport.cmake
[2.088s] -- Up-to-date: /home/laptop3/UoM/SoftwareForRobotics/coursework/coursework2/install/sfr_coursework2_interface_package/share/sfr_coursework2_interface_package/cmake/sfr_coursework2_interface_package__rosidl_typesupport_cExport-noconfig.cmake
[2.088s] -- Up-to-date: /home/laptop3/UoM/SoftwareForRobotics/coursework/coursework2/install/sfr_coursework2_interface_package/share/sfr_coursework2_interface_package/cmake/sfr_coursework2_interface_package__rosidl_typesupport_introspection_cppExport.cmake
[2.088s] -- Up-to-date: /home/laptop3/UoM/SoftwareForRobotics/coursework/coursework2/install/sfr_coursework2_interface_package/share/sfr_coursework2_interface_package/cmake/sfr_coursework2_interface_package__rosidl_typesupport_introspection_cppExport-noconfig.cmake
[2.089s] -- Up-to-date: /home/laptop3/UoM/SoftwareForRobotics/coursework/coursework2/install/sfr_coursework2_interface_package/share/sfr_coursework2_interface_package/cmake/sfr_coursework2_interface_package__rosidl_typesupport_cppExport.cmake
[2.089s] -- Up-to-date: /home/laptop3/UoM/SoftwareForRobotics/coursework/coursework2/install/sfr_coursework2_interface_package/share/sfr_coursework2_interface_package/cmake/sfr_coursework2_interface_package__rosidl_typesupport_cppExport-noconfig.cmake
[2.089s] -- Up-to-date: /home/laptop3/UoM/SoftwareForRobotics/coursework/coursework2/install/sfr_coursework2_interface_package/share/sfr_coursework2_interface_package/cmake/export_sfr_coursework2_interface_package__rosidl_generator_pyExport.cmake
[2.089s] -- Up-to-date: /home/laptop3/UoM/SoftwareForRobotics/coursework/coursework2/install/sfr_coursework2_interface_package/share/sfr_coursework2_interface_package/cmake/export_sfr_coursework2_interface_package__rosidl_generator_pyExport-noconfig.cmake
[2.090s] -- Up-to-date: /home/laptop3/UoM/SoftwareForRobotics/coursework/coursework2/install/sfr_coursework2_interface_package/share/sfr_coursework2_interface_package/cmake/rosidl_cmake-extras.cmake
[2.090s] -- Up-to-date: /home/laptop3/UoM/SoftwareForRobotics/coursework/coursework2/install/sfr_coursework2_interface_package/share/sfr_coursework2_interface_package/cmake/ament_cmake_export_dependencies-extras.cmake
[2.090s] -- Up-to-date: /home/laptop3/UoM/SoftwareForRobotics/coursework/coursework2/install/sfr_coursework2_interface_package/share/sfr_coursework2_interface_package/cmake/ament_cmake_export_include_directories-extras.cmake
[2.090s] -- Up-to-date: /home/laptop3/UoM/SoftwareForRobotics/coursework/coursework2/install/sfr_coursework2_interface_package/share/sfr_coursework2_interface_package/cmake/ament_cmake_export_libraries-extras.cmake
[2.091s] -- Up-to-date: /home/laptop3/UoM/SoftwareForRobotics/coursework/coursework2/install/sfr_coursework2_interface_package/share/sfr_coursework2_interface_package/cmake/ament_cmake_export_targets-extras.cmake
[2.091s] -- Up-to-date: /home/laptop3/UoM/SoftwareForRobotics/coursework/coursework2/install/sfr_coursework2_interface_package/share/sfr_coursework2_interface_package/cmake/rosidl_cmake_export_typesupport_targets-extras.cmake
[2.091s] -- Up-to-date: /home/laptop3/UoM/SoftwareForRobotics/coursework/coursework2/install/sfr_coursework2_interface_package/share/sfr_coursework2_interface_package/cmake/rosidl_cmake_export_typesupport_libraries-extras.cmake
[2.092s] -- Up-to-date: /home/laptop3/UoM/SoftwareForRobotics/coursework/coursework2/install/sfr_coursework2_interface_package/share/sfr_coursework2_interface_package/cmake/sfr_coursework2_interface_packageConfig.cmake
[2.093s] -- Up-to-date: /home/laptop3/UoM/SoftwareForRobotics/coursework/coursework2/install/sfr_coursework2_interface_package/share/sfr_coursework2_interface_package/cmake/sfr_coursework2_interface_packageConfig-version.cmake
[2.094s] -- Up-to-date: /home/laptop3/UoM/SoftwareForRobotics/coursework/coursework2/install/sfr_coursework2_interface_package/share/sfr_coursework2_interface_package/package.xml
[2.098s] Invoked command in '/home/laptop3/UoM/SoftwareForRobotics/coursework/coursework2/build/sfr_coursework2_interface_package' returned '0': CMAKE_PREFIX_PATH=${CMAKE_PREFIX_PATH}:/home/laptop3/UoM/SoftwareForRobotics/coursework/coursework2/install/chrono_guardian_controller_pkg:/home/laptop3/UoM/SoftwareForRobotics/coursework/coursework2/install/chrono_guardian_bridge_pkg:/opt/ros/jazzy DEBUGINFOD_URLS=https://debuginfod.ubuntu.com /usr/bin/cmake --install /home/laptop3/UoM/SoftwareForRobotics/coursework/coursework2/build/sfr_coursework2_interface_package
